[0.060s] Invoking command in '/home/lijiaqian/prak_ws/build/panda_description': CMAKE_PREFIX_PATH=${CMAKE_PREFIX_PATH}:/opt/ros/foxy /usr/bin/cmake --build /home/lijiaqian/prak_ws/build/panda_description -- -j3 -l3
[0.377s] Invoked command in '/home/lijiaqian/prak_ws/build/panda_description' returned '0': CMAKE_PREFIX_PATH=${CMAKE_PREFIX_PATH}:/opt/ros/foxy /usr/bin/cmake --build /home/lijiaqian/prak_ws/build/panda_description -- -j3 -l3
[0.584s] Invoking command in '/home/lijiaqian/prak_ws/build/panda_description': CMAKE_PREFIX_PATH=${CMAKE_PREFIX_PATH}:/opt/ros/foxy /usr/bin/cmake --install /home/lijiaqian/prak_ws/build/panda_description
[0.604s] -- Install configuration: ""
[0.604s] -- Up-to-date: /home/lijiaqian/prak_ws/install/panda_description/share/ament_index/resource_index/package_run_dependencies/panda_description
[0.604s] -- Up-to-date: /home/lijiaqian/prak_ws/install/panda_description/share/ament_index/resource_index/parent_prefix_path/panda_description
[0.607s] -- Up-to-date: /home/lijiaqian/prak_ws/install/panda_description/share/panda_description/environment/ament_prefix_path.sh
[0.607s] -- Up-to-date: /home/lijiaqian/prak_ws/install/panda_description/share/panda_description/environment/ament_prefix_path.dsv
[0.607s] -- Up-to-date: /home/lijiaqian/prak_ws/install/panda_description/share/panda_description/environment/path.sh
[0.607s] -- Up-to-date: /home/lijiaqian/prak_ws/install/panda_description/share/panda_description/environment/path.dsv
[0.608s] -- Up-to-date: /home/lijiaqian/prak_ws/install/panda_description/share/panda_description/local_setup.bash
[0.608s] -- Up-to-date: /home/lijiaqian/prak_ws/install/panda_description/share/panda_description/local_setup.sh
[0.608s] -- Up-to-date: /home/lijiaqian/prak_ws/install/panda_description/share/panda_description/local_setup.zsh
[0.609s] -- Up-to-date: /home/lijiaqian/prak_ws/install/panda_description/share/panda_description/local_setup.dsv
[0.609s] -- Installing: /home/lijiaqian/prak_ws/install/panda_description/share/panda_description/package.dsv
[0.610s] -- Up-to-date: /home/lijiaqian/prak_ws/install/panda_description/share/ament_index/resource_index/packages/panda_description
[0.610s] -- Up-to-date: /home/lijiaqian/prak_ws/install/panda_description/share/panda_description/cmake/panda_descriptionConfig.cmake
[0.610s] -- Up-to-date: /home/lijiaqian/prak_ws/install/panda_description/share/panda_description/cmake/panda_descriptionConfig-version.cmake
[0.611s] -- Up-to-date: /home/lijiaqian/prak_ws/install/panda_description/share/panda_description/package.xml
[0.611s] -- Up-to-date: /home/lijiaqian/prak_ws/install/panda_description/share/panda_description/meshes
[0.611s] -- Up-to-date: /home/lijiaqian/prak_ws/install/panda_description/share/panda_description/meshes/collision
[0.619s] -- Up-to-date: /home/lijiaqian/prak_ws/install/panda_description/share/panda_description/meshes/collision/link6.stl
[0.619s] -- Up-to-date: /home/lijiaqian/prak_ws/install/panda_description/share/panda_description/meshes/collision/link4.stl
[0.619s] -- Up-to-date: /home/lijiaqian/prak_ws/install/panda_description/share/panda_description/meshes/collision/link0.stl
[0.619s] -- Up-to-date: /home/lijiaqian/prak_ws/install/panda_description/share/panda_description/meshes/collision/link5.stl
[0.620s] -- Up-to-date: /home/lijiaqian/prak_ws/install/panda_description/share/panda_description/meshes/collision/hand.stl
[0.620s] -- Up-to-date: /home/lijiaqian/prak_ws/install/panda_description/share/panda_description/meshes/collision/link3.stl
[0.620s] -- Up-to-date: /home/lijiaqian/prak_ws/install/panda_description/share/panda_description/meshes/collision/link7.stl
[0.620s] -- Up-to-date: /home/lijiaqian/prak_ws/install/panda_description/share/panda_description/meshes/collision/finger.stl
[0.620s] -- Up-to-date: /home/lijiaqian/prak_ws/install/panda_description/share/panda_description/meshes/collision/link1.stl
[0.620s] -- Up-to-date: /home/lijiaqian/prak_ws/install/panda_description/share/panda_description/meshes/collision/link2.stl
[0.620s] -- Up-to-date: /home/lijiaqian/prak_ws/install/panda_description/share/panda_description/meshes/visual
[0.620s] -- Up-to-date: /home/lijiaqian/prak_ws/install/panda_description/share/panda_description/meshes/visual/link7.dae
[0.620s] -- Up-to-date: /home/lijiaqian/prak_ws/install/panda_description/share/panda_description/meshes/visual/link0.dae
[0.621s] -- Up-to-date: /home/lijiaqian/prak_ws/install/panda_description/share/panda_description/meshes/visual/hand.dae
[0.621s] -- Up-to-date: /home/lijiaqian/prak_ws/install/panda_description/share/panda_description/meshes/visual/link6.dae
[0.621s] -- Up-to-date: /home/lijiaqian/prak_ws/install/panda_description/share/panda_description/meshes/visual/finger.dae
[0.621s] -- Up-to-date: /home/lijiaqian/prak_ws/install/panda_description/share/panda_description/meshes/visual/link4.dae
[0.621s] -- Up-to-date: /home/lijiaqian/prak_ws/install/panda_description/share/panda_description/meshes/visual/link2.dae
[0.621s] -- Up-to-date: /home/lijiaqian/prak_ws/install/panda_description/share/panda_description/meshes/visual/link1.dae
[0.622s] -- Up-to-date: /home/lijiaqian/prak_ws/install/panda_description/share/panda_description/meshes/visual/link5.dae
[0.625s] -- Up-to-date: /home/lijiaqian/prak_ws/install/panda_description/share/panda_description/meshes/visual/link3.dae
[0.625s] -- Up-to-date: /home/lijiaqian/prak_ws/install/panda_description/share/panda_description/urdf
[0.626s] -- Up-to-date: /home/lijiaqian/prak_ws/install/panda_description/share/panda_description/urdf/panda.urdf
[0.626s] -- Up-to-date: /home/lijiaqian/prak_ws/install/panda_description/share/panda_description/urdf/panda_change_limits.urdf
[0.626s] -- Up-to-date: /home/lijiaqian/prak_ws/install/panda_description/share/panda_description/urdf/hera.urdf
[0.626s] -- Up-to-date: /home/lijiaqian/prak_ws/install/panda_description/share/panda_description/urdf/panda.srdf
[0.626s] -- Up-to-date: /home/lijiaqian/prak_ws/install/panda_description/share/panda_description/urdf2
[0.643s] -- Up-to-date: /home/lijiaqian/prak_ws/install/panda_description/share/panda_description/urdf2/hera_main.urdf.xacro
[0.643s] -- Up-to-date: /home/lijiaqian/prak_ws/install/panda_description/share/panda_description/urdf2/panda_tools
[0.643s] -- Up-to-date: /home/lijiaqian/prak_ws/install/panda_description/share/panda_description/urdf2/panda_tools/physical_milc
[0.643s] -- Up-to-date: /home/lijiaqian/prak_ws/install/panda_description/share/panda_description/urdf2/panda_tools/physical_milc/physical_milc.xacro
[0.644s] -- Up-to-date: /home/lijiaqian/prak_ws/install/panda_description/share/panda_description/urdf2/panda_tools/physical_milc/physical_milc.gazebo.xacro
[0.644s] -- Up-to-date: /home/lijiaqian/prak_ws/install/panda_description/share/panda_description/urdf2/panda_tools/physical_milc/physical_milc.transmission.xacro
[0.644s] -- Up-to-date: /home/lijiaqian/prak_ws/install/panda_description/share/panda_description/urdf2/panda_tools/milc
[0.645s] -- Up-to-date: /home/lijiaqian/prak_ws/install/panda_description/share/panda_description/urdf2/panda_tools/milc/milc.gazebo.xacro
[0.645s] -- Up-to-date: /home/lijiaqian/prak_ws/install/panda_description/share/panda_description/urdf2/panda_tools/milc/milc.transmission.xacro
[0.645s] -- Up-to-date: /home/lijiaqian/prak_ws/install/panda_description/share/panda_description/urdf2/panda_tools/milc/milc.xacro
[0.645s] -- Up-to-date: /home/lijiaqian/prak_ws/install/panda_description/share/panda_description/urdf2/panda_tools/panda_tool.xacro
[0.645s] -- Up-to-date: /home/lijiaqian/prak_ws/install/panda_description/share/panda_description/urdf2/hera.gazebo.xacro
[0.645s] -- Up-to-date: /home/lijiaqian/prak_ws/install/panda_description/share/panda_description/urdf2/hera_virtual.xacro
[0.646s] -- Up-to-date: /home/lijiaqian/prak_ws/install/panda_description/share/panda_description/urdf2/laparoscope
[0.646s] -- Up-to-date: /home/lijiaqian/prak_ws/install/panda_description/share/panda_description/urdf2/laparoscope/laparoscope.xacro
[0.646s] -- Up-to-date: /home/lijiaqian/prak_ws/install/panda_description/share/panda_description/urdf2/laparoscope/laparoscope.gazebo.xacro
[0.646s] -- Up-to-date: /home/lijiaqian/prak_ws/install/panda_description/share/panda_description/urdf2/laparoscope/laparoscope.transmission.xacro
[0.646s] -- Up-to-date: /home/lijiaqian/prak_ws/install/panda_description/share/panda_description/urdf2/hera_operating_theatre.xacro
[0.647s] -- Up-to-date: /home/lijiaqian/prak_ws/install/panda_description/share/panda_description/urdf2/open_help_phantom
[0.651s] -- Up-to-date: /home/lijiaqian/prak_ws/install/panda_description/share/panda_description/urdf2/open_help_phantom/open_help_phantom.gazebo.xacro
[0.652s] -- Up-to-date: /home/lijiaqian/prak_ws/install/panda_description/share/panda_description/urdf2/open_help_phantom/open_help_phantom.xacro
[0.652s] -- Up-to-date: /home/lijiaqian/prak_ws/install/panda_description/share/panda_description/urdf2/pig_phantom
[0.652s] -- Up-to-date: /home/lijiaqian/prak_ws/install/panda_description/share/panda_description/urdf2/pig_phantom/pig_phantom.xacro
[0.652s] -- Up-to-date: /home/lijiaqian/prak_ws/install/panda_description/share/panda_description/urdf2/pig_phantom/pig_phantom.gazebo.xacro
[0.652s] -- Up-to-date: /home/lijiaqian/prak_ws/install/panda_description/share/panda_description/urdf2/or_table
[0.652s] -- Up-to-date: /home/lijiaqian/prak_ws/install/panda_description/share/panda_description/urdf2/or_table/or_table.xacro
[0.652s] -- Up-to-date: /home/lijiaqian/prak_ws/install/panda_description/share/panda_description/urdf2/or_table/or_table.gazebo.xacro
[0.652s] -- Up-to-date: /home/lijiaqian/prak_ws/install/panda_description/share/panda_description/urdf2/panda
[0.652s] -- Up-to-date: /home/lijiaqian/prak_ws/install/panda_description/share/panda_description/urdf2/panda/panda.transmission.xacro
[0.652s] -- Up-to-date: /home/lijiaqian/prak_ws/install/panda_description/share/panda_description/urdf2/panda/panda.xacro
[0.652s] -- Up-to-date: /home/lijiaqian/prak_ws/install/panda_description/share/panda_description/urdf2/panda/panda.gazebo.xacro
[0.653s] -- Up-to-date: /home/lijiaqian/prak_ws/install/panda_description/share/panda_description/urdf2/panda/panda.srdf
[0.653s] -- Up-to-date: /home/lijiaqian/prak_ws/install/panda_description/share/panda_description/config
[0.653s] -- Up-to-date: /home/lijiaqian/prak_ws/install/panda_description/share/panda_description/config/panda_zeros.yaml
[0.653s] -- Up-to-date: /home/lijiaqian/prak_ws/install/panda_description/share/panda_description/config/panda_limits.yaml
[0.658s] -- Up-to-date: /home/lijiaqian/prak_ws/install/panda_description/share/panda_description/config/kinematics.yaml
[0.658s] Invoked command in '/home/lijiaqian/prak_ws/build/panda_description' returned '0': CMAKE_PREFIX_PATH=${CMAKE_PREFIX_PATH}:/opt/ros/foxy /usr/bin/cmake --install /home/lijiaqian/prak_ws/build/panda_description
