[0.226s] DEBUG:colcon:Command line arguments: ['/usr/bin/colcon', 'build']
[0.226s] DEBUG:colcon:Parsed command line arguments: Namespace(ament_cmake_args=None, base_paths=['.'], build_base='build', catkin_cmake_args=None, catkin_skip_building_tests=False, cmake_args=None, cmake_clean_cache=False, cmake_clean_first=False, cmake_force_configure=False, cmake_target=None, cmake_target_skip_unavailable=False, continue_on_error=False, event_handlers=None, executor='parallel', ignore_user_meta=False, install_base='install', log_base=None, log_level=None, main=<bound method BuildVerb.main of <colcon_core.verb.build.BuildVerb object at 0x7f797fc140a0>>, merge_install=False, metas=['./colcon.meta'], packages_above=None, packages_above_and_dependencies=None, packages_above_depth=None, packages_end=None, packages_ignore=None, packages_ignore_regex=None, packages_select=None, packages_select_build_failed=False, packages_select_by_dep=None, packages_select_regex=None, packages_select_test_failures=False, packages_skip=None, packages_skip_build_finished=False, packages_skip_by_dep=None, packages_skip_regex=None, packages_skip_test_passed=False, packages_skip_up_to=None, packages_start=None, packages_up_to=None, packages_up_to_regex=None, parallel_workers=3, paths=None, symlink_install=False, test_result_base=None, verb_extension=<colcon_core.verb.build.BuildVerb object at 0x7f797fc140a0>, verb_name='build', verb_parser=<colcon_defaults.argument_parser.defaults.DefaultArgumentsDecorator object at 0x7f797fc145e0>)
[0.234s] Level 1:colcon.colcon_core.package_discovery:discover_packages(colcon_meta) check parameters
[0.235s] Level 1:colcon.colcon_core.package_discovery:discover_packages(recursive) check parameters
[0.235s] Level 1:colcon.colcon_core.package_discovery:discover_packages(ignore) check parameters
[0.235s] Level 1:colcon.colcon_core.package_discovery:discover_packages(path) check parameters
[0.235s] Level 1:colcon.colcon_core.package_discovery:discover_packages(colcon_meta) discover
[0.235s] Level 1:colcon.colcon_core.package_discovery:discover_packages(recursive) discover
[0.235s] INFO:colcon.colcon_core.package_discovery:Crawling recursively for packages in '/home/lijiaqian/prak_ws'
[0.235s] Level 1:colcon.colcon_core.package_identification:_identify(.) by extensions ['ignore', 'ignore_ament_install']
[0.235s] Level 1:colcon.colcon_core.package_identification:_identify(.) by extension 'ignore'
[0.235s] Level 1:colcon.colcon_core.package_identification:_identify(.) by extension 'ignore_ament_install'
[0.235s] Level 1:colcon.colcon_core.package_identification:_identify(.) by extensions ['colcon_pkg']
[0.235s] Level 1:colcon.colcon_core.package_identification:_identify(.) by extension 'colcon_pkg'
[0.235s] Level 1:colcon.colcon_core.package_identification:_identify(.) by extensions ['colcon_meta']
[0.236s] Level 1:colcon.colcon_core.package_identification:_identify(.) by extension 'colcon_meta'
[0.236s] Level 1:colcon.colcon_core.package_identification:_identify(.) by extensions ['ros']
[0.236s] Level 1:colcon.colcon_core.package_identification:_identify(.) by extension 'ros'
[0.250s] Level 1:colcon.colcon_core.package_identification:_identify(.) by extensions ['cmake', 'python']
[0.250s] Level 1:colcon.colcon_core.package_identification:_identify(.) by extension 'cmake'
[0.250s] Level 1:colcon.colcon_core.package_identification:_identify(.) by extension 'python'
[0.250s] Level 1:colcon.colcon_core.package_identification:_identify(.) by extensions ['python_setup_py']
[0.250s] Level 1:colcon.colcon_core.package_identification:_identify(.) by extension 'python_setup_py'
[0.251s] Level 1:colcon.colcon_core.package_identification:_identify(build) by extensions ['ignore', 'ignore_ament_install']
[0.251s] Level 1:colcon.colcon_core.package_identification:_identify(build) by extension 'ignore'
[0.251s] Level 1:colcon.colcon_core.package_identification:_identify(build) ignored
[0.251s] Level 1:colcon.colcon_core.package_identification:_identify(install) by extensions ['ignore', 'ignore_ament_install']
[0.251s] Level 1:colcon.colcon_core.package_identification:_identify(install) by extension 'ignore'
[0.252s] Level 1:colcon.colcon_core.package_identification:_identify(install) ignored
[0.252s] Level 1:colcon.colcon_core.package_identification:_identify(log) by extensions ['ignore', 'ignore_ament_install']
[0.252s] Level 1:colcon.colcon_core.package_identification:_identify(log) by extension 'ignore'
[0.252s] Level 1:colcon.colcon_core.package_identification:_identify(log) ignored
[0.252s] Level 1:colcon.colcon_core.package_identification:_identify(src) by extensions ['ignore', 'ignore_ament_install']
[0.252s] Level 1:colcon.colcon_core.package_identification:_identify(src) by extension 'ignore'
[0.252s] Level 1:colcon.colcon_core.package_identification:_identify(src) by extension 'ignore_ament_install'
[0.253s] Level 1:colcon.colcon_core.package_identification:_identify(src) by extensions ['colcon_pkg']
[0.253s] Level 1:colcon.colcon_core.package_identification:_identify(src) by extension 'colcon_pkg'
[0.253s] Level 1:colcon.colcon_core.package_identification:_identify(src) by extensions ['colcon_meta']
[0.253s] Level 1:colcon.colcon_core.package_identification:_identify(src) by extension 'colcon_meta'
[0.253s] Level 1:colcon.colcon_core.package_identification:_identify(src) by extensions ['ros']
[0.253s] Level 1:colcon.colcon_core.package_identification:_identify(src) by extension 'ros'
[0.253s] Level 1:colcon.colcon_core.package_identification:_identify(src) by extensions ['cmake', 'python']
[0.253s] Level 1:colcon.colcon_core.package_identification:_identify(src) by extension 'cmake'
[0.253s] Level 1:colcon.colcon_core.package_identification:_identify(src) by extension 'python'
[0.253s] Level 1:colcon.colcon_core.package_identification:_identify(src) by extensions ['python_setup_py']
[0.253s] Level 1:colcon.colcon_core.package_identification:_identify(src) by extension 'python_setup_py'
[0.253s] Level 1:colcon.colcon_core.package_identification:_identify(src/panda_description) by extensions ['ignore', 'ignore_ament_install']
[0.254s] Level 1:colcon.colcon_core.package_identification:_identify(src/panda_description) by extension 'ignore'
[0.254s] Level 1:colcon.colcon_core.package_identification:_identify(src/panda_description) by extension 'ignore_ament_install'
[0.254s] Level 1:colcon.colcon_core.package_identification:_identify(src/panda_description) by extensions ['colcon_pkg']
[0.254s] Level 1:colcon.colcon_core.package_identification:_identify(src/panda_description) by extension 'colcon_pkg'
[0.254s] Level 1:colcon.colcon_core.package_identification:_identify(src/panda_description) by extensions ['colcon_meta']
[0.254s] Level 1:colcon.colcon_core.package_identification:_identify(src/panda_description) by extension 'colcon_meta'
[0.254s] Level 1:colcon.colcon_core.package_identification:_identify(src/panda_description) by extensions ['ros']
[0.254s] Level 1:colcon.colcon_core.package_identification:_identify(src/panda_description) by extension 'ros'
[0.257s] DEBUG:colcon.colcon_core.package_identification:Package 'src/panda_description' with type 'ros.ament_cmake' and name 'panda_description'
[0.258s] Level 1:colcon.colcon_core.package_identification:_identify(src/pivot_msg) by extensions ['ignore', 'ignore_ament_install']
[0.258s] Level 1:colcon.colcon_core.package_identification:_identify(src/pivot_msg) by extension 'ignore'
[0.258s] Level 1:colcon.colcon_core.package_identification:_identify(src/pivot_msg) by extension 'ignore_ament_install'
[0.258s] Level 1:colcon.colcon_core.package_identification:_identify(src/pivot_msg) by extensions ['colcon_pkg']
[0.258s] Level 1:colcon.colcon_core.package_identification:_identify(src/pivot_msg) by extension 'colcon_pkg'
[0.258s] Level 1:colcon.colcon_core.package_identification:_identify(src/pivot_msg) by extensions ['colcon_meta']
[0.258s] Level 1:colcon.colcon_core.package_identification:_identify(src/pivot_msg) by extension 'colcon_meta'
[0.259s] Level 1:colcon.colcon_core.package_identification:_identify(src/pivot_msg) by extensions ['ros']
[0.259s] Level 1:colcon.colcon_core.package_identification:_identify(src/pivot_msg) by extension 'ros'
[0.260s] DEBUG:colcon.colcon_core.package_identification:Package 'src/pivot_msg' with type 'ros.ament_cmake' and name 'pivot_msg'
[0.260s] Level 1:colcon.colcon_core.package_identification:_identify(src/telemanipulator) by extensions ['ignore', 'ignore_ament_install']
[0.260s] Level 1:colcon.colcon_core.package_identification:_identify(src/telemanipulator) by extension 'ignore'
[0.260s] Level 1:colcon.colcon_core.package_identification:_identify(src/telemanipulator) by extension 'ignore_ament_install'
[0.260s] Level 1:colcon.colcon_core.package_identification:_identify(src/telemanipulator) by extensions ['colcon_pkg']
[0.260s] Level 1:colcon.colcon_core.package_identification:_identify(src/telemanipulator) by extension 'colcon_pkg'
[0.260s] Level 1:colcon.colcon_core.package_identification:_identify(src/telemanipulator) by extensions ['colcon_meta']
[0.260s] Level 1:colcon.colcon_core.package_identification:_identify(src/telemanipulator) by extension 'colcon_meta'
[0.261s] Level 1:colcon.colcon_core.package_identification:_identify(src/telemanipulator) by extensions ['ros']
[0.261s] Level 1:colcon.colcon_core.package_identification:_identify(src/telemanipulator) by extension 'ros'
[0.265s] DEBUG:colcon.colcon_core.package_identification:Package 'src/telemanipulator' with type 'ros.ament_cmake' and name 'telemanipulator'
[0.265s] Level 1:colcon.colcon_core.package_discovery:discover_packages(recursive) using defaults
[0.265s] Level 1:colcon.colcon_core.package_discovery:discover_packages(ignore) discover
[0.265s] Level 1:colcon.colcon_core.package_discovery:discover_packages(ignore) using defaults
[0.266s] Level 1:colcon.colcon_core.package_discovery:discover_packages(path) discover
[0.266s] Level 1:colcon.colcon_core.package_discovery:discover_packages(path) using defaults
[0.299s] Level 5:colcon.colcon_core.verb:set package 'panda_description' build argument 'cmake_args' from command line to 'None'
[0.299s] Level 5:colcon.colcon_core.verb:set package 'panda_description' build argument 'cmake_target' from command line to 'None'
[0.299s] Level 5:colcon.colcon_core.verb:set package 'panda_description' build argument 'cmake_target_skip_unavailable' from command line to 'False'
[0.299s] Level 5:colcon.colcon_core.verb:set package 'panda_description' build argument 'cmake_clean_cache' from command line to 'False'
[0.299s] Level 5:colcon.colcon_core.verb:set package 'panda_description' build argument 'cmake_clean_first' from command line to 'False'
[0.299s] Level 5:colcon.colcon_core.verb:set package 'panda_description' build argument 'cmake_force_configure' from command line to 'False'
[0.299s] Level 5:colcon.colcon_core.verb:set package 'panda_description' build argument 'ament_cmake_args' from command line to 'None'
[0.299s] Level 5:colcon.colcon_core.verb:set package 'panda_description' build argument 'catkin_cmake_args' from command line to 'None'
[0.299s] Level 5:colcon.colcon_core.verb:set package 'panda_description' build argument 'catkin_skip_building_tests' from command line to 'False'
[0.300s] DEBUG:colcon.colcon_core.verb:Building package 'panda_description' with the following arguments: {'ament_cmake_args': None, 'build_base': '/home/lijiaqian/prak_ws/build/panda_description', 'catkin_cmake_args': None, 'catkin_skip_building_tests': False, 'cmake_args': None, 'cmake_clean_cache': False, 'cmake_clean_first': False, 'cmake_force_configure': False, 'cmake_target': None, 'cmake_target_skip_unavailable': False, 'install_base': '/home/lijiaqian/prak_ws/install/panda_description', 'merge_install': False, 'path': '/home/lijiaqian/prak_ws/src/panda_description', 'symlink_install': False, 'test_result_base': None}
[0.303s] Level 5:colcon.colcon_core.verb:set package 'pivot_msg' build argument 'cmake_args' from command line to 'None'
[0.303s] Level 5:colcon.colcon_core.verb:set package 'pivot_msg' build argument 'cmake_target' from command line to 'None'
[0.303s] Level 5:colcon.colcon_core.verb:set package 'pivot_msg' build argument 'cmake_target_skip_unavailable' from command line to 'False'
[0.303s] Level 5:colcon.colcon_core.verb:set package 'pivot_msg' build argument 'cmake_clean_cache' from command line to 'False'
[0.303s] Level 5:colcon.colcon_core.verb:set package 'pivot_msg' build argument 'cmake_clean_first' from command line to 'False'
[0.303s] Level 5:colcon.colcon_core.verb:set package 'pivot_msg' build argument 'cmake_force_configure' from command line to 'False'
[0.303s] Level 5:colcon.colcon_core.verb:set package 'pivot_msg' build argument 'ament_cmake_args' from command line to 'None'
[0.303s] Level 5:colcon.colcon_core.verb:set package 'pivot_msg' build argument 'catkin_cmake_args' from command line to 'None'
[0.303s] Level 5:colcon.colcon_core.verb:set package 'pivot_msg' build argument 'catkin_skip_building_tests' from command line to 'False'
[0.303s] DEBUG:colcon.colcon_core.verb:Building package 'pivot_msg' with the following arguments: {'ament_cmake_args': None, 'build_base': '/home/lijiaqian/prak_ws/build/pivot_msg', 'catkin_cmake_args': None, 'catkin_skip_building_tests': False, 'cmake_args': None, 'cmake_clean_cache': False, 'cmake_clean_first': False, 'cmake_force_configure': False, 'cmake_target': None, 'cmake_target_skip_unavailable': False, 'install_base': '/home/lijiaqian/prak_ws/install/pivot_msg', 'merge_install': False, 'path': '/home/lijiaqian/prak_ws/src/pivot_msg', 'symlink_install': False, 'test_result_base': None}
[0.306s] Level 5:colcon.colcon_core.verb:set package 'telemanipulator' build argument 'cmake_args' from command line to 'None'
[0.306s] Level 5:colcon.colcon_core.verb:set package 'telemanipulator' build argument 'cmake_target' from command line to 'None'
[0.306s] Level 5:colcon.colcon_core.verb:set package 'telemanipulator' build argument 'cmake_target_skip_unavailable' from command line to 'False'
[0.306s] Level 5:colcon.colcon_core.verb:set package 'telemanipulator' build argument 'cmake_clean_cache' from command line to 'False'
[0.306s] Level 5:colcon.colcon_core.verb:set package 'telemanipulator' build argument 'cmake_clean_first' from command line to 'False'
[0.306s] Level 5:colcon.colcon_core.verb:set package 'telemanipulator' build argument 'cmake_force_configure' from command line to 'False'
[0.306s] Level 5:colcon.colcon_core.verb:set package 'telemanipulator' build argument 'ament_cmake_args' from command line to 'None'
[0.306s] Level 5:colcon.colcon_core.verb:set package 'telemanipulator' build argument 'catkin_cmake_args' from command line to 'None'
[0.306s] Level 5:colcon.colcon_core.verb:set package 'telemanipulator' build argument 'catkin_skip_building_tests' from command line to 'False'
[0.306s] DEBUG:colcon.colcon_core.verb:Building package 'telemanipulator' with the following arguments: {'ament_cmake_args': None, 'build_base': '/home/lijiaqian/prak_ws/build/telemanipulator', 'catkin_cmake_args': None, 'catkin_skip_building_tests': False, 'cmake_args': None, 'cmake_clean_cache': False, 'cmake_clean_first': False, 'cmake_force_configure': False, 'cmake_target': None, 'cmake_target_skip_unavailable': False, 'install_base': '/home/lijiaqian/prak_ws/install/telemanipulator', 'merge_install': False, 'path': '/home/lijiaqian/prak_ws/src/telemanipulator', 'symlink_install': False, 'test_result_base': None}
[0.306s] INFO:colcon.colcon_core.executor:Executing jobs using 'parallel' executor
[0.309s] DEBUG:colcon.colcon_parallel_executor.executor.parallel:run_until_complete
[0.309s] INFO:colcon.colcon_ros.task.ament_cmake.build:Building ROS package in '/home/lijiaqian/prak_ws/src/pivot_msg' with build type 'ament_cmake'
[0.309s] INFO:colcon.colcon_cmake.task.cmake.build:Building CMake package in '/home/lijiaqian/prak_ws/src/pivot_msg'
[0.317s] INFO:colcon.colcon_core.plugin_system:Skipping extension 'colcon_core.shell.bat': Not used on non-Windows systems
[0.318s] INFO:colcon.colcon_core.shell:Skip shell extension 'powershell' for command environment: Not usable outside of PowerShell
[0.318s] DEBUG:colcon.colcon_core.shell:Skip shell extension 'dsv' for command environment
[0.324s] DEBUG:colcon.colcon_core.shell:Ignoring prefix path '/opt/ros/foxy'
[0.330s] INFO:colcon.colcon_ros.task.ament_cmake.build:Building ROS package in '/home/lijiaqian/prak_ws/src/panda_description' with build type 'ament_cmake'
[0.330s] INFO:colcon.colcon_cmake.task.cmake.build:Building CMake package in '/home/lijiaqian/prak_ws/src/panda_description'
[0.334s] INFO:colcon.colcon_core.shell:Skip shell extension 'powershell' for command environment: Not usable outside of PowerShell
[0.334s] DEBUG:colcon.colcon_core.shell:Skip shell extension 'dsv' for command environment
[0.344s] DEBUG:colcon.colcon_core.shell:Ignoring prefix path '/opt/ros/foxy'
[0.363s] DEBUG:colcon.colcon_core.event_handler.log_command:Invoking command in '/home/lijiaqian/prak_ws/build/pivot_msg': CMAKE_PREFIX_PATH=${CMAKE_PREFIX_PATH}:/opt/ros/foxy /usr/bin/cmake --build /home/lijiaqian/prak_ws/build/pivot_msg -- -j3 -l3
[0.399s] DEBUG:colcon.colcon_core.event_handler.log_command:Invoking command in '/home/lijiaqian/prak_ws/build/panda_description': CMAKE_PREFIX_PATH=${CMAKE_PREFIX_PATH}:/opt/ros/foxy /usr/bin/cmake --build /home/lijiaqian/prak_ws/build/panda_description -- -j3 -l3
[0.659s] DEBUG:colcon.colcon_core.event_handler.log_command:Invoked command in '/home/lijiaqian/prak_ws/build/panda_description' returned '0': CMAKE_PREFIX_PATH=${CMAKE_PREFIX_PATH}:/opt/ros/foxy /usr/bin/cmake --build /home/lijiaqian/prak_ws/build/panda_description -- -j3 -l3
[0.931s] DEBUG:colcon.colcon_core.event_handler.log_command:Invoking command in '/home/lijiaqian/prak_ws/build/panda_description': CMAKE_PREFIX_PATH=${CMAKE_PREFIX_PATH}:/opt/ros/foxy /usr/bin/cmake --install /home/lijiaqian/prak_ws/build/panda_description
[1.018s] Level 1:colcon.colcon_core.environment:create_environment_scripts_only(panda_description)
[1.023s] Level 1:colcon.colcon_core.environment:checking '/home/lijiaqian/prak_ws/install/panda_description' for CMake module files
[1.024s] Level 1:colcon.colcon_core.environment:checking '/home/lijiaqian/prak_ws/install/panda_description' for CMake config files
[1.024s] DEBUG:colcon.colcon_core.event_handler.log_command:Invoked command in '/home/lijiaqian/prak_ws/build/panda_description' returned '0': CMAKE_PREFIX_PATH=${CMAKE_PREFIX_PATH}:/opt/ros/foxy /usr/bin/cmake --install /home/lijiaqian/prak_ws/build/panda_description
[1.026s] Level 1:colcon.colcon_core.shell:create_environment_hook('panda_description', 'cmake_prefix_path')
[1.027s] INFO:colcon.colcon_core.shell:Creating environment hook '/home/lijiaqian/prak_ws/install/panda_description/share/panda_description/hook/cmake_prefix_path.ps1'
[1.028s] INFO:colcon.colcon_core.shell:Creating environment descriptor '/home/lijiaqian/prak_ws/install/panda_description/share/panda_description/hook/cmake_prefix_path.dsv'
[1.033s] INFO:colcon.colcon_core.shell:Creating environment hook '/home/lijiaqian/prak_ws/install/panda_description/share/panda_description/hook/cmake_prefix_path.sh'
[1.034s] Level 1:colcon.colcon_core.environment:checking '/home/lijiaqian/prak_ws/install/panda_description/bin'
[1.034s] Level 1:colcon.colcon_core.environment:checking '/home/lijiaqian/prak_ws/install/panda_description/lib/pkgconfig/panda_description.pc'
[1.034s] Level 1:colcon.colcon_core.environment:checking '/home/lijiaqian/prak_ws/install/panda_description/lib/python3.8/site-packages'
[1.036s] INFO:colcon.colcon_core.shell:Creating package script '/home/lijiaqian/prak_ws/install/panda_description/share/panda_description/package.ps1'
[1.040s] INFO:colcon.colcon_core.shell:Creating package descriptor '/home/lijiaqian/prak_ws/install/panda_description/share/panda_description/package.dsv'
[1.040s] INFO:colcon.colcon_core.shell:Creating package script '/home/lijiaqian/prak_ws/install/panda_description/share/panda_description/package.sh'
[1.043s] INFO:colcon.colcon_core.shell:Creating package script '/home/lijiaqian/prak_ws/install/panda_description/share/panda_description/package.bash'
[1.051s] INFO:colcon.colcon_core.shell:Creating package script '/home/lijiaqian/prak_ws/install/panda_description/share/panda_description/package.zsh'
[1.054s] Level 1:colcon.colcon_core.environment:create_file_with_runtime_dependencies(/home/lijiaqian/prak_ws/install/panda_description/share/colcon-core/packages/panda_description)
[1.249s] Level 1:colcon.colcon_core.environment:create_environment_scripts_only(panda_description)
[1.255s] Level 1:colcon.colcon_core.environment:checking '/home/lijiaqian/prak_ws/install/panda_description' for CMake module files
[1.255s] Level 1:colcon.colcon_core.environment:checking '/home/lijiaqian/prak_ws/install/panda_description' for CMake config files
[1.256s] Level 1:colcon.colcon_core.shell:create_environment_hook('panda_description', 'cmake_prefix_path')
[1.257s] INFO:colcon.colcon_core.shell:Creating environment hook '/home/lijiaqian/prak_ws/install/panda_description/share/panda_description/hook/cmake_prefix_path.ps1'
[1.258s] INFO:colcon.colcon_core.shell:Creating environment descriptor '/home/lijiaqian/prak_ws/install/panda_description/share/panda_description/hook/cmake_prefix_path.dsv'
[1.266s] INFO:colcon.colcon_core.shell:Creating environment hook '/home/lijiaqian/prak_ws/install/panda_description/share/panda_description/hook/cmake_prefix_path.sh'
[1.267s] Level 1:colcon.colcon_core.environment:checking '/home/lijiaqian/prak_ws/install/panda_description/bin'
[1.267s] Level 1:colcon.colcon_core.environment:checking '/home/lijiaqian/prak_ws/install/panda_description/lib/pkgconfig/panda_description.pc'
[1.267s] Level 1:colcon.colcon_core.environment:checking '/home/lijiaqian/prak_ws/install/panda_description/lib/python3.8/site-packages'
[1.268s] INFO:colcon.colcon_core.shell:Creating package script '/home/lijiaqian/prak_ws/install/panda_description/share/panda_description/package.ps1'
[1.274s] INFO:colcon.colcon_core.shell:Creating package descriptor '/home/lijiaqian/prak_ws/install/panda_description/share/panda_description/package.dsv'
[1.275s] INFO:colcon.colcon_core.shell:Creating package script '/home/lijiaqian/prak_ws/install/panda_description/share/panda_description/package.sh'
[1.276s] INFO:colcon.colcon_core.shell:Creating package script '/home/lijiaqian/prak_ws/install/panda_description/share/panda_description/package.bash'
[1.276s] INFO:colcon.colcon_core.shell:Creating package script '/home/lijiaqian/prak_ws/install/panda_description/share/panda_description/package.zsh'
[1.277s] Level 1:colcon.colcon_core.environment:create_file_with_runtime_dependencies(/home/lijiaqian/prak_ws/install/panda_description/share/colcon-core/packages/panda_description)
[1.842s] DEBUG:colcon.colcon_core.event_handler.log_command:Invoked command in '/home/lijiaqian/prak_ws/build/pivot_msg' returned '0': CMAKE_PREFIX_PATH=${CMAKE_PREFIX_PATH}:/opt/ros/foxy /usr/bin/cmake --build /home/lijiaqian/prak_ws/build/pivot_msg -- -j3 -l3
[2.038s] DEBUG:colcon.colcon_core.event_handler.log_command:Invoking command in '/home/lijiaqian/prak_ws/build/pivot_msg': CMAKE_PREFIX_PATH=${CMAKE_PREFIX_PATH}:/opt/ros/foxy /usr/bin/cmake --install /home/lijiaqian/prak_ws/build/pivot_msg
[2.121s] Level 1:colcon.colcon_core.environment:create_environment_scripts_only(pivot_msg)
[2.122s] Level 1:colcon.colcon_core.environment:checking '/home/lijiaqian/prak_ws/install/pivot_msg' for CMake module files
[2.123s] Level 1:colcon.colcon_core.environment:checking '/home/lijiaqian/prak_ws/install/pivot_msg' for CMake config files
[2.124s] Level 1:colcon.colcon_core.shell:create_environment_hook('pivot_msg', 'cmake_prefix_path')
[2.124s] INFO:colcon.colcon_core.shell:Creating environment hook '/home/lijiaqian/prak_ws/install/pivot_msg/share/pivot_msg/hook/cmake_prefix_path.ps1'
[2.125s] INFO:colcon.colcon_core.shell:Creating environment descriptor '/home/lijiaqian/prak_ws/install/pivot_msg/share/pivot_msg/hook/cmake_prefix_path.dsv'
[2.126s] INFO:colcon.colcon_core.shell:Creating environment hook '/home/lijiaqian/prak_ws/install/pivot_msg/share/pivot_msg/hook/cmake_prefix_path.sh'
[2.126s] Level 1:colcon.colcon_core.environment:checking '/home/lijiaqian/prak_ws/install/pivot_msg/lib'
[2.127s] Level 1:colcon.colcon_core.shell:create_environment_hook('pivot_msg', 'ld_library_path_lib')
[2.128s] INFO:colcon.colcon_core.shell:Creating environment hook '/home/lijiaqian/prak_ws/install/pivot_msg/share/pivot_msg/hook/ld_library_path_lib.ps1'
[2.128s] INFO:colcon.colcon_core.shell:Creating environment descriptor '/home/lijiaqian/prak_ws/install/pivot_msg/share/pivot_msg/hook/ld_library_path_lib.dsv'
[2.129s] INFO:colcon.colcon_core.shell:Creating environment hook '/home/lijiaqian/prak_ws/install/pivot_msg/share/pivot_msg/hook/ld_library_path_lib.sh'
[2.129s] Level 1:colcon.colcon_core.environment:checking '/home/lijiaqian/prak_ws/install/pivot_msg/bin'
[2.132s] Level 1:colcon.colcon_core.environment:checking '/home/lijiaqian/prak_ws/install/pivot_msg/lib/pkgconfig/pivot_msg.pc'
[2.132s] Level 1:colcon.colcon_core.environment:checking '/home/lijiaqian/prak_ws/install/pivot_msg/lib/python3.8/site-packages'
[2.132s] Level 1:colcon.colcon_core.shell:create_environment_hook('pivot_msg', 'pythonpath')
[2.132s] DEBUG:colcon.colcon_core.event_handler.log_command:Invoked command in '/home/lijiaqian/prak_ws/build/pivot_msg' returned '0': CMAKE_PREFIX_PATH=${CMAKE_PREFIX_PATH}:/opt/ros/foxy /usr/bin/cmake --install /home/lijiaqian/prak_ws/build/pivot_msg
[2.133s] INFO:colcon.colcon_core.shell:Creating environment hook '/home/lijiaqian/prak_ws/install/pivot_msg/share/pivot_msg/hook/pythonpath.ps1'
[2.133s] INFO:colcon.colcon_core.shell:Creating environment descriptor '/home/lijiaqian/prak_ws/install/pivot_msg/share/pivot_msg/hook/pythonpath.dsv'
[2.134s] INFO:colcon.colcon_core.shell:Creating environment hook '/home/lijiaqian/prak_ws/install/pivot_msg/share/pivot_msg/hook/pythonpath.sh'
[2.135s] INFO:colcon.colcon_core.shell:Creating package script '/home/lijiaqian/prak_ws/install/pivot_msg/share/pivot_msg/package.ps1'
[2.136s] INFO:colcon.colcon_core.shell:Creating package descriptor '/home/lijiaqian/prak_ws/install/pivot_msg/share/pivot_msg/package.dsv'
[2.136s] INFO:colcon.colcon_core.shell:Creating package script '/home/lijiaqian/prak_ws/install/pivot_msg/share/pivot_msg/package.sh'
[2.137s] INFO:colcon.colcon_core.shell:Creating package script '/home/lijiaqian/prak_ws/install/pivot_msg/share/pivot_msg/package.bash'
[2.138s] INFO:colcon.colcon_core.shell:Creating package script '/home/lijiaqian/prak_ws/install/pivot_msg/share/pivot_msg/package.zsh'
[2.138s] Level 1:colcon.colcon_core.environment:create_file_with_runtime_dependencies(/home/lijiaqian/prak_ws/install/pivot_msg/share/colcon-core/packages/pivot_msg)
[2.268s] Level 1:colcon.colcon_core.environment:create_environment_scripts_only(pivot_msg)
[2.269s] Level 1:colcon.colcon_core.environment:checking '/home/lijiaqian/prak_ws/install/pivot_msg' for CMake module files
[2.270s] Level 1:colcon.colcon_core.environment:checking '/home/lijiaqian/prak_ws/install/pivot_msg' for CMake config files
[2.271s] Level 1:colcon.colcon_core.shell:create_environment_hook('pivot_msg', 'cmake_prefix_path')
[2.271s] INFO:colcon.colcon_core.shell:Creating environment hook '/home/lijiaqian/prak_ws/install/pivot_msg/share/pivot_msg/hook/cmake_prefix_path.ps1'
[2.272s] INFO:colcon.colcon_core.shell:Creating environment descriptor '/home/lijiaqian/prak_ws/install/pivot_msg/share/pivot_msg/hook/cmake_prefix_path.dsv'
[2.273s] INFO:colcon.colcon_core.shell:Creating environment hook '/home/lijiaqian/prak_ws/install/pivot_msg/share/pivot_msg/hook/cmake_prefix_path.sh'
[2.273s] Level 1:colcon.colcon_core.environment:checking '/home/lijiaqian/prak_ws/install/pivot_msg/lib'
[2.273s] Level 1:colcon.colcon_core.shell:create_environment_hook('pivot_msg', 'ld_library_path_lib')
[2.274s] INFO:colcon.colcon_core.shell:Creating environment hook '/home/lijiaqian/prak_ws/install/pivot_msg/share/pivot_msg/hook/ld_library_path_lib.ps1'
[2.274s] INFO:colcon.colcon_core.shell:Creating environment descriptor '/home/lijiaqian/prak_ws/install/pivot_msg/share/pivot_msg/hook/ld_library_path_lib.dsv'
[2.275s] INFO:colcon.colcon_core.shell:Creating environment hook '/home/lijiaqian/prak_ws/install/pivot_msg/share/pivot_msg/hook/ld_library_path_lib.sh'
[2.275s] Level 1:colcon.colcon_core.environment:checking '/home/lijiaqian/prak_ws/install/pivot_msg/bin'
[2.275s] Level 1:colcon.colcon_core.environment:checking '/home/lijiaqian/prak_ws/install/pivot_msg/lib/pkgconfig/pivot_msg.pc'
[2.276s] Level 1:colcon.colcon_core.environment:checking '/home/lijiaqian/prak_ws/install/pivot_msg/lib/python3.8/site-packages'
[2.276s] Level 1:colcon.colcon_core.shell:create_environment_hook('pivot_msg', 'pythonpath')
[2.276s] INFO:colcon.colcon_core.shell:Creating environment hook '/home/lijiaqian/prak_ws/install/pivot_msg/share/pivot_msg/hook/pythonpath.ps1'
[2.278s] INFO:colcon.colcon_core.shell:Creating environment descriptor '/home/lijiaqian/prak_ws/install/pivot_msg/share/pivot_msg/hook/pythonpath.dsv'
[2.278s] INFO:colcon.colcon_core.shell:Creating environment hook '/home/lijiaqian/prak_ws/install/pivot_msg/share/pivot_msg/hook/pythonpath.sh'
[2.281s] INFO:colcon.colcon_core.shell:Creating package script '/home/lijiaqian/prak_ws/install/pivot_msg/share/pivot_msg/package.ps1'
[2.283s] INFO:colcon.colcon_core.shell:Creating package descriptor '/home/lijiaqian/prak_ws/install/pivot_msg/share/pivot_msg/package.dsv'
[2.284s] INFO:colcon.colcon_core.shell:Creating package script '/home/lijiaqian/prak_ws/install/pivot_msg/share/pivot_msg/package.sh'
[2.285s] INFO:colcon.colcon_core.shell:Creating package script '/home/lijiaqian/prak_ws/install/pivot_msg/share/pivot_msg/package.bash'
[2.287s] INFO:colcon.colcon_core.shell:Creating package script '/home/lijiaqian/prak_ws/install/pivot_msg/share/pivot_msg/package.zsh'
[2.288s] Level 1:colcon.colcon_core.environment:create_file_with_runtime_dependencies(/home/lijiaqian/prak_ws/install/pivot_msg/share/colcon-core/packages/pivot_msg)
[2.289s] INFO:colcon.colcon_ros.task.ament_cmake.build:Building ROS package in '/home/lijiaqian/prak_ws/src/telemanipulator' with build type 'ament_cmake'
[2.290s] INFO:colcon.colcon_cmake.task.cmake.build:Building CMake package in '/home/lijiaqian/prak_ws/src/telemanipulator'
[2.291s] INFO:colcon.colcon_core.shell:Skip shell extension 'powershell' for command environment: Not usable outside of PowerShell
[2.291s] DEBUG:colcon.colcon_core.shell:Skip shell extension 'dsv' for command environment
[2.298s] DEBUG:colcon.colcon_core.shell:Ignoring prefix path '/opt/ros/foxy'
[2.327s] DEBUG:colcon.colcon_core.event_handler.log_command:Invoking command in '/home/lijiaqian/prak_ws/build/telemanipulator': CMAKE_PREFIX_PATH=/home/lijiaqian/prak_ws/install/pivot_msg:/home/lijiaqian/prak_ws/install/tutorial_interfaces:/home/lijiaqian/prak_ws/install/telemanipulator:/home/lijiaqian/prak_ws/install/panda_description:/home/lijiaqian/ws_ros2/install/warehouse_ros_mongo:/home/lijiaqian/ws_ros2/install/moveit_ros_visualization:/home/lijiaqian/ws_ros2/install/moveit_ros_benchmarks:/home/lijiaqian/ws_ros2/install/moveit_ros_warehouse:/home/lijiaqian/ws_ros2/install/warehouse_ros:/home/lijiaqian/ws_ros2/install/ros2_control:/home/lijiaqian/ws_ros2/install/transmission_interface:/home/lijiaqian/ws_ros2/install/test_robot_hardware:/home/lijiaqian/ws_ros2/install/run_moveit_cpp:/home/lijiaqian/ws_ros2/install/run_move_group:/home/lijiaqian/ws_ros2/install/moveit_simple_controller_manager:/home/lijiaqian/ws_ros2/install/moveit_servo:/home/lijiaqian/ws_ros2/install/moveit_ros_robot_interaction:/home/lijiaqian/ws_ros2/install/moveit_ros_planning_interface:/home/lijiaqian/ws_ros2/install/moveit_ros_move_group:/home/lijiaqian/ws_ros2/install/moveit_planners_ompl:/home/lijiaqian/ws_ros2/install/moveit_fake_controller_manager:/home/lijiaqian/ws_ros2/install/moveit_ros_planning:/home/lijiaqian/ws_ros2/install/moveit_ros_occupancy_map_monitor:/home/lijiaqian/ws_ros2/install/moveit_kinematics:/home/lijiaqian/ws_ros2/install/moveit_core:/home/lijiaqian/ws_ros2/install/srdfdom:/home/lijiaqian/ws_ros2/install/fake_joint_driver:/home/lijiaqian/ws_ros2/install/ros2_controllers:/home/lijiaqian/ws_ros2/install/moveit_resources:/home/lijiaqian/ws_ros2/install/moveit_resources_pr2_description:/home/lijiaqian/ws_ros2/install/moveit_resources_panda_moveit_config:/home/lijiaqian/ws_ros2/install/moveit_resources_panda_description:/home/lijiaqian/ws_ros2/install/moveit_resources_fanuc_moveit_config:/home/lijiaqian/ws_ros2/install/moveit_resources_fanuc_description:/home/lijiaqian/ws_ros2/install/moveit_msgs:/home/lijiaqian/ws_ros2/install/moveit_common:/home/lijiaqian/ws_ros2/install/joint_trajectory_controller:/home/lijiaqian/ws_ros2/install/joint_state_controller:/home/lijiaqian/ws_ros2/install/diff_drive_controller:/home/lijiaqian/ws_ros2/install/controller_manager:/home/lijiaqian/ws_ros2/install/controller_interface:/home/lijiaqian/ws_ros2/install/hardware_interface:/home/lijiaqian/ws_ros2/install/geometric_shapes:/opt/ros/foxy LD_LIBRARY_PATH=/home/lijiaqian/prak_ws/install/pivot_msg/lib:/home/lijiaqian/prak_ws/install/tutorial_interfaces/lib:/home/lijiaqian/prak_ws/install/telemanipulator/libs:/home/lijiaqian/prak_ws/install/telemanipulator/lib:/home/lijiaqian/ws_ros2/install/warehouse_ros_mongo/lib:/home/lijiaqian/ws_ros2/install/moveit_ros_visualization/lib:/home/lijiaqian/ws_ros2/install/moveit_ros_benchmarks/lib:/home/lijiaqian/ws_ros2/install/moveit_ros_warehouse/lib:/home/lijiaqian/ws_ros2/install/warehouse_ros/lib:/home/lijiaqian/ws_ros2/install/transmission_interface/lib:/home/lijiaqian/ws_ros2/install/test_robot_hardware/lib:/home/lijiaqian/ws_ros2/install/moveit_simple_controller_manager/lib:/home/lijiaqian/ws_ros2/install/moveit_servo/lib:/home/lijiaqian/ws_ros2/install/moveit_ros_robot_interaction/lib:/home/lijiaqian/ws_ros2/install/moveit_ros_planning_interface/lib:/home/lijiaqian/ws_ros2/install/moveit_ros_move_group/lib:/home/lijiaqian/ws_ros2/install/moveit_planners_ompl/lib:/home/lijiaqian/ws_ros2/install/moveit_fake_controller_manager/lib:/home/lijiaqian/ws_ros2/install/moveit_ros_planning/lib:/home/lijiaqian/ws_ros2/install/moveit_ros_occupancy_map_monitor/lib:/home/lijiaqian/ws_ros2/install/moveit_kinematics/lib:/home/lijiaqian/ws_ros2/install/moveit_core/lib:/home/lijiaqian/ws_ros2/install/srdfdom/lib:/home/lijiaqian/ws_ros2/install/moveit_msgs/lib:/home/lijiaqian/ws_ros2/install/joint_trajectory_controller/lib:/home/lijiaqian/ws_ros2/install/joint_state_controller/lib:/home/lijiaqian/ws_ros2/install/diff_drive_controller/lib:/home/lijiaqian/ws_ros2/install/controller_manager/lib:/home/lijiaqian/ws_ros2/install/controller_interface/lib:/home/lijiaqian/ws_ros2/install/hardware_interface/lib:/home/lijiaqian/ws_ros2/install/geometric_shapes/lib:/opt/ros/foxy/opt/yaml_cpp_vendor/lib:/opt/ros/foxy/opt/rviz_ogre_vendor/lib:/opt/ros/foxy/lib/x86_64-linux-gnu:/opt/ros/foxy/lib PYTHONPATH=/home/lijiaqian/prak_ws/install/pivot_msg/lib/python3.8/site-packages:/home/lijiaqian/prak_ws/install/tutorial_interfaces/lib/python3.8/site-packages:/home/lijiaqian/prak_ws/install/telemanipulator/lib/python3.8/site-packages:/home/lijiaqian/ws_ros2/install/warehouse_ros_mongo/lib/python3.8/site-packages:/home/lijiaqian/ws_ros2/install/moveit_msgs/lib/python3.8/site-packages:/opt/ros/foxy/lib/python3.8/site-packages /usr/bin/cmake --build /home/lijiaqian/prak_ws/build/telemanipulator -- -j3 -l3
[22.941s] DEBUG:colcon.colcon_core.event_handler.log_command:Invoked command in '/home/lijiaqian/prak_ws/build/telemanipulator' returned '0': CMAKE_PREFIX_PATH=/home/lijiaqian/prak_ws/install/pivot_msg:/home/lijiaqian/prak_ws/install/tutorial_interfaces:/home/lijiaqian/prak_ws/install/telemanipulator:/home/lijiaqian/prak_ws/install/panda_description:/home/lijiaqian/ws_ros2/install/warehouse_ros_mongo:/home/lijiaqian/ws_ros2/install/moveit_ros_visualization:/home/lijiaqian/ws_ros2/install/moveit_ros_benchmarks:/home/lijiaqian/ws_ros2/install/moveit_ros_warehouse:/home/lijiaqian/ws_ros2/install/warehouse_ros:/home/lijiaqian/ws_ros2/install/ros2_control:/home/lijiaqian/ws_ros2/install/transmission_interface:/home/lijiaqian/ws_ros2/install/test_robot_hardware:/home/lijiaqian/ws_ros2/install/run_moveit_cpp:/home/lijiaqian/ws_ros2/install/run_move_group:/home/lijiaqian/ws_ros2/install/moveit_simple_controller_manager:/home/lijiaqian/ws_ros2/install/moveit_servo:/home/lijiaqian/ws_ros2/install/moveit_ros_robot_interaction:/home/lijiaqian/ws_ros2/install/moveit_ros_planning_interface:/home/lijiaqian/ws_ros2/install/moveit_ros_move_group:/home/lijiaqian/ws_ros2/install/moveit_planners_ompl:/home/lijiaqian/ws_ros2/install/moveit_fake_controller_manager:/home/lijiaqian/ws_ros2/install/moveit_ros_planning:/home/lijiaqian/ws_ros2/install/moveit_ros_occupancy_map_monitor:/home/lijiaqian/ws_ros2/install/moveit_kinematics:/home/lijiaqian/ws_ros2/install/moveit_core:/home/lijiaqian/ws_ros2/install/srdfdom:/home/lijiaqian/ws_ros2/install/fake_joint_driver:/home/lijiaqian/ws_ros2/install/ros2_controllers:/home/lijiaqian/ws_ros2/install/moveit_resources:/home/lijiaqian/ws_ros2/install/moveit_resources_pr2_description:/home/lijiaqian/ws_ros2/install/moveit_resources_panda_moveit_config:/home/lijiaqian/ws_ros2/install/moveit_resources_panda_description:/home/lijiaqian/ws_ros2/install/moveit_resources_fanuc_moveit_config:/home/lijiaqian/ws_ros2/install/moveit_resources_fanuc_description:/home/lijiaqian/ws_ros2/install/moveit_msgs:/home/lijiaqian/ws_ros2/install/moveit_common:/home/lijiaqian/ws_ros2/install/joint_trajectory_controller:/home/lijiaqian/ws_ros2/install/joint_state_controller:/home/lijiaqian/ws_ros2/install/diff_drive_controller:/home/lijiaqian/ws_ros2/install/controller_manager:/home/lijiaqian/ws_ros2/install/controller_interface:/home/lijiaqian/ws_ros2/install/hardware_interface:/home/lijiaqian/ws_ros2/install/geometric_shapes:/opt/ros/foxy LD_LIBRARY_PATH=/home/lijiaqian/prak_ws/install/pivot_msg/lib:/home/lijiaqian/prak_ws/install/tutorial_interfaces/lib:/home/lijiaqian/prak_ws/install/telemanipulator/libs:/home/lijiaqian/prak_ws/install/telemanipulator/lib:/home/lijiaqian/ws_ros2/install/warehouse_ros_mongo/lib:/home/lijiaqian/ws_ros2/install/moveit_ros_visualization/lib:/home/lijiaqian/ws_ros2/install/moveit_ros_benchmarks/lib:/home/lijiaqian/ws_ros2/install/moveit_ros_warehouse/lib:/home/lijiaqian/ws_ros2/install/warehouse_ros/lib:/home/lijiaqian/ws_ros2/install/transmission_interface/lib:/home/lijiaqian/ws_ros2/install/test_robot_hardware/lib:/home/lijiaqian/ws_ros2/install/moveit_simple_controller_manager/lib:/home/lijiaqian/ws_ros2/install/moveit_servo/lib:/home/lijiaqian/ws_ros2/install/moveit_ros_robot_interaction/lib:/home/lijiaqian/ws_ros2/install/moveit_ros_planning_interface/lib:/home/lijiaqian/ws_ros2/install/moveit_ros_move_group/lib:/home/lijiaqian/ws_ros2/install/moveit_planners_ompl/lib:/home/lijiaqian/ws_ros2/install/moveit_fake_controller_manager/lib:/home/lijiaqian/ws_ros2/install/moveit_ros_planning/lib:/home/lijiaqian/ws_ros2/install/moveit_ros_occupancy_map_monitor/lib:/home/lijiaqian/ws_ros2/install/moveit_kinematics/lib:/home/lijiaqian/ws_ros2/install/moveit_core/lib:/home/lijiaqian/ws_ros2/install/srdfdom/lib:/home/lijiaqian/ws_ros2/install/moveit_msgs/lib:/home/lijiaqian/ws_ros2/install/joint_trajectory_controller/lib:/home/lijiaqian/ws_ros2/install/joint_state_controller/lib:/home/lijiaqian/ws_ros2/install/diff_drive_controller/lib:/home/lijiaqian/ws_ros2/install/controller_manager/lib:/home/lijiaqian/ws_ros2/install/controller_interface/lib:/home/lijiaqian/ws_ros2/install/hardware_interface/lib:/home/lijiaqian/ws_ros2/install/geometric_shapes/lib:/opt/ros/foxy/opt/yaml_cpp_vendor/lib:/opt/ros/foxy/opt/rviz_ogre_vendor/lib:/opt/ros/foxy/lib/x86_64-linux-gnu:/opt/ros/foxy/lib PYTHONPATH=/home/lijiaqian/prak_ws/install/pivot_msg/lib/python3.8/site-packages:/home/lijiaqian/prak_ws/install/tutorial_interfaces/lib/python3.8/site-packages:/home/lijiaqian/prak_ws/install/telemanipulator/lib/python3.8/site-packages:/home/lijiaqian/ws_ros2/install/warehouse_ros_mongo/lib/python3.8/site-packages:/home/lijiaqian/ws_ros2/install/moveit_msgs/lib/python3.8/site-packages:/opt/ros/foxy/lib/python3.8/site-packages /usr/bin/cmake --build /home/lijiaqian/prak_ws/build/telemanipulator -- -j3 -l3
[23.024s] DEBUG:colcon.colcon_core.event_handler.log_command:Invoking command in '/home/lijiaqian/prak_ws/build/telemanipulator': CMAKE_PREFIX_PATH=/home/lijiaqian/prak_ws/install/pivot_msg:/home/lijiaqian/prak_ws/install/tutorial_interfaces:/home/lijiaqian/prak_ws/install/telemanipulator:/home/lijiaqian/prak_ws/install/panda_description:/home/lijiaqian/ws_ros2/install/warehouse_ros_mongo:/home/lijiaqian/ws_ros2/install/moveit_ros_visualization:/home/lijiaqian/ws_ros2/install/moveit_ros_benchmarks:/home/lijiaqian/ws_ros2/install/moveit_ros_warehouse:/home/lijiaqian/ws_ros2/install/warehouse_ros:/home/lijiaqian/ws_ros2/install/ros2_control:/home/lijiaqian/ws_ros2/install/transmission_interface:/home/lijiaqian/ws_ros2/install/test_robot_hardware:/home/lijiaqian/ws_ros2/install/run_moveit_cpp:/home/lijiaqian/ws_ros2/install/run_move_group:/home/lijiaqian/ws_ros2/install/moveit_simple_controller_manager:/home/lijiaqian/ws_ros2/install/moveit_servo:/home/lijiaqian/ws_ros2/install/moveit_ros_robot_interaction:/home/lijiaqian/ws_ros2/install/moveit_ros_planning_interface:/home/lijiaqian/ws_ros2/install/moveit_ros_move_group:/home/lijiaqian/ws_ros2/install/moveit_planners_ompl:/home/lijiaqian/ws_ros2/install/moveit_fake_controller_manager:/home/lijiaqian/ws_ros2/install/moveit_ros_planning:/home/lijiaqian/ws_ros2/install/moveit_ros_occupancy_map_monitor:/home/lijiaqian/ws_ros2/install/moveit_kinematics:/home/lijiaqian/ws_ros2/install/moveit_core:/home/lijiaqian/ws_ros2/install/srdfdom:/home/lijiaqian/ws_ros2/install/fake_joint_driver:/home/lijiaqian/ws_ros2/install/ros2_controllers:/home/lijiaqian/ws_ros2/install/moveit_resources:/home/lijiaqian/ws_ros2/install/moveit_resources_pr2_description:/home/lijiaqian/ws_ros2/install/moveit_resources_panda_moveit_config:/home/lijiaqian/ws_ros2/install/moveit_resources_panda_description:/home/lijiaqian/ws_ros2/install/moveit_resources_fanuc_moveit_config:/home/lijiaqian/ws_ros2/install/moveit_resources_fanuc_description:/home/lijiaqian/ws_ros2/install/moveit_msgs:/home/lijiaqian/ws_ros2/install/moveit_common:/home/lijiaqian/ws_ros2/install/joint_trajectory_controller:/home/lijiaqian/ws_ros2/install/joint_state_controller:/home/lijiaqian/ws_ros2/install/diff_drive_controller:/home/lijiaqian/ws_ros2/install/controller_manager:/home/lijiaqian/ws_ros2/install/controller_interface:/home/lijiaqian/ws_ros2/install/hardware_interface:/home/lijiaqian/ws_ros2/install/geometric_shapes:/opt/ros/foxy LD_LIBRARY_PATH=/home/lijiaqian/prak_ws/install/pivot_msg/lib:/home/lijiaqian/prak_ws/install/tutorial_interfaces/lib:/home/lijiaqian/prak_ws/install/telemanipulator/libs:/home/lijiaqian/prak_ws/install/telemanipulator/lib:/home/lijiaqian/ws_ros2/install/warehouse_ros_mongo/lib:/home/lijiaqian/ws_ros2/install/moveit_ros_visualization/lib:/home/lijiaqian/ws_ros2/install/moveit_ros_benchmarks/lib:/home/lijiaqian/ws_ros2/install/moveit_ros_warehouse/lib:/home/lijiaqian/ws_ros2/install/warehouse_ros/lib:/home/lijiaqian/ws_ros2/install/transmission_interface/lib:/home/lijiaqian/ws_ros2/install/test_robot_hardware/lib:/home/lijiaqian/ws_ros2/install/moveit_simple_controller_manager/lib:/home/lijiaqian/ws_ros2/install/moveit_servo/lib:/home/lijiaqian/ws_ros2/install/moveit_ros_robot_interaction/lib:/home/lijiaqian/ws_ros2/install/moveit_ros_planning_interface/lib:/home/lijiaqian/ws_ros2/install/moveit_ros_move_group/lib:/home/lijiaqian/ws_ros2/install/moveit_planners_ompl/lib:/home/lijiaqian/ws_ros2/install/moveit_fake_controller_manager/lib:/home/lijiaqian/ws_ros2/install/moveit_ros_planning/lib:/home/lijiaqian/ws_ros2/install/moveit_ros_occupancy_map_monitor/lib:/home/lijiaqian/ws_ros2/install/moveit_kinematics/lib:/home/lijiaqian/ws_ros2/install/moveit_core/lib:/home/lijiaqian/ws_ros2/install/srdfdom/lib:/home/lijiaqian/ws_ros2/install/moveit_msgs/lib:/home/lijiaqian/ws_ros2/install/joint_trajectory_controller/lib:/home/lijiaqian/ws_ros2/install/joint_state_controller/lib:/home/lijiaqian/ws_ros2/install/diff_drive_controller/lib:/home/lijiaqian/ws_ros2/install/controller_manager/lib:/home/lijiaqian/ws_ros2/install/controller_interface/lib:/home/lijiaqian/ws_ros2/install/hardware_interface/lib:/home/lijiaqian/ws_ros2/install/geometric_shapes/lib:/opt/ros/foxy/opt/yaml_cpp_vendor/lib:/opt/ros/foxy/opt/rviz_ogre_vendor/lib:/opt/ros/foxy/lib/x86_64-linux-gnu:/opt/ros/foxy/lib PYTHONPATH=/home/lijiaqian/prak_ws/install/pivot_msg/lib/python3.8/site-packages:/home/lijiaqian/prak_ws/install/tutorial_interfaces/lib/python3.8/site-packages:/home/lijiaqian/prak_ws/install/telemanipulator/lib/python3.8/site-packages:/home/lijiaqian/ws_ros2/install/warehouse_ros_mongo/lib/python3.8/site-packages:/home/lijiaqian/ws_ros2/install/moveit_msgs/lib/python3.8/site-packages:/opt/ros/foxy/lib/python3.8/site-packages /usr/bin/cmake --install /home/lijiaqian/prak_ws/build/telemanipulator
[23.051s] Level 1:colcon.colcon_core.environment:create_environment_scripts_only(telemanipulator)
[23.052s] Level 1:colcon.colcon_core.environment:checking '/home/lijiaqian/prak_ws/install/telemanipulator' for CMake module files
[23.053s] DEBUG:colcon.colcon_core.event_handler.log_command:Invoked command in '/home/lijiaqian/prak_ws/build/telemanipulator' returned '0': CMAKE_PREFIX_PATH=/home/lijiaqian/prak_ws/install/pivot_msg:/home/lijiaqian/prak_ws/install/tutorial_interfaces:/home/lijiaqian/prak_ws/install/telemanipulator:/home/lijiaqian/prak_ws/install/panda_description:/home/lijiaqian/ws_ros2/install/warehouse_ros_mongo:/home/lijiaqian/ws_ros2/install/moveit_ros_visualization:/home/lijiaqian/ws_ros2/install/moveit_ros_benchmarks:/home/lijiaqian/ws_ros2/install/moveit_ros_warehouse:/home/lijiaqian/ws_ros2/install/warehouse_ros:/home/lijiaqian/ws_ros2/install/ros2_control:/home/lijiaqian/ws_ros2/install/transmission_interface:/home/lijiaqian/ws_ros2/install/test_robot_hardware:/home/lijiaqian/ws_ros2/install/run_moveit_cpp:/home/lijiaqian/ws_ros2/install/run_move_group:/home/lijiaqian/ws_ros2/install/moveit_simple_controller_manager:/home/lijiaqian/ws_ros2/install/moveit_servo:/home/lijiaqian/ws_ros2/install/moveit_ros_robot_interaction:/home/lijiaqian/ws_ros2/install/moveit_ros_planning_interface:/home/lijiaqian/ws_ros2/install/moveit_ros_move_group:/home/lijiaqian/ws_ros2/install/moveit_planners_ompl:/home/lijiaqian/ws_ros2/install/moveit_fake_controller_manager:/home/lijiaqian/ws_ros2/install/moveit_ros_planning:/home/lijiaqian/ws_ros2/install/moveit_ros_occupancy_map_monitor:/home/lijiaqian/ws_ros2/install/moveit_kinematics:/home/lijiaqian/ws_ros2/install/moveit_core:/home/lijiaqian/ws_ros2/install/srdfdom:/home/lijiaqian/ws_ros2/install/fake_joint_driver:/home/lijiaqian/ws_ros2/install/ros2_controllers:/home/lijiaqian/ws_ros2/install/moveit_resources:/home/lijiaqian/ws_ros2/install/moveit_resources_pr2_description:/home/lijiaqian/ws_ros2/install/moveit_resources_panda_moveit_config:/home/lijiaqian/ws_ros2/install/moveit_resources_panda_description:/home/lijiaqian/ws_ros2/install/moveit_resources_fanuc_moveit_config:/home/lijiaqian/ws_ros2/install/moveit_resources_fanuc_description:/home/lijiaqian/ws_ros2/install/moveit_msgs:/home/lijiaqian/ws_ros2/install/moveit_common:/home/lijiaqian/ws_ros2/install/joint_trajectory_controller:/home/lijiaqian/ws_ros2/install/joint_state_controller:/home/lijiaqian/ws_ros2/install/diff_drive_controller:/home/lijiaqian/ws_ros2/install/controller_manager:/home/lijiaqian/ws_ros2/install/controller_interface:/home/lijiaqian/ws_ros2/install/hardware_interface:/home/lijiaqian/ws_ros2/install/geometric_shapes:/opt/ros/foxy LD_LIBRARY_PATH=/home/lijiaqian/prak_ws/install/pivot_msg/lib:/home/lijiaqian/prak_ws/install/tutorial_interfaces/lib:/home/lijiaqian/prak_ws/install/telemanipulator/libs:/home/lijiaqian/prak_ws/install/telemanipulator/lib:/home/lijiaqian/ws_ros2/install/warehouse_ros_mongo/lib:/home/lijiaqian/ws_ros2/install/moveit_ros_visualization/lib:/home/lijiaqian/ws_ros2/install/moveit_ros_benchmarks/lib:/home/lijiaqian/ws_ros2/install/moveit_ros_warehouse/lib:/home/lijiaqian/ws_ros2/install/warehouse_ros/lib:/home/lijiaqian/ws_ros2/install/transmission_interface/lib:/home/lijiaqian/ws_ros2/install/test_robot_hardware/lib:/home/lijiaqian/ws_ros2/install/moveit_simple_controller_manager/lib:/home/lijiaqian/ws_ros2/install/moveit_servo/lib:/home/lijiaqian/ws_ros2/install/moveit_ros_robot_interaction/lib:/home/lijiaqian/ws_ros2/install/moveit_ros_planning_interface/lib:/home/lijiaqian/ws_ros2/install/moveit_ros_move_group/lib:/home/lijiaqian/ws_ros2/install/moveit_planners_ompl/lib:/home/lijiaqian/ws_ros2/install/moveit_fake_controller_manager/lib:/home/lijiaqian/ws_ros2/install/moveit_ros_planning/lib:/home/lijiaqian/ws_ros2/install/moveit_ros_occupancy_map_monitor/lib:/home/lijiaqian/ws_ros2/install/moveit_kinematics/lib:/home/lijiaqian/ws_ros2/install/moveit_core/lib:/home/lijiaqian/ws_ros2/install/srdfdom/lib:/home/lijiaqian/ws_ros2/install/moveit_msgs/lib:/home/lijiaqian/ws_ros2/install/joint_trajectory_controller/lib:/home/lijiaqian/ws_ros2/install/joint_state_controller/lib:/home/lijiaqian/ws_ros2/install/diff_drive_controller/lib:/home/lijiaqian/ws_ros2/install/controller_manager/lib:/home/lijiaqian/ws_ros2/install/controller_interface/lib:/home/lijiaqian/ws_ros2/install/hardware_interface/lib:/home/lijiaqian/ws_ros2/install/geometric_shapes/lib:/opt/ros/foxy/opt/yaml_cpp_vendor/lib:/opt/ros/foxy/opt/rviz_ogre_vendor/lib:/opt/ros/foxy/lib/x86_64-linux-gnu:/opt/ros/foxy/lib PYTHONPATH=/home/lijiaqian/prak_ws/install/pivot_msg/lib/python3.8/site-packages:/home/lijiaqian/prak_ws/install/tutorial_interfaces/lib/python3.8/site-packages:/home/lijiaqian/prak_ws/install/telemanipulator/lib/python3.8/site-packages:/home/lijiaqian/ws_ros2/install/warehouse_ros_mongo/lib/python3.8/site-packages:/home/lijiaqian/ws_ros2/install/moveit_msgs/lib/python3.8/site-packages:/opt/ros/foxy/lib/python3.8/site-packages /usr/bin/cmake --install /home/lijiaqian/prak_ws/build/telemanipulator
[23.054s] Level 1:colcon.colcon_core.environment:checking '/home/lijiaqian/prak_ws/install/telemanipulator' for CMake config files
[23.055s] Level 1:colcon.colcon_core.shell:create_environment_hook('telemanipulator', 'cmake_prefix_path')
[23.055s] INFO:colcon.colcon_core.shell:Creating environment hook '/home/lijiaqian/prak_ws/install/telemanipulator/share/telemanipulator/hook/cmake_prefix_path.ps1'
[23.056s] INFO:colcon.colcon_core.shell:Creating environment descriptor '/home/lijiaqian/prak_ws/install/telemanipulator/share/telemanipulator/hook/cmake_prefix_path.dsv'
[23.056s] INFO:colcon.colcon_core.shell:Creating environment hook '/home/lijiaqian/prak_ws/install/telemanipulator/share/telemanipulator/hook/cmake_prefix_path.sh'
[23.057s] Level 1:colcon.colcon_core.environment:checking '/home/lijiaqian/prak_ws/install/telemanipulator/lib'
[23.058s] Level 1:colcon.colcon_core.shell:create_environment_hook('telemanipulator', 'ld_library_path_lib')
[23.058s] INFO:colcon.colcon_core.shell:Creating environment hook '/home/lijiaqian/prak_ws/install/telemanipulator/share/telemanipulator/hook/ld_library_path_lib.ps1'
[23.059s] INFO:colcon.colcon_core.shell:Creating environment descriptor '/home/lijiaqian/prak_ws/install/telemanipulator/share/telemanipulator/hook/ld_library_path_lib.dsv'
[23.059s] INFO:colcon.colcon_core.shell:Creating environment hook '/home/lijiaqian/prak_ws/install/telemanipulator/share/telemanipulator/hook/ld_library_path_lib.sh'
[23.060s] Level 1:colcon.colcon_core.environment:checking '/home/lijiaqian/prak_ws/install/telemanipulator/libs'
[23.060s] Level 1:colcon.colcon_core.shell:create_environment_hook('telemanipulator', 'ld_library_path_libs')
[23.060s] INFO:colcon.colcon_core.shell:Creating environment hook '/home/lijiaqian/prak_ws/install/telemanipulator/share/telemanipulator/hook/ld_library_path_libs.ps1'
[23.061s] INFO:colcon.colcon_core.shell:Creating environment descriptor '/home/lijiaqian/prak_ws/install/telemanipulator/share/telemanipulator/hook/ld_library_path_libs.dsv'
[23.061s] INFO:colcon.colcon_core.shell:Creating environment hook '/home/lijiaqian/prak_ws/install/telemanipulator/share/telemanipulator/hook/ld_library_path_libs.sh'
[23.062s] Level 1:colcon.colcon_core.environment:checking '/home/lijiaqian/prak_ws/install/telemanipulator/bin'
[23.062s] Level 1:colcon.colcon_core.environment:checking '/home/lijiaqian/prak_ws/install/telemanipulator/lib/pkgconfig/telemanipulator.pc'
[23.063s] Level 1:colcon.colcon_core.environment:checking '/home/lijiaqian/prak_ws/install/telemanipulator/lib/python3.8/site-packages'
[23.063s] Level 1:colcon.colcon_core.shell:create_environment_hook('telemanipulator', 'pythonpath')
[23.063s] INFO:colcon.colcon_core.shell:Creating environment hook '/home/lijiaqian/prak_ws/install/telemanipulator/share/telemanipulator/hook/pythonpath.ps1'
[23.064s] INFO:colcon.colcon_core.shell:Creating environment descriptor '/home/lijiaqian/prak_ws/install/telemanipulator/share/telemanipulator/hook/pythonpath.dsv'
[23.065s] INFO:colcon.colcon_core.shell:Creating environment hook '/home/lijiaqian/prak_ws/install/telemanipulator/share/telemanipulator/hook/pythonpath.sh'
[23.066s] INFO:colcon.colcon_core.shell:Creating package script '/home/lijiaqian/prak_ws/install/telemanipulator/share/telemanipulator/package.ps1'
[23.066s] INFO:colcon.colcon_core.shell:Creating package descriptor '/home/lijiaqian/prak_ws/install/telemanipulator/share/telemanipulator/package.dsv'
[23.067s] INFO:colcon.colcon_core.shell:Creating package script '/home/lijiaqian/prak_ws/install/telemanipulator/share/telemanipulator/package.sh'
[23.068s] INFO:colcon.colcon_core.shell:Creating package script '/home/lijiaqian/prak_ws/install/telemanipulator/share/telemanipulator/package.bash'
[23.068s] INFO:colcon.colcon_core.shell:Creating package script '/home/lijiaqian/prak_ws/install/telemanipulator/share/telemanipulator/package.zsh'
[23.069s] Level 1:colcon.colcon_core.environment:create_file_with_runtime_dependencies(/home/lijiaqian/prak_ws/install/telemanipulator/share/colcon-core/packages/telemanipulator)
[23.146s] Level 1:colcon.colcon_core.environment:create_environment_scripts_only(telemanipulator)
[23.147s] Level 1:colcon.colcon_core.environment:checking '/home/lijiaqian/prak_ws/install/telemanipulator' for CMake module files
[23.147s] Level 1:colcon.colcon_core.environment:checking '/home/lijiaqian/prak_ws/install/telemanipulator' for CMake config files
[23.148s] Level 1:colcon.colcon_core.shell:create_environment_hook('telemanipulator', 'cmake_prefix_path')
[23.148s] INFO:colcon.colcon_core.shell:Creating environment hook '/home/lijiaqian/prak_ws/install/telemanipulator/share/telemanipulator/hook/cmake_prefix_path.ps1'
[23.149s] INFO:colcon.colcon_core.shell:Creating environment descriptor '/home/lijiaqian/prak_ws/install/telemanipulator/share/telemanipulator/hook/cmake_prefix_path.dsv'
[23.150s] INFO:colcon.colcon_core.shell:Creating environment hook '/home/lijiaqian/prak_ws/install/telemanipulator/share/telemanipulator/hook/cmake_prefix_path.sh'
[23.150s] Level 1:colcon.colcon_core.environment:checking '/home/lijiaqian/prak_ws/install/telemanipulator/lib'
[23.150s] Level 1:colcon.colcon_core.shell:create_environment_hook('telemanipulator', 'ld_library_path_lib')
[23.151s] INFO:colcon.colcon_core.shell:Creating environment hook '/home/lijiaqian/prak_ws/install/telemanipulator/share/telemanipulator/hook/ld_library_path_lib.ps1'
[23.152s] INFO:colcon.colcon_core.shell:Creating environment descriptor '/home/lijiaqian/prak_ws/install/telemanipulator/share/telemanipulator/hook/ld_library_path_lib.dsv'
[23.152s] INFO:colcon.colcon_core.shell:Creating environment hook '/home/lijiaqian/prak_ws/install/telemanipulator/share/telemanipulator/hook/ld_library_path_lib.sh'
[23.152s] Level 1:colcon.colcon_core.environment:checking '/home/lijiaqian/prak_ws/install/telemanipulator/libs'
[23.153s] Level 1:colcon.colcon_core.shell:create_environment_hook('telemanipulator', 'ld_library_path_libs')
[23.153s] INFO:colcon.colcon_core.shell:Creating environment hook '/home/lijiaqian/prak_ws/install/telemanipulator/share/telemanipulator/hook/ld_library_path_libs.ps1'
[23.154s] INFO:colcon.colcon_core.shell:Creating environment descriptor '/home/lijiaqian/prak_ws/install/telemanipulator/share/telemanipulator/hook/ld_library_path_libs.dsv'
[23.154s] INFO:colcon.colcon_core.shell:Creating environment hook '/home/lijiaqian/prak_ws/install/telemanipulator/share/telemanipulator/hook/ld_library_path_libs.sh'
[23.155s] Level 1:colcon.colcon_core.environment:checking '/home/lijiaqian/prak_ws/install/telemanipulator/bin'
[23.155s] Level 1:colcon.colcon_core.environment:checking '/home/lijiaqian/prak_ws/install/telemanipulator/lib/pkgconfig/telemanipulator.pc'
[23.155s] Level 1:colcon.colcon_core.environment:checking '/home/lijiaqian/prak_ws/install/telemanipulator/lib/python3.8/site-packages'
[23.155s] Level 1:colcon.colcon_core.shell:create_environment_hook('telemanipulator', 'pythonpath')
[23.156s] INFO:colcon.colcon_core.shell:Creating environment hook '/home/lijiaqian/prak_ws/install/telemanipulator/share/telemanipulator/hook/pythonpath.ps1'
[23.156s] INFO:colcon.colcon_core.shell:Creating environment descriptor '/home/lijiaqian/prak_ws/install/telemanipulator/share/telemanipulator/hook/pythonpath.dsv'
[23.157s] INFO:colcon.colcon_core.shell:Creating environment hook '/home/lijiaqian/prak_ws/install/telemanipulator/share/telemanipulator/hook/pythonpath.sh'
[23.158s] INFO:colcon.colcon_core.shell:Creating package script '/home/lijiaqian/prak_ws/install/telemanipulator/share/telemanipulator/package.ps1'
[23.159s] INFO:colcon.colcon_core.shell:Creating package descriptor '/home/lijiaqian/prak_ws/install/telemanipulator/share/telemanipulator/package.dsv'
[23.160s] INFO:colcon.colcon_core.shell:Creating package script '/home/lijiaqian/prak_ws/install/telemanipulator/share/telemanipulator/package.sh'
[23.161s] INFO:colcon.colcon_core.shell:Creating package script '/home/lijiaqian/prak_ws/install/telemanipulator/share/telemanipulator/package.bash'
[23.161s] INFO:colcon.colcon_core.shell:Creating package script '/home/lijiaqian/prak_ws/install/telemanipulator/share/telemanipulator/package.zsh'
[23.162s] Level 1:colcon.colcon_core.environment:create_file_with_runtime_dependencies(/home/lijiaqian/prak_ws/install/telemanipulator/share/colcon-core/packages/telemanipulator)
[23.163s] DEBUG:colcon.colcon_parallel_executor.executor.parallel:closing loop
[23.163s] DEBUG:colcon.colcon_parallel_executor.executor.parallel:loop closed
[23.163s] DEBUG:colcon.colcon_parallel_executor.executor.parallel:run_until_complete finished with '0'
[23.163s] DEBUG:colcon.colcon_core.event_reactor:joining thread
[23.170s] INFO:colcon.colcon_core.plugin_system:Skipping extension 'colcon_notification.desktop_notification.terminal_notifier': Not used on non-Darwin systems
[23.170s] INFO:colcon.colcon_core.plugin_system:Skipping extension 'colcon_notification.desktop_notification.win32': Not used on non-Windows systems
[23.170s] INFO:colcon.colcon_notification.desktop_notification:Sending desktop notification using 'notify2'
[23.192s] DEBUG:colcon.colcon_core.event_reactor:joined thread
[23.193s] INFO:colcon.colcon_core.shell:Creating prefix script '/home/lijiaqian/prak_ws/install/local_setup.ps1'
[23.194s] INFO:colcon.colcon_core.shell:Creating prefix util module '/home/lijiaqian/prak_ws/install/_local_setup_util_ps1.py'
[23.195s] INFO:colcon.colcon_core.shell:Creating prefix chain script '/home/lijiaqian/prak_ws/install/setup.ps1'
[23.200s] INFO:colcon.colcon_core.shell:Creating prefix script '/home/lijiaqian/prak_ws/install/local_setup.sh'
[23.201s] INFO:colcon.colcon_core.shell:Creating prefix util module '/home/lijiaqian/prak_ws/install/_local_setup_util_sh.py'
[23.201s] INFO:colcon.colcon_core.shell:Creating prefix chain script '/home/lijiaqian/prak_ws/install/setup.sh'
[23.208s] INFO:colcon.colcon_core.shell:Creating prefix script '/home/lijiaqian/prak_ws/install/local_setup.bash'
[23.209s] INFO:colcon.colcon_core.shell:Creating prefix chain script '/home/lijiaqian/prak_ws/install/setup.bash'
[23.213s] INFO:colcon.colcon_core.shell:Creating prefix script '/home/lijiaqian/prak_ws/install/local_setup.zsh'
[23.214s] INFO:colcon.colcon_core.shell:Creating prefix chain script '/home/lijiaqian/prak_ws/install/setup.zsh'
