[0.282s] DEBUG:colcon:Command line arguments: ['/usr/bin/colcon', 'build']
[0.282s] DEBUG:colcon:Parsed command line arguments: Namespace(ament_cmake_args=None, base_paths=['.'], build_base='build', catkin_cmake_args=None, catkin_skip_building_tests=False, cmake_args=None, cmake_clean_cache=False, cmake_clean_first=False, cmake_force_configure=False, cmake_target=None, cmake_target_skip_unavailable=False, continue_on_error=False, event_handlers=None, executor='parallel', ignore_user_meta=False, install_base='install', log_base=None, log_level=None, main=<bound method BuildVerb.main of <colcon_core.verb.build.BuildVerb object at 0x7fc0562a8280>>, merge_install=False, metas=['./colcon.meta'], packages_above=None, packages_above_and_dependencies=None, packages_above_depth=None, packages_end=None, packages_ignore=None, packages_ignore_regex=None, packages_select=None, packages_select_build_failed=False, packages_select_by_dep=None, packages_select_regex=None, packages_select_test_failures=False, packages_skip=None, packages_skip_build_finished=False, packages_skip_by_dep=None, packages_skip_regex=None, packages_skip_test_passed=False, packages_skip_up_to=None, packages_start=None, packages_up_to=None, packages_up_to_regex=None, parallel_workers=3, paths=None, symlink_install=False, test_result_base=None, verb_extension=<colcon_core.verb.build.BuildVerb object at 0x7fc0562a8280>, verb_name='build', verb_parser=<colcon_defaults.argument_parser.defaults.DefaultArgumentsDecorator object at 0x7fc0562a87c0>)
[0.292s] Level 1:colcon.colcon_core.package_discovery:discover_packages(colcon_meta) check parameters
[0.292s] Level 1:colcon.colcon_core.package_discovery:discover_packages(recursive) check parameters
[0.292s] Level 1:colcon.colcon_core.package_discovery:discover_packages(ignore) check parameters
[0.292s] Level 1:colcon.colcon_core.package_discovery:discover_packages(path) check parameters
[0.292s] Level 1:colcon.colcon_core.package_discovery:discover_packages(colcon_meta) discover
[0.292s] Level 1:colcon.colcon_core.package_discovery:discover_packages(recursive) discover
[0.293s] INFO:colcon.colcon_core.package_discovery:Crawling recursively for packages in '/home/lijiaqian/prak_ws'
[0.293s] Level 1:colcon.colcon_core.package_identification:_identify(.) by extensions ['ignore', 'ignore_ament_install']
[0.293s] Level 1:colcon.colcon_core.package_identification:_identify(.) by extension 'ignore'
[0.293s] Level 1:colcon.colcon_core.package_identification:_identify(.) by extension 'ignore_ament_install'
[0.293s] Level 1:colcon.colcon_core.package_identification:_identify(.) by extensions ['colcon_pkg']
[0.293s] Level 1:colcon.colcon_core.package_identification:_identify(.) by extension 'colcon_pkg'
[0.293s] Level 1:colcon.colcon_core.package_identification:_identify(.) by extensions ['colcon_meta']
[0.293s] Level 1:colcon.colcon_core.package_identification:_identify(.) by extension 'colcon_meta'
[0.293s] Level 1:colcon.colcon_core.package_identification:_identify(.) by extensions ['ros']
[0.293s] Level 1:colcon.colcon_core.package_identification:_identify(.) by extension 'ros'
[0.306s] Level 1:colcon.colcon_core.package_identification:_identify(.) by extensions ['cmake', 'python']
[0.306s] Level 1:colcon.colcon_core.package_identification:_identify(.) by extension 'cmake'
[0.306s] Level 1:colcon.colcon_core.package_identification:_identify(.) by extension 'python'
[0.306s] Level 1:colcon.colcon_core.package_identification:_identify(.) by extensions ['python_setup_py']
[0.307s] Level 1:colcon.colcon_core.package_identification:_identify(.) by extension 'python_setup_py'
[0.307s] Level 1:colcon.colcon_core.package_identification:_identify(build) by extensions ['ignore', 'ignore_ament_install']
[0.307s] Level 1:colcon.colcon_core.package_identification:_identify(build) by extension 'ignore'
[0.307s] Level 1:colcon.colcon_core.package_identification:_identify(build) ignored
[0.307s] Level 1:colcon.colcon_core.package_identification:_identify(install) by extensions ['ignore', 'ignore_ament_install']
[0.307s] Level 1:colcon.colcon_core.package_identification:_identify(install) by extension 'ignore'
[0.307s] Level 1:colcon.colcon_core.package_identification:_identify(install) ignored
[0.307s] Level 1:colcon.colcon_core.package_identification:_identify(log) by extensions ['ignore', 'ignore_ament_install']
[0.307s] Level 1:colcon.colcon_core.package_identification:_identify(log) by extension 'ignore'
[0.307s] Level 1:colcon.colcon_core.package_identification:_identify(log) ignored
[0.308s] Level 1:colcon.colcon_core.package_identification:_identify(src) by extensions ['ignore', 'ignore_ament_install']
[0.308s] Level 1:colcon.colcon_core.package_identification:_identify(src) by extension 'ignore'
[0.308s] Level 1:colcon.colcon_core.package_identification:_identify(src) by extension 'ignore_ament_install'
[0.308s] Level 1:colcon.colcon_core.package_identification:_identify(src) by extensions ['colcon_pkg']
[0.308s] Level 1:colcon.colcon_core.package_identification:_identify(src) by extension 'colcon_pkg'
[0.308s] Level 1:colcon.colcon_core.package_identification:_identify(src) by extensions ['colcon_meta']
[0.308s] Level 1:colcon.colcon_core.package_identification:_identify(src) by extension 'colcon_meta'
[0.308s] Level 1:colcon.colcon_core.package_identification:_identify(src) by extensions ['ros']
[0.308s] Level 1:colcon.colcon_core.package_identification:_identify(src) by extension 'ros'
[0.308s] Level 1:colcon.colcon_core.package_identification:_identify(src) by extensions ['cmake', 'python']
[0.308s] Level 1:colcon.colcon_core.package_identification:_identify(src) by extension 'cmake'
[0.308s] Level 1:colcon.colcon_core.package_identification:_identify(src) by extension 'python'
[0.308s] Level 1:colcon.colcon_core.package_identification:_identify(src) by extensions ['python_setup_py']
[0.308s] Level 1:colcon.colcon_core.package_identification:_identify(src) by extension 'python_setup_py'
[0.308s] Level 1:colcon.colcon_core.package_identification:_identify(src/panda_description) by extensions ['ignore', 'ignore_ament_install']
[0.309s] Level 1:colcon.colcon_core.package_identification:_identify(src/panda_description) by extension 'ignore'
[0.309s] Level 1:colcon.colcon_core.package_identification:_identify(src/panda_description) by extension 'ignore_ament_install'
[0.309s] Level 1:colcon.colcon_core.package_identification:_identify(src/panda_description) by extensions ['colcon_pkg']
[0.309s] Level 1:colcon.colcon_core.package_identification:_identify(src/panda_description) by extension 'colcon_pkg'
[0.309s] Level 1:colcon.colcon_core.package_identification:_identify(src/panda_description) by extensions ['colcon_meta']
[0.309s] Level 1:colcon.colcon_core.package_identification:_identify(src/panda_description) by extension 'colcon_meta'
[0.309s] Level 1:colcon.colcon_core.package_identification:_identify(src/panda_description) by extensions ['ros']
[0.309s] Level 1:colcon.colcon_core.package_identification:_identify(src/panda_description) by extension 'ros'
[0.311s] DEBUG:colcon.colcon_core.package_identification:Package 'src/panda_description' with type 'ros.ament_cmake' and name 'panda_description'
[0.312s] Level 1:colcon.colcon_core.package_identification:_identify(src/pivot_msg) by extensions ['ignore', 'ignore_ament_install']
[0.312s] Level 1:colcon.colcon_core.package_identification:_identify(src/pivot_msg) by extension 'ignore'
[0.312s] Level 1:colcon.colcon_core.package_identification:_identify(src/pivot_msg) by extension 'ignore_ament_install'
[0.312s] Level 1:colcon.colcon_core.package_identification:_identify(src/pivot_msg) by extensions ['colcon_pkg']
[0.312s] Level 1:colcon.colcon_core.package_identification:_identify(src/pivot_msg) by extension 'colcon_pkg'
[0.312s] Level 1:colcon.colcon_core.package_identification:_identify(src/pivot_msg) by extensions ['colcon_meta']
[0.312s] Level 1:colcon.colcon_core.package_identification:_identify(src/pivot_msg) by extension 'colcon_meta'
[0.312s] Level 1:colcon.colcon_core.package_identification:_identify(src/pivot_msg) by extensions ['ros']
[0.312s] Level 1:colcon.colcon_core.package_identification:_identify(src/pivot_msg) by extension 'ros'
[0.313s] DEBUG:colcon.colcon_core.package_identification:Package 'src/pivot_msg' with type 'ros.ament_cmake' and name 'pivot_msg'
[0.313s] Level 1:colcon.colcon_core.package_identification:_identify(src/telemanipulator) by extensions ['ignore', 'ignore_ament_install']
[0.314s] Level 1:colcon.colcon_core.package_identification:_identify(src/telemanipulator) by extension 'ignore'
[0.314s] Level 1:colcon.colcon_core.package_identification:_identify(src/telemanipulator) by extension 'ignore_ament_install'
[0.314s] Level 1:colcon.colcon_core.package_identification:_identify(src/telemanipulator) by extensions ['colcon_pkg']
[0.314s] Level 1:colcon.colcon_core.package_identification:_identify(src/telemanipulator) by extension 'colcon_pkg'
[0.314s] Level 1:colcon.colcon_core.package_identification:_identify(src/telemanipulator) by extensions ['colcon_meta']
[0.314s] Level 1:colcon.colcon_core.package_identification:_identify(src/telemanipulator) by extension 'colcon_meta'
[0.314s] Level 1:colcon.colcon_core.package_identification:_identify(src/telemanipulator) by extensions ['ros']
[0.314s] Level 1:colcon.colcon_core.package_identification:_identify(src/telemanipulator) by extension 'ros'
[0.318s] DEBUG:colcon.colcon_core.package_identification:Package 'src/telemanipulator' with type 'ros.ament_cmake' and name 'telemanipulator'
[0.318s] Level 1:colcon.colcon_core.package_discovery:discover_packages(recursive) using defaults
[0.318s] Level 1:colcon.colcon_core.package_discovery:discover_packages(ignore) discover
[0.318s] Level 1:colcon.colcon_core.package_discovery:discover_packages(ignore) using defaults
[0.318s] Level 1:colcon.colcon_core.package_discovery:discover_packages(path) discover
[0.318s] Level 1:colcon.colcon_core.package_discovery:discover_packages(path) using defaults
[0.352s] Level 5:colcon.colcon_core.verb:set package 'panda_description' build argument 'cmake_args' from command line to 'None'
[0.352s] Level 5:colcon.colcon_core.verb:set package 'panda_description' build argument 'cmake_target' from command line to 'None'
[0.352s] Level 5:colcon.colcon_core.verb:set package 'panda_description' build argument 'cmake_target_skip_unavailable' from command line to 'False'
[0.352s] Level 5:colcon.colcon_core.verb:set package 'panda_description' build argument 'cmake_clean_cache' from command line to 'False'
[0.352s] Level 5:colcon.colcon_core.verb:set package 'panda_description' build argument 'cmake_clean_first' from command line to 'False'
[0.352s] Level 5:colcon.colcon_core.verb:set package 'panda_description' build argument 'cmake_force_configure' from command line to 'False'
[0.352s] Level 5:colcon.colcon_core.verb:set package 'panda_description' build argument 'ament_cmake_args' from command line to 'None'
[0.352s] Level 5:colcon.colcon_core.verb:set package 'panda_description' build argument 'catkin_cmake_args' from command line to 'None'
[0.352s] Level 5:colcon.colcon_core.verb:set package 'panda_description' build argument 'catkin_skip_building_tests' from command line to 'False'
[0.352s] DEBUG:colcon.colcon_core.verb:Building package 'panda_description' with the following arguments: {'ament_cmake_args': None, 'build_base': '/home/lijiaqian/prak_ws/build/panda_description', 'catkin_cmake_args': None, 'catkin_skip_building_tests': False, 'cmake_args': None, 'cmake_clean_cache': False, 'cmake_clean_first': False, 'cmake_force_configure': False, 'cmake_target': None, 'cmake_target_skip_unavailable': False, 'install_base': '/home/lijiaqian/prak_ws/install/panda_description', 'merge_install': False, 'path': '/home/lijiaqian/prak_ws/src/panda_description', 'symlink_install': False, 'test_result_base': None}
[0.355s] Level 5:colcon.colcon_core.verb:set package 'pivot_msg' build argument 'cmake_args' from command line to 'None'
[0.355s] Level 5:colcon.colcon_core.verb:set package 'pivot_msg' build argument 'cmake_target' from command line to 'None'
[0.355s] Level 5:colcon.colcon_core.verb:set package 'pivot_msg' build argument 'cmake_target_skip_unavailable' from command line to 'False'
[0.355s] Level 5:colcon.colcon_core.verb:set package 'pivot_msg' build argument 'cmake_clean_cache' from command line to 'False'
[0.355s] Level 5:colcon.colcon_core.verb:set package 'pivot_msg' build argument 'cmake_clean_first' from command line to 'False'
[0.355s] Level 5:colcon.colcon_core.verb:set package 'pivot_msg' build argument 'cmake_force_configure' from command line to 'False'
[0.355s] Level 5:colcon.colcon_core.verb:set package 'pivot_msg' build argument 'ament_cmake_args' from command line to 'None'
[0.355s] Level 5:colcon.colcon_core.verb:set package 'pivot_msg' build argument 'catkin_cmake_args' from command line to 'None'
[0.355s] Level 5:colcon.colcon_core.verb:set package 'pivot_msg' build argument 'catkin_skip_building_tests' from command line to 'False'
[0.355s] DEBUG:colcon.colcon_core.verb:Building package 'pivot_msg' with the following arguments: {'ament_cmake_args': None, 'build_base': '/home/lijiaqian/prak_ws/build/pivot_msg', 'catkin_cmake_args': None, 'catkin_skip_building_tests': False, 'cmake_args': None, 'cmake_clean_cache': False, 'cmake_clean_first': False, 'cmake_force_configure': False, 'cmake_target': None, 'cmake_target_skip_unavailable': False, 'install_base': '/home/lijiaqian/prak_ws/install/pivot_msg', 'merge_install': False, 'path': '/home/lijiaqian/prak_ws/src/pivot_msg', 'symlink_install': False, 'test_result_base': None}
[0.358s] Level 5:colcon.colcon_core.verb:set package 'telemanipulator' build argument 'cmake_args' from command line to 'None'
[0.358s] Level 5:colcon.colcon_core.verb:set package 'telemanipulator' build argument 'cmake_target' from command line to 'None'
[0.358s] Level 5:colcon.colcon_core.verb:set package 'telemanipulator' build argument 'cmake_target_skip_unavailable' from command line to 'False'
[0.359s] Level 5:colcon.colcon_core.verb:set package 'telemanipulator' build argument 'cmake_clean_cache' from command line to 'False'
[0.359s] Level 5:colcon.colcon_core.verb:set package 'telemanipulator' build argument 'cmake_clean_first' from command line to 'False'
[0.359s] Level 5:colcon.colcon_core.verb:set package 'telemanipulator' build argument 'cmake_force_configure' from command line to 'False'
[0.359s] Level 5:colcon.colcon_core.verb:set package 'telemanipulator' build argument 'ament_cmake_args' from command line to 'None'
[0.359s] Level 5:colcon.colcon_core.verb:set package 'telemanipulator' build argument 'catkin_cmake_args' from command line to 'None'
[0.359s] Level 5:colcon.colcon_core.verb:set package 'telemanipulator' build argument 'catkin_skip_building_tests' from command line to 'False'
[0.359s] DEBUG:colcon.colcon_core.verb:Building package 'telemanipulator' with the following arguments: {'ament_cmake_args': None, 'build_base': '/home/lijiaqian/prak_ws/build/telemanipulator', 'catkin_cmake_args': None, 'catkin_skip_building_tests': False, 'cmake_args': None, 'cmake_clean_cache': False, 'cmake_clean_first': False, 'cmake_force_configure': False, 'cmake_target': None, 'cmake_target_skip_unavailable': False, 'install_base': '/home/lijiaqian/prak_ws/install/telemanipulator', 'merge_install': False, 'path': '/home/lijiaqian/prak_ws/src/telemanipulator', 'symlink_install': False, 'test_result_base': None}
[0.359s] INFO:colcon.colcon_core.executor:Executing jobs using 'parallel' executor
[0.362s] DEBUG:colcon.colcon_parallel_executor.executor.parallel:run_until_complete
[0.362s] INFO:colcon.colcon_ros.task.ament_cmake.build:Building ROS package in '/home/lijiaqian/prak_ws/src/pivot_msg' with build type 'ament_cmake'
[0.363s] INFO:colcon.colcon_cmake.task.cmake.build:Building CMake package in '/home/lijiaqian/prak_ws/src/pivot_msg'
[0.368s] INFO:colcon.colcon_core.plugin_system:Skipping extension 'colcon_core.shell.bat': Not used on non-Windows systems
[0.368s] INFO:colcon.colcon_core.shell:Skip shell extension 'powershell' for command environment: Not usable outside of PowerShell
[0.368s] DEBUG:colcon.colcon_core.shell:Skip shell extension 'dsv' for command environment
[0.375s] DEBUG:colcon.colcon_core.shell:Ignoring prefix path '/opt/ros/foxy'
[0.381s] INFO:colcon.colcon_ros.task.ament_cmake.build:Building ROS package in '/home/lijiaqian/prak_ws/src/panda_description' with build type 'ament_cmake'
[0.382s] INFO:colcon.colcon_cmake.task.cmake.build:Building CMake package in '/home/lijiaqian/prak_ws/src/panda_description'
[0.383s] INFO:colcon.colcon_core.shell:Skip shell extension 'powershell' for command environment: Not usable outside of PowerShell
[0.383s] DEBUG:colcon.colcon_core.shell:Skip shell extension 'dsv' for command environment
[0.398s] DEBUG:colcon.colcon_core.shell:Ignoring prefix path '/opt/ros/foxy'
[0.419s] DEBUG:colcon.colcon_core.event_handler.log_command:Invoking command in '/home/lijiaqian/prak_ws/build/pivot_msg': CMAKE_PREFIX_PATH=${CMAKE_PREFIX_PATH}:/opt/ros/foxy /usr/bin/cmake --build /home/lijiaqian/prak_ws/build/pivot_msg -- -j3 -l3
[0.445s] DEBUG:colcon.colcon_core.event_handler.log_command:Invoking command in '/home/lijiaqian/prak_ws/build/panda_description': CMAKE_PREFIX_PATH=${CMAKE_PREFIX_PATH}:/opt/ros/foxy /usr/bin/cmake --build /home/lijiaqian/prak_ws/build/panda_description -- -j3 -l3
[0.575s] DEBUG:colcon.colcon_core.event_handler.log_command:Invoked command in '/home/lijiaqian/prak_ws/build/panda_description' returned '0': CMAKE_PREFIX_PATH=${CMAKE_PREFIX_PATH}:/opt/ros/foxy /usr/bin/cmake --build /home/lijiaqian/prak_ws/build/panda_description -- -j3 -l3
[0.722s] DEBUG:colcon.colcon_core.event_handler.log_command:Invoking command in '/home/lijiaqian/prak_ws/build/panda_description': CMAKE_PREFIX_PATH=${CMAKE_PREFIX_PATH}:/opt/ros/foxy /usr/bin/cmake --install /home/lijiaqian/prak_ws/build/panda_description
[0.746s] Level 1:colcon.colcon_core.environment:create_environment_scripts_only(panda_description)
[0.753s] Level 1:colcon.colcon_core.environment:checking '/home/lijiaqian/prak_ws/install/panda_description' for CMake module files
[0.761s] Level 1:colcon.colcon_core.environment:checking '/home/lijiaqian/prak_ws/install/panda_description' for CMake config files
[0.762s] Level 1:colcon.colcon_core.shell:create_environment_hook('panda_description', 'cmake_prefix_path')
[0.763s] INFO:colcon.colcon_core.shell:Creating environment hook '/home/lijiaqian/prak_ws/install/panda_description/share/panda_description/hook/cmake_prefix_path.ps1'
[0.765s] INFO:colcon.colcon_core.shell:Creating environment descriptor '/home/lijiaqian/prak_ws/install/panda_description/share/panda_description/hook/cmake_prefix_path.dsv'
[0.765s] INFO:colcon.colcon_core.shell:Creating environment hook '/home/lijiaqian/prak_ws/install/panda_description/share/panda_description/hook/cmake_prefix_path.sh'
[0.767s] Level 1:colcon.colcon_core.environment:checking '/home/lijiaqian/prak_ws/install/panda_description/bin'
[0.767s] Level 1:colcon.colcon_core.environment:checking '/home/lijiaqian/prak_ws/install/panda_description/lib/pkgconfig/panda_description.pc'
[0.767s] Level 1:colcon.colcon_core.environment:checking '/home/lijiaqian/prak_ws/install/panda_description/lib/python3.8/site-packages'
[0.768s] INFO:colcon.colcon_core.shell:Creating package script '/home/lijiaqian/prak_ws/install/panda_description/share/panda_description/package.ps1'
[0.769s] DEBUG:colcon.colcon_core.event_handler.log_command:Invoked command in '/home/lijiaqian/prak_ws/build/panda_description' returned '0': CMAKE_PREFIX_PATH=${CMAKE_PREFIX_PATH}:/opt/ros/foxy /usr/bin/cmake --install /home/lijiaqian/prak_ws/build/panda_description
[0.770s] INFO:colcon.colcon_core.shell:Creating package descriptor '/home/lijiaqian/prak_ws/install/panda_description/share/panda_description/package.dsv'
[0.771s] INFO:colcon.colcon_core.shell:Creating package script '/home/lijiaqian/prak_ws/install/panda_description/share/panda_description/package.sh'
[0.772s] INFO:colcon.colcon_core.shell:Creating package script '/home/lijiaqian/prak_ws/install/panda_description/share/panda_description/package.bash'
[0.772s] INFO:colcon.colcon_core.shell:Creating package script '/home/lijiaqian/prak_ws/install/panda_description/share/panda_description/package.zsh'
[0.773s] Level 1:colcon.colcon_core.environment:create_file_with_runtime_dependencies(/home/lijiaqian/prak_ws/install/panda_description/share/colcon-core/packages/panda_description)
[0.868s] Level 1:colcon.colcon_core.environment:create_environment_scripts_only(panda_description)
[0.869s] Level 1:colcon.colcon_core.environment:checking '/home/lijiaqian/prak_ws/install/panda_description' for CMake module files
[0.870s] Level 1:colcon.colcon_core.environment:checking '/home/lijiaqian/prak_ws/install/panda_description' for CMake config files
[0.876s] Level 1:colcon.colcon_core.shell:create_environment_hook('panda_description', 'cmake_prefix_path')
[0.877s] INFO:colcon.colcon_core.shell:Creating environment hook '/home/lijiaqian/prak_ws/install/panda_description/share/panda_description/hook/cmake_prefix_path.ps1'
[0.880s] INFO:colcon.colcon_core.shell:Creating environment descriptor '/home/lijiaqian/prak_ws/install/panda_description/share/panda_description/hook/cmake_prefix_path.dsv'
[0.882s] INFO:colcon.colcon_core.shell:Creating environment hook '/home/lijiaqian/prak_ws/install/panda_description/share/panda_description/hook/cmake_prefix_path.sh'
[0.905s] Level 1:colcon.colcon_core.environment:checking '/home/lijiaqian/prak_ws/install/panda_description/bin'
[0.905s] Level 1:colcon.colcon_core.environment:checking '/home/lijiaqian/prak_ws/install/panda_description/lib/pkgconfig/panda_description.pc'
[0.905s] Level 1:colcon.colcon_core.environment:checking '/home/lijiaqian/prak_ws/install/panda_description/lib/python3.8/site-packages'
[0.918s] INFO:colcon.colcon_core.shell:Creating package script '/home/lijiaqian/prak_ws/install/panda_description/share/panda_description/package.ps1'
[0.922s] INFO:colcon.colcon_core.shell:Creating package descriptor '/home/lijiaqian/prak_ws/install/panda_description/share/panda_description/package.dsv'
[0.929s] INFO:colcon.colcon_core.shell:Creating package script '/home/lijiaqian/prak_ws/install/panda_description/share/panda_description/package.sh'
[0.932s] INFO:colcon.colcon_core.shell:Creating package script '/home/lijiaqian/prak_ws/install/panda_description/share/panda_description/package.bash'
[0.936s] INFO:colcon.colcon_core.shell:Creating package script '/home/lijiaqian/prak_ws/install/panda_description/share/panda_description/package.zsh'
[0.940s] Level 1:colcon.colcon_core.environment:create_file_with_runtime_dependencies(/home/lijiaqian/prak_ws/install/panda_description/share/colcon-core/packages/panda_description)
[1.701s] DEBUG:colcon.colcon_core.event_handler.log_command:Invoked command in '/home/lijiaqian/prak_ws/build/pivot_msg' returned '0': CMAKE_PREFIX_PATH=${CMAKE_PREFIX_PATH}:/opt/ros/foxy /usr/bin/cmake --build /home/lijiaqian/prak_ws/build/pivot_msg -- -j3 -l3
[1.943s] DEBUG:colcon.colcon_core.event_handler.log_command:Invoking command in '/home/lijiaqian/prak_ws/build/pivot_msg': CMAKE_PREFIX_PATH=${CMAKE_PREFIX_PATH}:/opt/ros/foxy /usr/bin/cmake --install /home/lijiaqian/prak_ws/build/pivot_msg
[2.056s] Level 1:colcon.colcon_core.environment:create_environment_scripts_only(pivot_msg)
[2.058s] Level 1:colcon.colcon_core.environment:checking '/home/lijiaqian/prak_ws/install/pivot_msg' for CMake module files
[2.058s] Level 1:colcon.colcon_core.environment:checking '/home/lijiaqian/prak_ws/install/pivot_msg' for CMake config files
[2.059s] Level 1:colcon.colcon_core.shell:create_environment_hook('pivot_msg', 'cmake_prefix_path')
[2.060s] INFO:colcon.colcon_core.shell:Creating environment hook '/home/lijiaqian/prak_ws/install/pivot_msg/share/pivot_msg/hook/cmake_prefix_path.ps1'
[2.061s] INFO:colcon.colcon_core.shell:Creating environment descriptor '/home/lijiaqian/prak_ws/install/pivot_msg/share/pivot_msg/hook/cmake_prefix_path.dsv'
[2.061s] INFO:colcon.colcon_core.shell:Creating environment hook '/home/lijiaqian/prak_ws/install/pivot_msg/share/pivot_msg/hook/cmake_prefix_path.sh'
[2.062s] Level 1:colcon.colcon_core.environment:checking '/home/lijiaqian/prak_ws/install/pivot_msg/lib'
[2.063s] DEBUG:colcon.colcon_core.event_handler.log_command:Invoked command in '/home/lijiaqian/prak_ws/build/pivot_msg' returned '0': CMAKE_PREFIX_PATH=${CMAKE_PREFIX_PATH}:/opt/ros/foxy /usr/bin/cmake --install /home/lijiaqian/prak_ws/build/pivot_msg
[2.065s] Level 1:colcon.colcon_core.shell:create_environment_hook('pivot_msg', 'ld_library_path_lib')
[2.065s] INFO:colcon.colcon_core.shell:Creating environment hook '/home/lijiaqian/prak_ws/install/pivot_msg/share/pivot_msg/hook/ld_library_path_lib.ps1'
[2.066s] INFO:colcon.colcon_core.shell:Creating environment descriptor '/home/lijiaqian/prak_ws/install/pivot_msg/share/pivot_msg/hook/ld_library_path_lib.dsv'
[2.067s] INFO:colcon.colcon_core.shell:Creating environment hook '/home/lijiaqian/prak_ws/install/pivot_msg/share/pivot_msg/hook/ld_library_path_lib.sh'
[2.067s] Level 1:colcon.colcon_core.environment:checking '/home/lijiaqian/prak_ws/install/pivot_msg/bin'
[2.067s] Level 1:colcon.colcon_core.environment:checking '/home/lijiaqian/prak_ws/install/pivot_msg/lib/pkgconfig/pivot_msg.pc'
[2.067s] Level 1:colcon.colcon_core.environment:checking '/home/lijiaqian/prak_ws/install/pivot_msg/lib/python3.8/site-packages'
[2.067s] Level 1:colcon.colcon_core.shell:create_environment_hook('pivot_msg', 'pythonpath')
[2.068s] INFO:colcon.colcon_core.shell:Creating environment hook '/home/lijiaqian/prak_ws/install/pivot_msg/share/pivot_msg/hook/pythonpath.ps1'
[2.069s] INFO:colcon.colcon_core.shell:Creating environment descriptor '/home/lijiaqian/prak_ws/install/pivot_msg/share/pivot_msg/hook/pythonpath.dsv'
[2.069s] INFO:colcon.colcon_core.shell:Creating environment hook '/home/lijiaqian/prak_ws/install/pivot_msg/share/pivot_msg/hook/pythonpath.sh'
[2.071s] INFO:colcon.colcon_core.shell:Creating package script '/home/lijiaqian/prak_ws/install/pivot_msg/share/pivot_msg/package.ps1'
[2.072s] INFO:colcon.colcon_core.shell:Creating package descriptor '/home/lijiaqian/prak_ws/install/pivot_msg/share/pivot_msg/package.dsv'
[2.073s] INFO:colcon.colcon_core.shell:Creating package script '/home/lijiaqian/prak_ws/install/pivot_msg/share/pivot_msg/package.sh'
[2.074s] INFO:colcon.colcon_core.shell:Creating package script '/home/lijiaqian/prak_ws/install/pivot_msg/share/pivot_msg/package.bash'
[2.074s] INFO:colcon.colcon_core.shell:Creating package script '/home/lijiaqian/prak_ws/install/pivot_msg/share/pivot_msg/package.zsh'
[2.075s] Level 1:colcon.colcon_core.environment:create_file_with_runtime_dependencies(/home/lijiaqian/prak_ws/install/pivot_msg/share/colcon-core/packages/pivot_msg)
[2.321s] Level 1:colcon.colcon_core.environment:create_environment_scripts_only(pivot_msg)
[2.323s] Level 1:colcon.colcon_core.environment:checking '/home/lijiaqian/prak_ws/install/pivot_msg' for CMake module files
[2.323s] Level 1:colcon.colcon_core.environment:checking '/home/lijiaqian/prak_ws/install/pivot_msg' for CMake config files
[2.324s] Level 1:colcon.colcon_core.shell:create_environment_hook('pivot_msg', 'cmake_prefix_path')
[2.325s] INFO:colcon.colcon_core.shell:Creating environment hook '/home/lijiaqian/prak_ws/install/pivot_msg/share/pivot_msg/hook/cmake_prefix_path.ps1'
[2.328s] INFO:colcon.colcon_core.shell:Creating environment descriptor '/home/lijiaqian/prak_ws/install/pivot_msg/share/pivot_msg/hook/cmake_prefix_path.dsv'
[2.330s] INFO:colcon.colcon_core.shell:Creating environment hook '/home/lijiaqian/prak_ws/install/pivot_msg/share/pivot_msg/hook/cmake_prefix_path.sh'
[2.331s] Level 1:colcon.colcon_core.environment:checking '/home/lijiaqian/prak_ws/install/pivot_msg/lib'
[2.331s] Level 1:colcon.colcon_core.shell:create_environment_hook('pivot_msg', 'ld_library_path_lib')
[2.333s] INFO:colcon.colcon_core.shell:Creating environment hook '/home/lijiaqian/prak_ws/install/pivot_msg/share/pivot_msg/hook/ld_library_path_lib.ps1'
[2.334s] INFO:colcon.colcon_core.shell:Creating environment descriptor '/home/lijiaqian/prak_ws/install/pivot_msg/share/pivot_msg/hook/ld_library_path_lib.dsv'
[2.335s] INFO:colcon.colcon_core.shell:Creating environment hook '/home/lijiaqian/prak_ws/install/pivot_msg/share/pivot_msg/hook/ld_library_path_lib.sh'
[2.336s] Level 1:colcon.colcon_core.environment:checking '/home/lijiaqian/prak_ws/install/pivot_msg/bin'
[2.336s] Level 1:colcon.colcon_core.environment:checking '/home/lijiaqian/prak_ws/install/pivot_msg/lib/pkgconfig/pivot_msg.pc'
[2.337s] Level 1:colcon.colcon_core.environment:checking '/home/lijiaqian/prak_ws/install/pivot_msg/lib/python3.8/site-packages'
[2.338s] Level 1:colcon.colcon_core.shell:create_environment_hook('pivot_msg', 'pythonpath')
[2.339s] INFO:colcon.colcon_core.shell:Creating environment hook '/home/lijiaqian/prak_ws/install/pivot_msg/share/pivot_msg/hook/pythonpath.ps1'
[2.340s] INFO:colcon.colcon_core.shell:Creating environment descriptor '/home/lijiaqian/prak_ws/install/pivot_msg/share/pivot_msg/hook/pythonpath.dsv'
[2.341s] INFO:colcon.colcon_core.shell:Creating environment hook '/home/lijiaqian/prak_ws/install/pivot_msg/share/pivot_msg/hook/pythonpath.sh'
[2.343s] INFO:colcon.colcon_core.shell:Creating package script '/home/lijiaqian/prak_ws/install/pivot_msg/share/pivot_msg/package.ps1'
[2.347s] INFO:colcon.colcon_core.shell:Creating package descriptor '/home/lijiaqian/prak_ws/install/pivot_msg/share/pivot_msg/package.dsv'
[2.348s] INFO:colcon.colcon_core.shell:Creating package script '/home/lijiaqian/prak_ws/install/pivot_msg/share/pivot_msg/package.sh'
[2.350s] INFO:colcon.colcon_core.shell:Creating package script '/home/lijiaqian/prak_ws/install/pivot_msg/share/pivot_msg/package.bash'
[2.351s] INFO:colcon.colcon_core.shell:Creating package script '/home/lijiaqian/prak_ws/install/pivot_msg/share/pivot_msg/package.zsh'
[2.354s] Level 1:colcon.colcon_core.environment:create_file_with_runtime_dependencies(/home/lijiaqian/prak_ws/install/pivot_msg/share/colcon-core/packages/pivot_msg)
[2.357s] INFO:colcon.colcon_ros.task.ament_cmake.build:Building ROS package in '/home/lijiaqian/prak_ws/src/telemanipulator' with build type 'ament_cmake'
[2.358s] INFO:colcon.colcon_cmake.task.cmake.build:Building CMake package in '/home/lijiaqian/prak_ws/src/telemanipulator'
[2.359s] INFO:colcon.colcon_core.shell:Skip shell extension 'powershell' for command environment: Not usable outside of PowerShell
[2.359s] DEBUG:colcon.colcon_core.shell:Skip shell extension 'dsv' for command environment
[2.372s] DEBUG:colcon.colcon_core.shell:Ignoring prefix path '/opt/ros/foxy'
[2.403s] DEBUG:colcon.colcon_core.event_handler.log_command:Invoking command in '/home/lijiaqian/prak_ws/build/telemanipulator': CMAKE_PREFIX_PATH=/home/lijiaqian/prak_ws/install/pivot_msg:/home/lijiaqian/prak_ws/install/tutorial_interfaces:/home/lijiaqian/prak_ws/install/telemanipulator:/home/lijiaqian/prak_ws/install/panda_description:/home/lijiaqian/ws_ros2/install/warehouse_ros_mongo:/home/lijiaqian/ws_ros2/install/moveit_ros_visualization:/home/lijiaqian/ws_ros2/install/moveit_ros_benchmarks:/home/lijiaqian/ws_ros2/install/moveit_ros_warehouse:/home/lijiaqian/ws_ros2/install/warehouse_ros:/home/lijiaqian/ws_ros2/install/ros2_control:/home/lijiaqian/ws_ros2/install/transmission_interface:/home/lijiaqian/ws_ros2/install/test_robot_hardware:/home/lijiaqian/ws_ros2/install/run_moveit_cpp:/home/lijiaqian/ws_ros2/install/run_move_group:/home/lijiaqian/ws_ros2/install/moveit_simple_controller_manager:/home/lijiaqian/ws_ros2/install/moveit_servo:/home/lijiaqian/ws_ros2/install/moveit_ros_robot_interaction:/home/lijiaqian/ws_ros2/install/moveit_ros_planning_interface:/home/lijiaqian/ws_ros2/install/moveit_ros_move_group:/home/lijiaqian/ws_ros2/install/moveit_planners_ompl:/home/lijiaqian/ws_ros2/install/moveit_fake_controller_manager:/home/lijiaqian/ws_ros2/install/moveit_ros_planning:/home/lijiaqian/ws_ros2/install/moveit_ros_occupancy_map_monitor:/home/lijiaqian/ws_ros2/install/moveit_kinematics:/home/lijiaqian/ws_ros2/install/moveit_core:/home/lijiaqian/ws_ros2/install/srdfdom:/home/lijiaqian/ws_ros2/install/fake_joint_driver:/home/lijiaqian/ws_ros2/install/ros2_controllers:/home/lijiaqian/ws_ros2/install/moveit_resources:/home/lijiaqian/ws_ros2/install/moveit_resources_pr2_description:/home/lijiaqian/ws_ros2/install/moveit_resources_panda_moveit_config:/home/lijiaqian/ws_ros2/install/moveit_resources_panda_description:/home/lijiaqian/ws_ros2/install/moveit_resources_fanuc_moveit_config:/home/lijiaqian/ws_ros2/install/moveit_resources_fanuc_description:/home/lijiaqian/ws_ros2/install/moveit_msgs:/home/lijiaqian/ws_ros2/install/moveit_common:/home/lijiaqian/ws_ros2/install/joint_trajectory_controller:/home/lijiaqian/ws_ros2/install/joint_state_controller:/home/lijiaqian/ws_ros2/install/diff_drive_controller:/home/lijiaqian/ws_ros2/install/controller_manager:/home/lijiaqian/ws_ros2/install/controller_interface:/home/lijiaqian/ws_ros2/install/hardware_interface:/home/lijiaqian/ws_ros2/install/geometric_shapes:/opt/ros/foxy LD_LIBRARY_PATH=/home/lijiaqian/prak_ws/install/pivot_msg/lib:/home/lijiaqian/prak_ws/install/tutorial_interfaces/lib:/home/lijiaqian/prak_ws/install/telemanipulator/libs:/home/lijiaqian/prak_ws/install/telemanipulator/lib:/home/lijiaqian/ws_ros2/install/warehouse_ros_mongo/lib:/home/lijiaqian/ws_ros2/install/moveit_ros_visualization/lib:/home/lijiaqian/ws_ros2/install/moveit_ros_benchmarks/lib:/home/lijiaqian/ws_ros2/install/moveit_ros_warehouse/lib:/home/lijiaqian/ws_ros2/install/warehouse_ros/lib:/home/lijiaqian/ws_ros2/install/transmission_interface/lib:/home/lijiaqian/ws_ros2/install/test_robot_hardware/lib:/home/lijiaqian/ws_ros2/install/moveit_simple_controller_manager/lib:/home/lijiaqian/ws_ros2/install/moveit_servo/lib:/home/lijiaqian/ws_ros2/install/moveit_ros_robot_interaction/lib:/home/lijiaqian/ws_ros2/install/moveit_ros_planning_interface/lib:/home/lijiaqian/ws_ros2/install/moveit_ros_move_group/lib:/home/lijiaqian/ws_ros2/install/moveit_planners_ompl/lib:/home/lijiaqian/ws_ros2/install/moveit_fake_controller_manager/lib:/home/lijiaqian/ws_ros2/install/moveit_ros_planning/lib:/home/lijiaqian/ws_ros2/install/moveit_ros_occupancy_map_monitor/lib:/home/lijiaqian/ws_ros2/install/moveit_kinematics/lib:/home/lijiaqian/ws_ros2/install/moveit_core/lib:/home/lijiaqian/ws_ros2/install/srdfdom/lib:/home/lijiaqian/ws_ros2/install/moveit_msgs/lib:/home/lijiaqian/ws_ros2/install/joint_trajectory_controller/lib:/home/lijiaqian/ws_ros2/install/joint_state_controller/lib:/home/lijiaqian/ws_ros2/install/diff_drive_controller/lib:/home/lijiaqian/ws_ros2/install/controller_manager/lib:/home/lijiaqian/ws_ros2/install/controller_interface/lib:/home/lijiaqian/ws_ros2/install/hardware_interface/lib:/home/lijiaqian/ws_ros2/install/geometric_shapes/lib:/opt/ros/foxy/opt/yaml_cpp_vendor/lib:/opt/ros/foxy/opt/rviz_ogre_vendor/lib:/opt/ros/foxy/lib/x86_64-linux-gnu:/opt/ros/foxy/lib PYTHONPATH=/home/lijiaqian/prak_ws/install/pivot_msg/lib/python3.8/site-packages:/home/lijiaqian/prak_ws/install/tutorial_interfaces/lib/python3.8/site-packages:/home/lijiaqian/prak_ws/install/telemanipulator/lib/python3.8/site-packages:/home/lijiaqian/ws_ros2/install/warehouse_ros_mongo/lib/python3.8/site-packages:/home/lijiaqian/ws_ros2/install/moveit_msgs/lib/python3.8/site-packages:/opt/ros/foxy/lib/python3.8/site-packages /usr/bin/cmake --build /home/lijiaqian/prak_ws/build/telemanipulator -- -j3 -l3
[22.740s] DEBUG:colcon.colcon_core.event_handler.log_command:Invoked command in '/home/lijiaqian/prak_ws/build/telemanipulator' returned '0': CMAKE_PREFIX_PATH=/home/lijiaqian/prak_ws/install/pivot_msg:/home/lijiaqian/prak_ws/install/tutorial_interfaces:/home/lijiaqian/prak_ws/install/telemanipulator:/home/lijiaqian/prak_ws/install/panda_description:/home/lijiaqian/ws_ros2/install/warehouse_ros_mongo:/home/lijiaqian/ws_ros2/install/moveit_ros_visualization:/home/lijiaqian/ws_ros2/install/moveit_ros_benchmarks:/home/lijiaqian/ws_ros2/install/moveit_ros_warehouse:/home/lijiaqian/ws_ros2/install/warehouse_ros:/home/lijiaqian/ws_ros2/install/ros2_control:/home/lijiaqian/ws_ros2/install/transmission_interface:/home/lijiaqian/ws_ros2/install/test_robot_hardware:/home/lijiaqian/ws_ros2/install/run_moveit_cpp:/home/lijiaqian/ws_ros2/install/run_move_group:/home/lijiaqian/ws_ros2/install/moveit_simple_controller_manager:/home/lijiaqian/ws_ros2/install/moveit_servo:/home/lijiaqian/ws_ros2/install/moveit_ros_robot_interaction:/home/lijiaqian/ws_ros2/install/moveit_ros_planning_interface:/home/lijiaqian/ws_ros2/install/moveit_ros_move_group:/home/lijiaqian/ws_ros2/install/moveit_planners_ompl:/home/lijiaqian/ws_ros2/install/moveit_fake_controller_manager:/home/lijiaqian/ws_ros2/install/moveit_ros_planning:/home/lijiaqian/ws_ros2/install/moveit_ros_occupancy_map_monitor:/home/lijiaqian/ws_ros2/install/moveit_kinematics:/home/lijiaqian/ws_ros2/install/moveit_core:/home/lijiaqian/ws_ros2/install/srdfdom:/home/lijiaqian/ws_ros2/install/fake_joint_driver:/home/lijiaqian/ws_ros2/install/ros2_controllers:/home/lijiaqian/ws_ros2/install/moveit_resources:/home/lijiaqian/ws_ros2/install/moveit_resources_pr2_description:/home/lijiaqian/ws_ros2/install/moveit_resources_panda_moveit_config:/home/lijiaqian/ws_ros2/install/moveit_resources_panda_description:/home/lijiaqian/ws_ros2/install/moveit_resources_fanuc_moveit_config:/home/lijiaqian/ws_ros2/install/moveit_resources_fanuc_description:/home/lijiaqian/ws_ros2/install/moveit_msgs:/home/lijiaqian/ws_ros2/install/moveit_common:/home/lijiaqian/ws_ros2/install/joint_trajectory_controller:/home/lijiaqian/ws_ros2/install/joint_state_controller:/home/lijiaqian/ws_ros2/install/diff_drive_controller:/home/lijiaqian/ws_ros2/install/controller_manager:/home/lijiaqian/ws_ros2/install/controller_interface:/home/lijiaqian/ws_ros2/install/hardware_interface:/home/lijiaqian/ws_ros2/install/geometric_shapes:/opt/ros/foxy LD_LIBRARY_PATH=/home/lijiaqian/prak_ws/install/pivot_msg/lib:/home/lijiaqian/prak_ws/install/tutorial_interfaces/lib:/home/lijiaqian/prak_ws/install/telemanipulator/libs:/home/lijiaqian/prak_ws/install/telemanipulator/lib:/home/lijiaqian/ws_ros2/install/warehouse_ros_mongo/lib:/home/lijiaqian/ws_ros2/install/moveit_ros_visualization/lib:/home/lijiaqian/ws_ros2/install/moveit_ros_benchmarks/lib:/home/lijiaqian/ws_ros2/install/moveit_ros_warehouse/lib:/home/lijiaqian/ws_ros2/install/warehouse_ros/lib:/home/lijiaqian/ws_ros2/install/transmission_interface/lib:/home/lijiaqian/ws_ros2/install/test_robot_hardware/lib:/home/lijiaqian/ws_ros2/install/moveit_simple_controller_manager/lib:/home/lijiaqian/ws_ros2/install/moveit_servo/lib:/home/lijiaqian/ws_ros2/install/moveit_ros_robot_interaction/lib:/home/lijiaqian/ws_ros2/install/moveit_ros_planning_interface/lib:/home/lijiaqian/ws_ros2/install/moveit_ros_move_group/lib:/home/lijiaqian/ws_ros2/install/moveit_planners_ompl/lib:/home/lijiaqian/ws_ros2/install/moveit_fake_controller_manager/lib:/home/lijiaqian/ws_ros2/install/moveit_ros_planning/lib:/home/lijiaqian/ws_ros2/install/moveit_ros_occupancy_map_monitor/lib:/home/lijiaqian/ws_ros2/install/moveit_kinematics/lib:/home/lijiaqian/ws_ros2/install/moveit_core/lib:/home/lijiaqian/ws_ros2/install/srdfdom/lib:/home/lijiaqian/ws_ros2/install/moveit_msgs/lib:/home/lijiaqian/ws_ros2/install/joint_trajectory_controller/lib:/home/lijiaqian/ws_ros2/install/joint_state_controller/lib:/home/lijiaqian/ws_ros2/install/diff_drive_controller/lib:/home/lijiaqian/ws_ros2/install/controller_manager/lib:/home/lijiaqian/ws_ros2/install/controller_interface/lib:/home/lijiaqian/ws_ros2/install/hardware_interface/lib:/home/lijiaqian/ws_ros2/install/geometric_shapes/lib:/opt/ros/foxy/opt/yaml_cpp_vendor/lib:/opt/ros/foxy/opt/rviz_ogre_vendor/lib:/opt/ros/foxy/lib/x86_64-linux-gnu:/opt/ros/foxy/lib PYTHONPATH=/home/lijiaqian/prak_ws/install/pivot_msg/lib/python3.8/site-packages:/home/lijiaqian/prak_ws/install/tutorial_interfaces/lib/python3.8/site-packages:/home/lijiaqian/prak_ws/install/telemanipulator/lib/python3.8/site-packages:/home/lijiaqian/ws_ros2/install/warehouse_ros_mongo/lib/python3.8/site-packages:/home/lijiaqian/ws_ros2/install/moveit_msgs/lib/python3.8/site-packages:/opt/ros/foxy/lib/python3.8/site-packages /usr/bin/cmake --build /home/lijiaqian/prak_ws/build/telemanipulator -- -j3 -l3
[22.833s] DEBUG:colcon.colcon_core.event_handler.log_command:Invoking command in '/home/lijiaqian/prak_ws/build/telemanipulator': CMAKE_PREFIX_PATH=/home/lijiaqian/prak_ws/install/pivot_msg:/home/lijiaqian/prak_ws/install/tutorial_interfaces:/home/lijiaqian/prak_ws/install/telemanipulator:/home/lijiaqian/prak_ws/install/panda_description:/home/lijiaqian/ws_ros2/install/warehouse_ros_mongo:/home/lijiaqian/ws_ros2/install/moveit_ros_visualization:/home/lijiaqian/ws_ros2/install/moveit_ros_benchmarks:/home/lijiaqian/ws_ros2/install/moveit_ros_warehouse:/home/lijiaqian/ws_ros2/install/warehouse_ros:/home/lijiaqian/ws_ros2/install/ros2_control:/home/lijiaqian/ws_ros2/install/transmission_interface:/home/lijiaqian/ws_ros2/install/test_robot_hardware:/home/lijiaqian/ws_ros2/install/run_moveit_cpp:/home/lijiaqian/ws_ros2/install/run_move_group:/home/lijiaqian/ws_ros2/install/moveit_simple_controller_manager:/home/lijiaqian/ws_ros2/install/moveit_servo:/home/lijiaqian/ws_ros2/install/moveit_ros_robot_interaction:/home/lijiaqian/ws_ros2/install/moveit_ros_planning_interface:/home/lijiaqian/ws_ros2/install/moveit_ros_move_group:/home/lijiaqian/ws_ros2/install/moveit_planners_ompl:/home/lijiaqian/ws_ros2/install/moveit_fake_controller_manager:/home/lijiaqian/ws_ros2/install/moveit_ros_planning:/home/lijiaqian/ws_ros2/install/moveit_ros_occupancy_map_monitor:/home/lijiaqian/ws_ros2/install/moveit_kinematics:/home/lijiaqian/ws_ros2/install/moveit_core:/home/lijiaqian/ws_ros2/install/srdfdom:/home/lijiaqian/ws_ros2/install/fake_joint_driver:/home/lijiaqian/ws_ros2/install/ros2_controllers:/home/lijiaqian/ws_ros2/install/moveit_resources:/home/lijiaqian/ws_ros2/install/moveit_resources_pr2_description:/home/lijiaqian/ws_ros2/install/moveit_resources_panda_moveit_config:/home/lijiaqian/ws_ros2/install/moveit_resources_panda_description:/home/lijiaqian/ws_ros2/install/moveit_resources_fanuc_moveit_config:/home/lijiaqian/ws_ros2/install/moveit_resources_fanuc_description:/home/lijiaqian/ws_ros2/install/moveit_msgs:/home/lijiaqian/ws_ros2/install/moveit_common:/home/lijiaqian/ws_ros2/install/joint_trajectory_controller:/home/lijiaqian/ws_ros2/install/joint_state_controller:/home/lijiaqian/ws_ros2/install/diff_drive_controller:/home/lijiaqian/ws_ros2/install/controller_manager:/home/lijiaqian/ws_ros2/install/controller_interface:/home/lijiaqian/ws_ros2/install/hardware_interface:/home/lijiaqian/ws_ros2/install/geometric_shapes:/opt/ros/foxy LD_LIBRARY_PATH=/home/lijiaqian/prak_ws/install/pivot_msg/lib:/home/lijiaqian/prak_ws/install/tutorial_interfaces/lib:/home/lijiaqian/prak_ws/install/telemanipulator/libs:/home/lijiaqian/prak_ws/install/telemanipulator/lib:/home/lijiaqian/ws_ros2/install/warehouse_ros_mongo/lib:/home/lijiaqian/ws_ros2/install/moveit_ros_visualization/lib:/home/lijiaqian/ws_ros2/install/moveit_ros_benchmarks/lib:/home/lijiaqian/ws_ros2/install/moveit_ros_warehouse/lib:/home/lijiaqian/ws_ros2/install/warehouse_ros/lib:/home/lijiaqian/ws_ros2/install/transmission_interface/lib:/home/lijiaqian/ws_ros2/install/test_robot_hardware/lib:/home/lijiaqian/ws_ros2/install/moveit_simple_controller_manager/lib:/home/lijiaqian/ws_ros2/install/moveit_servo/lib:/home/lijiaqian/ws_ros2/install/moveit_ros_robot_interaction/lib:/home/lijiaqian/ws_ros2/install/moveit_ros_planning_interface/lib:/home/lijiaqian/ws_ros2/install/moveit_ros_move_group/lib:/home/lijiaqian/ws_ros2/install/moveit_planners_ompl/lib:/home/lijiaqian/ws_ros2/install/moveit_fake_controller_manager/lib:/home/lijiaqian/ws_ros2/install/moveit_ros_planning/lib:/home/lijiaqian/ws_ros2/install/moveit_ros_occupancy_map_monitor/lib:/home/lijiaqian/ws_ros2/install/moveit_kinematics/lib:/home/lijiaqian/ws_ros2/install/moveit_core/lib:/home/lijiaqian/ws_ros2/install/srdfdom/lib:/home/lijiaqian/ws_ros2/install/moveit_msgs/lib:/home/lijiaqian/ws_ros2/install/joint_trajectory_controller/lib:/home/lijiaqian/ws_ros2/install/joint_state_controller/lib:/home/lijiaqian/ws_ros2/install/diff_drive_controller/lib:/home/lijiaqian/ws_ros2/install/controller_manager/lib:/home/lijiaqian/ws_ros2/install/controller_interface/lib:/home/lijiaqian/ws_ros2/install/hardware_interface/lib:/home/lijiaqian/ws_ros2/install/geometric_shapes/lib:/opt/ros/foxy/opt/yaml_cpp_vendor/lib:/opt/ros/foxy/opt/rviz_ogre_vendor/lib:/opt/ros/foxy/lib/x86_64-linux-gnu:/opt/ros/foxy/lib PYTHONPATH=/home/lijiaqian/prak_ws/install/pivot_msg/lib/python3.8/site-packages:/home/lijiaqian/prak_ws/install/tutorial_interfaces/lib/python3.8/site-packages:/home/lijiaqian/prak_ws/install/telemanipulator/lib/python3.8/site-packages:/home/lijiaqian/ws_ros2/install/warehouse_ros_mongo/lib/python3.8/site-packages:/home/lijiaqian/ws_ros2/install/moveit_msgs/lib/python3.8/site-packages:/opt/ros/foxy/lib/python3.8/site-packages /usr/bin/cmake --install /home/lijiaqian/prak_ws/build/telemanipulator
[22.862s] Level 1:colcon.colcon_core.environment:create_environment_scripts_only(telemanipulator)
[22.865s] Level 1:colcon.colcon_core.environment:checking '/home/lijiaqian/prak_ws/install/telemanipulator' for CMake module files
[22.866s] DEBUG:colcon.colcon_core.event_handler.log_command:Invoked command in '/home/lijiaqian/prak_ws/build/telemanipulator' returned '0': CMAKE_PREFIX_PATH=/home/lijiaqian/prak_ws/install/pivot_msg:/home/lijiaqian/prak_ws/install/tutorial_interfaces:/home/lijiaqian/prak_ws/install/telemanipulator:/home/lijiaqian/prak_ws/install/panda_description:/home/lijiaqian/ws_ros2/install/warehouse_ros_mongo:/home/lijiaqian/ws_ros2/install/moveit_ros_visualization:/home/lijiaqian/ws_ros2/install/moveit_ros_benchmarks:/home/lijiaqian/ws_ros2/install/moveit_ros_warehouse:/home/lijiaqian/ws_ros2/install/warehouse_ros:/home/lijiaqian/ws_ros2/install/ros2_control:/home/lijiaqian/ws_ros2/install/transmission_interface:/home/lijiaqian/ws_ros2/install/test_robot_hardware:/home/lijiaqian/ws_ros2/install/run_moveit_cpp:/home/lijiaqian/ws_ros2/install/run_move_group:/home/lijiaqian/ws_ros2/install/moveit_simple_controller_manager:/home/lijiaqian/ws_ros2/install/moveit_servo:/home/lijiaqian/ws_ros2/install/moveit_ros_robot_interaction:/home/lijiaqian/ws_ros2/install/moveit_ros_planning_interface:/home/lijiaqian/ws_ros2/install/moveit_ros_move_group:/home/lijiaqian/ws_ros2/install/moveit_planners_ompl:/home/lijiaqian/ws_ros2/install/moveit_fake_controller_manager:/home/lijiaqian/ws_ros2/install/moveit_ros_planning:/home/lijiaqian/ws_ros2/install/moveit_ros_occupancy_map_monitor:/home/lijiaqian/ws_ros2/install/moveit_kinematics:/home/lijiaqian/ws_ros2/install/moveit_core:/home/lijiaqian/ws_ros2/install/srdfdom:/home/lijiaqian/ws_ros2/install/fake_joint_driver:/home/lijiaqian/ws_ros2/install/ros2_controllers:/home/lijiaqian/ws_ros2/install/moveit_resources:/home/lijiaqian/ws_ros2/install/moveit_resources_pr2_description:/home/lijiaqian/ws_ros2/install/moveit_resources_panda_moveit_config:/home/lijiaqian/ws_ros2/install/moveit_resources_panda_description:/home/lijiaqian/ws_ros2/install/moveit_resources_fanuc_moveit_config:/home/lijiaqian/ws_ros2/install/moveit_resources_fanuc_description:/home/lijiaqian/ws_ros2/install/moveit_msgs:/home/lijiaqian/ws_ros2/install/moveit_common:/home/lijiaqian/ws_ros2/install/joint_trajectory_controller:/home/lijiaqian/ws_ros2/install/joint_state_controller:/home/lijiaqian/ws_ros2/install/diff_drive_controller:/home/lijiaqian/ws_ros2/install/controller_manager:/home/lijiaqian/ws_ros2/install/controller_interface:/home/lijiaqian/ws_ros2/install/hardware_interface:/home/lijiaqian/ws_ros2/install/geometric_shapes:/opt/ros/foxy LD_LIBRARY_PATH=/home/lijiaqian/prak_ws/install/pivot_msg/lib:/home/lijiaqian/prak_ws/install/tutorial_interfaces/lib:/home/lijiaqian/prak_ws/install/telemanipulator/libs:/home/lijiaqian/prak_ws/install/telemanipulator/lib:/home/lijiaqian/ws_ros2/install/warehouse_ros_mongo/lib:/home/lijiaqian/ws_ros2/install/moveit_ros_visualization/lib:/home/lijiaqian/ws_ros2/install/moveit_ros_benchmarks/lib:/home/lijiaqian/ws_ros2/install/moveit_ros_warehouse/lib:/home/lijiaqian/ws_ros2/install/warehouse_ros/lib:/home/lijiaqian/ws_ros2/install/transmission_interface/lib:/home/lijiaqian/ws_ros2/install/test_robot_hardware/lib:/home/lijiaqian/ws_ros2/install/moveit_simple_controller_manager/lib:/home/lijiaqian/ws_ros2/install/moveit_servo/lib:/home/lijiaqian/ws_ros2/install/moveit_ros_robot_interaction/lib:/home/lijiaqian/ws_ros2/install/moveit_ros_planning_interface/lib:/home/lijiaqian/ws_ros2/install/moveit_ros_move_group/lib:/home/lijiaqian/ws_ros2/install/moveit_planners_ompl/lib:/home/lijiaqian/ws_ros2/install/moveit_fake_controller_manager/lib:/home/lijiaqian/ws_ros2/install/moveit_ros_planning/lib:/home/lijiaqian/ws_ros2/install/moveit_ros_occupancy_map_monitor/lib:/home/lijiaqian/ws_ros2/install/moveit_kinematics/lib:/home/lijiaqian/ws_ros2/install/moveit_core/lib:/home/lijiaqian/ws_ros2/install/srdfdom/lib:/home/lijiaqian/ws_ros2/install/moveit_msgs/lib:/home/lijiaqian/ws_ros2/install/joint_trajectory_controller/lib:/home/lijiaqian/ws_ros2/install/joint_state_controller/lib:/home/lijiaqian/ws_ros2/install/diff_drive_controller/lib:/home/lijiaqian/ws_ros2/install/controller_manager/lib:/home/lijiaqian/ws_ros2/install/controller_interface/lib:/home/lijiaqian/ws_ros2/install/hardware_interface/lib:/home/lijiaqian/ws_ros2/install/geometric_shapes/lib:/opt/ros/foxy/opt/yaml_cpp_vendor/lib:/opt/ros/foxy/opt/rviz_ogre_vendor/lib:/opt/ros/foxy/lib/x86_64-linux-gnu:/opt/ros/foxy/lib PYTHONPATH=/home/lijiaqian/prak_ws/install/pivot_msg/lib/python3.8/site-packages:/home/lijiaqian/prak_ws/install/tutorial_interfaces/lib/python3.8/site-packages:/home/lijiaqian/prak_ws/install/telemanipulator/lib/python3.8/site-packages:/home/lijiaqian/ws_ros2/install/warehouse_ros_mongo/lib/python3.8/site-packages:/home/lijiaqian/ws_ros2/install/moveit_msgs/lib/python3.8/site-packages:/opt/ros/foxy/lib/python3.8/site-packages /usr/bin/cmake --install /home/lijiaqian/prak_ws/build/telemanipulator
[22.867s] Level 1:colcon.colcon_core.environment:checking '/home/lijiaqian/prak_ws/install/telemanipulator' for CMake config files
[22.868s] Level 1:colcon.colcon_core.shell:create_environment_hook('telemanipulator', 'cmake_prefix_path')
[22.869s] INFO:colcon.colcon_core.shell:Creating environment hook '/home/lijiaqian/prak_ws/install/telemanipulator/share/telemanipulator/hook/cmake_prefix_path.ps1'
[22.871s] INFO:colcon.colcon_core.shell:Creating environment descriptor '/home/lijiaqian/prak_ws/install/telemanipulator/share/telemanipulator/hook/cmake_prefix_path.dsv'
[22.871s] INFO:colcon.colcon_core.shell:Creating environment hook '/home/lijiaqian/prak_ws/install/telemanipulator/share/telemanipulator/hook/cmake_prefix_path.sh'
[22.872s] Level 1:colcon.colcon_core.environment:checking '/home/lijiaqian/prak_ws/install/telemanipulator/lib'
[22.872s] Level 1:colcon.colcon_core.shell:create_environment_hook('telemanipulator', 'ld_library_path_lib')
[22.873s] INFO:colcon.colcon_core.shell:Creating environment hook '/home/lijiaqian/prak_ws/install/telemanipulator/share/telemanipulator/hook/ld_library_path_lib.ps1'
[22.873s] INFO:colcon.colcon_core.shell:Creating environment descriptor '/home/lijiaqian/prak_ws/install/telemanipulator/share/telemanipulator/hook/ld_library_path_lib.dsv'
[22.874s] INFO:colcon.colcon_core.shell:Creating environment hook '/home/lijiaqian/prak_ws/install/telemanipulator/share/telemanipulator/hook/ld_library_path_lib.sh'
[22.874s] Level 1:colcon.colcon_core.environment:checking '/home/lijiaqian/prak_ws/install/telemanipulator/libs'
[22.874s] Level 1:colcon.colcon_core.shell:create_environment_hook('telemanipulator', 'ld_library_path_libs')
[22.875s] INFO:colcon.colcon_core.shell:Creating environment hook '/home/lijiaqian/prak_ws/install/telemanipulator/share/telemanipulator/hook/ld_library_path_libs.ps1'
[22.876s] INFO:colcon.colcon_core.shell:Creating environment descriptor '/home/lijiaqian/prak_ws/install/telemanipulator/share/telemanipulator/hook/ld_library_path_libs.dsv'
[22.876s] INFO:colcon.colcon_core.shell:Creating environment hook '/home/lijiaqian/prak_ws/install/telemanipulator/share/telemanipulator/hook/ld_library_path_libs.sh'
[22.877s] Level 1:colcon.colcon_core.environment:checking '/home/lijiaqian/prak_ws/install/telemanipulator/bin'
[22.877s] Level 1:colcon.colcon_core.environment:checking '/home/lijiaqian/prak_ws/install/telemanipulator/lib/pkgconfig/telemanipulator.pc'
[22.877s] Level 1:colcon.colcon_core.environment:checking '/home/lijiaqian/prak_ws/install/telemanipulator/lib/python3.8/site-packages'
[22.877s] Level 1:colcon.colcon_core.shell:create_environment_hook('telemanipulator', 'pythonpath')
[22.877s] INFO:colcon.colcon_core.shell:Creating environment hook '/home/lijiaqian/prak_ws/install/telemanipulator/share/telemanipulator/hook/pythonpath.ps1'
[22.878s] INFO:colcon.colcon_core.shell:Creating environment descriptor '/home/lijiaqian/prak_ws/install/telemanipulator/share/telemanipulator/hook/pythonpath.dsv'
[22.878s] INFO:colcon.colcon_core.shell:Creating environment hook '/home/lijiaqian/prak_ws/install/telemanipulator/share/telemanipulator/hook/pythonpath.sh'
[22.879s] INFO:colcon.colcon_core.shell:Creating package script '/home/lijiaqian/prak_ws/install/telemanipulator/share/telemanipulator/package.ps1'
[22.880s] INFO:colcon.colcon_core.shell:Creating package descriptor '/home/lijiaqian/prak_ws/install/telemanipulator/share/telemanipulator/package.dsv'
[22.881s] INFO:colcon.colcon_core.shell:Creating package script '/home/lijiaqian/prak_ws/install/telemanipulator/share/telemanipulator/package.sh'
[22.881s] INFO:colcon.colcon_core.shell:Creating package script '/home/lijiaqian/prak_ws/install/telemanipulator/share/telemanipulator/package.bash'
[22.882s] INFO:colcon.colcon_core.shell:Creating package script '/home/lijiaqian/prak_ws/install/telemanipulator/share/telemanipulator/package.zsh'
[22.882s] Level 1:colcon.colcon_core.environment:create_file_with_runtime_dependencies(/home/lijiaqian/prak_ws/install/telemanipulator/share/colcon-core/packages/telemanipulator)
[22.970s] Level 1:colcon.colcon_core.environment:create_environment_scripts_only(telemanipulator)
[22.971s] Level 1:colcon.colcon_core.environment:checking '/home/lijiaqian/prak_ws/install/telemanipulator' for CMake module files
[22.972s] Level 1:colcon.colcon_core.environment:checking '/home/lijiaqian/prak_ws/install/telemanipulator' for CMake config files
[22.973s] Level 1:colcon.colcon_core.shell:create_environment_hook('telemanipulator', 'cmake_prefix_path')
[22.974s] INFO:colcon.colcon_core.shell:Creating environment hook '/home/lijiaqian/prak_ws/install/telemanipulator/share/telemanipulator/hook/cmake_prefix_path.ps1'
[22.974s] INFO:colcon.colcon_core.shell:Creating environment descriptor '/home/lijiaqian/prak_ws/install/telemanipulator/share/telemanipulator/hook/cmake_prefix_path.dsv'
[22.975s] INFO:colcon.colcon_core.shell:Creating environment hook '/home/lijiaqian/prak_ws/install/telemanipulator/share/telemanipulator/hook/cmake_prefix_path.sh'
[22.975s] Level 1:colcon.colcon_core.environment:checking '/home/lijiaqian/prak_ws/install/telemanipulator/lib'
[22.976s] Level 1:colcon.colcon_core.shell:create_environment_hook('telemanipulator', 'ld_library_path_lib')
[22.976s] INFO:colcon.colcon_core.shell:Creating environment hook '/home/lijiaqian/prak_ws/install/telemanipulator/share/telemanipulator/hook/ld_library_path_lib.ps1'
[22.977s] INFO:colcon.colcon_core.shell:Creating environment descriptor '/home/lijiaqian/prak_ws/install/telemanipulator/share/telemanipulator/hook/ld_library_path_lib.dsv'
[22.977s] INFO:colcon.colcon_core.shell:Creating environment hook '/home/lijiaqian/prak_ws/install/telemanipulator/share/telemanipulator/hook/ld_library_path_lib.sh'
[22.978s] Level 1:colcon.colcon_core.environment:checking '/home/lijiaqian/prak_ws/install/telemanipulator/libs'
[22.978s] Level 1:colcon.colcon_core.shell:create_environment_hook('telemanipulator', 'ld_library_path_libs')
[22.979s] INFO:colcon.colcon_core.shell:Creating environment hook '/home/lijiaqian/prak_ws/install/telemanipulator/share/telemanipulator/hook/ld_library_path_libs.ps1'
[22.979s] INFO:colcon.colcon_core.shell:Creating environment descriptor '/home/lijiaqian/prak_ws/install/telemanipulator/share/telemanipulator/hook/ld_library_path_libs.dsv'
[22.980s] INFO:colcon.colcon_core.shell:Creating environment hook '/home/lijiaqian/prak_ws/install/telemanipulator/share/telemanipulator/hook/ld_library_path_libs.sh'
[22.980s] Level 1:colcon.colcon_core.environment:checking '/home/lijiaqian/prak_ws/install/telemanipulator/bin'
[22.980s] Level 1:colcon.colcon_core.environment:checking '/home/lijiaqian/prak_ws/install/telemanipulator/lib/pkgconfig/telemanipulator.pc'
[22.980s] Level 1:colcon.colcon_core.environment:checking '/home/lijiaqian/prak_ws/install/telemanipulator/lib/python3.8/site-packages'
[22.980s] Level 1:colcon.colcon_core.shell:create_environment_hook('telemanipulator', 'pythonpath')
[22.981s] INFO:colcon.colcon_core.shell:Creating environment hook '/home/lijiaqian/prak_ws/install/telemanipulator/share/telemanipulator/hook/pythonpath.ps1'
[22.982s] INFO:colcon.colcon_core.shell:Creating environment descriptor '/home/lijiaqian/prak_ws/install/telemanipulator/share/telemanipulator/hook/pythonpath.dsv'
[22.983s] INFO:colcon.colcon_core.shell:Creating environment hook '/home/lijiaqian/prak_ws/install/telemanipulator/share/telemanipulator/hook/pythonpath.sh'
[22.984s] INFO:colcon.colcon_core.shell:Creating package script '/home/lijiaqian/prak_ws/install/telemanipulator/share/telemanipulator/package.ps1'
[22.985s] INFO:colcon.colcon_core.shell:Creating package descriptor '/home/lijiaqian/prak_ws/install/telemanipulator/share/telemanipulator/package.dsv'
[22.985s] INFO:colcon.colcon_core.shell:Creating package script '/home/lijiaqian/prak_ws/install/telemanipulator/share/telemanipulator/package.sh'
[22.986s] INFO:colcon.colcon_core.shell:Creating package script '/home/lijiaqian/prak_ws/install/telemanipulator/share/telemanipulator/package.bash'
[22.987s] INFO:colcon.colcon_core.shell:Creating package script '/home/lijiaqian/prak_ws/install/telemanipulator/share/telemanipulator/package.zsh'
[22.987s] Level 1:colcon.colcon_core.environment:create_file_with_runtime_dependencies(/home/lijiaqian/prak_ws/install/telemanipulator/share/colcon-core/packages/telemanipulator)
[22.988s] DEBUG:colcon.colcon_parallel_executor.executor.parallel:closing loop
[22.989s] DEBUG:colcon.colcon_parallel_executor.executor.parallel:loop closed
[22.990s] DEBUG:colcon.colcon_parallel_executor.executor.parallel:run_until_complete finished with '0'
[22.990s] DEBUG:colcon.colcon_core.event_reactor:joining thread
[22.999s] INFO:colcon.colcon_core.plugin_system:Skipping extension 'colcon_notification.desktop_notification.terminal_notifier': Not used on non-Darwin systems
[22.999s] INFO:colcon.colcon_core.plugin_system:Skipping extension 'colcon_notification.desktop_notification.win32': Not used on non-Windows systems
[23.000s] INFO:colcon.colcon_notification.desktop_notification:Sending desktop notification using 'notify2'
[23.021s] DEBUG:colcon.colcon_core.event_reactor:joined thread
[23.022s] INFO:colcon.colcon_core.shell:Creating prefix script '/home/lijiaqian/prak_ws/install/local_setup.ps1'
[23.023s] INFO:colcon.colcon_core.shell:Creating prefix util module '/home/lijiaqian/prak_ws/install/_local_setup_util_ps1.py'
[23.028s] INFO:colcon.colcon_core.shell:Creating prefix chain script '/home/lijiaqian/prak_ws/install/setup.ps1'
[23.034s] INFO:colcon.colcon_core.shell:Creating prefix script '/home/lijiaqian/prak_ws/install/local_setup.sh'
[23.035s] INFO:colcon.colcon_core.shell:Creating prefix util module '/home/lijiaqian/prak_ws/install/_local_setup_util_sh.py'
[23.035s] INFO:colcon.colcon_core.shell:Creating prefix chain script '/home/lijiaqian/prak_ws/install/setup.sh'
[23.041s] INFO:colcon.colcon_core.shell:Creating prefix script '/home/lijiaqian/prak_ws/install/local_setup.bash'
[23.042s] INFO:colcon.colcon_core.shell:Creating prefix chain script '/home/lijiaqian/prak_ws/install/setup.bash'
[23.047s] INFO:colcon.colcon_core.shell:Creating prefix script '/home/lijiaqian/prak_ws/install/local_setup.zsh'
[23.048s] INFO:colcon.colcon_core.shell:Creating prefix chain script '/home/lijiaqian/prak_ws/install/setup.zsh'
