[0.046s] Invoking command in '/home/lijiaqian/prak_ws/build/panda_description': CMAKE_PREFIX_PATH=${CMAKE_PREFIX_PATH}:/opt/ros/foxy /usr/bin/cmake --build /home/lijiaqian/prak_ws/build/panda_description -- -j3 -l3
[0.378s] Invoked command in '/home/lijiaqian/prak_ws/build/panda_description' returned '0': CMAKE_PREFIX_PATH=${CMAKE_PREFIX_PATH}:/opt/ros/foxy /usr/bin/cmake --build /home/lijiaqian/prak_ws/build/panda_description -- -j3 -l3
[0.816s] Invoking command in '/home/lijiaqian/prak_ws/build/panda_description': CMAKE_PREFIX_PATH=${CMAKE_PREFIX_PATH}:/opt/ros/foxy /usr/bin/cmake --install /home/lijiaqian/prak_ws/build/panda_description
[0.881s] -- Install configuration: ""
[0.884s] -- Up-to-date: /home/lijiaqian/prak_ws/install/panda_description/share/ament_index/resource_index/package_run_dependencies/panda_description
[0.884s] -- Up-to-date: /home/lijiaqian/prak_ws/install/panda_description/share/ament_index/resource_index/parent_prefix_path/panda_description
[0.885s] -- Up-to-date: /home/lijiaqian/prak_ws/install/panda_description/share/panda_description/environment/ament_prefix_path.sh
[0.887s] -- Up-to-date: /home/lijiaqian/prak_ws/install/panda_description/share/panda_description/environment/ament_prefix_path.dsv
[0.889s] -- Up-to-date: /home/lijiaqian/prak_ws/install/panda_description/share/panda_description/environment/path.sh
[0.890s] -- Up-to-date: /home/lijiaqian/prak_ws/install/panda_description/share/panda_description/environment/path.dsv
[0.890s] -- Up-to-date: /home/lijiaqian/prak_ws/install/panda_description/share/panda_description/local_setup.bash
[0.890s] -- Up-to-date: /home/lijiaqian/prak_ws/install/panda_description/share/panda_description/local_setup.sh
[0.890s] -- Up-to-date: /home/lijiaqian/prak_ws/install/panda_description/share/panda_description/local_setup.zsh
[0.893s] -- Up-to-date: /home/lijiaqian/prak_ws/install/panda_description/share/panda_description/local_setup.dsv
[0.893s] -- Installing: /home/lijiaqian/prak_ws/install/panda_description/share/panda_description/package.dsv
[0.894s] -- Up-to-date: /home/lijiaqian/prak_ws/install/panda_description/share/ament_index/resource_index/packages/panda_description
[0.895s] -- Up-to-date: /home/lijiaqian/prak_ws/install/panda_description/share/panda_description/cmake/panda_descriptionConfig.cmake
[0.896s] -- Up-to-date: /home/lijiaqian/prak_ws/install/panda_description/share/panda_description/cmake/panda_descriptionConfig-version.cmake
[0.897s] -- Up-to-date: /home/lijiaqian/prak_ws/install/panda_description/share/panda_description/package.xml
[0.898s] -- Up-to-date: /home/lijiaqian/prak_ws/install/panda_description/share/panda_description/meshes
[0.899s] -- Up-to-date: /home/lijiaqian/prak_ws/install/panda_description/share/panda_description/meshes/collision
[0.900s] -- Up-to-date: /home/lijiaqian/prak_ws/install/panda_description/share/panda_description/meshes/collision/link6.stl
[0.901s] -- Up-to-date: /home/lijiaqian/prak_ws/install/panda_description/share/panda_description/meshes/collision/link4.stl
[0.902s] -- Up-to-date: /home/lijiaqian/prak_ws/install/panda_description/share/panda_description/meshes/collision/link0.stl
[0.902s] -- Up-to-date: /home/lijiaqian/prak_ws/install/panda_description/share/panda_description/meshes/collision/link5.stl
[0.903s] -- Up-to-date: /home/lijiaqian/prak_ws/install/panda_description/share/panda_description/meshes/collision/hand.stl
[0.904s] -- Up-to-date: /home/lijiaqian/prak_ws/install/panda_description/share/panda_description/meshes/collision/link3.stl
[0.905s] -- Up-to-date: /home/lijiaqian/prak_ws/install/panda_description/share/panda_description/meshes/collision/link7.stl
[0.915s] -- Up-to-date: /home/lijiaqian/prak_ws/install/panda_description/share/panda_description/meshes/collision/finger.stl
[0.915s] -- Up-to-date: /home/lijiaqian/prak_ws/install/panda_description/share/panda_description/meshes/collision/link1.stl
[0.915s] -- Up-to-date: /home/lijiaqian/prak_ws/install/panda_description/share/panda_description/meshes/collision/link2.stl
[0.915s] -- Up-to-date: /home/lijiaqian/prak_ws/install/panda_description/share/panda_description/meshes/visual
[0.916s] -- Up-to-date: /home/lijiaqian/prak_ws/install/panda_description/share/panda_description/meshes/visual/link7.dae
[0.916s] -- Up-to-date: /home/lijiaqian/prak_ws/install/panda_description/share/panda_description/meshes/visual/link0.dae
[0.916s] -- Up-to-date: /home/lijiaqian/prak_ws/install/panda_description/share/panda_description/meshes/visual/hand.dae
[0.916s] -- Up-to-date: /home/lijiaqian/prak_ws/install/panda_description/share/panda_description/meshes/visual/link6.dae
[0.916s] -- Up-to-date: /home/lijiaqian/prak_ws/install/panda_description/share/panda_description/meshes/visual/finger.dae
[0.916s] -- Up-to-date: /home/lijiaqian/prak_ws/install/panda_description/share/panda_description/meshes/visual/link4.dae
[0.916s] -- Up-to-date: /home/lijiaqian/prak_ws/install/panda_description/share/panda_description/meshes/visual/link2.dae
[0.917s] -- Up-to-date: /home/lijiaqian/prak_ws/install/panda_description/share/panda_description/meshes/visual/link1.dae
[0.917s] -- Up-to-date: /home/lijiaqian/prak_ws/install/panda_description/share/panda_description/meshes/visual/link5.dae
[0.917s] -- Up-to-date: /home/lijiaqian/prak_ws/install/panda_description/share/panda_description/meshes/visual/link3.dae
[0.917s] -- Up-to-date: /home/lijiaqian/prak_ws/install/panda_description/share/panda_description/urdf
[0.919s] -- Up-to-date: /home/lijiaqian/prak_ws/install/panda_description/share/panda_description/urdf/panda.urdf
[0.919s] -- Up-to-date: /home/lijiaqian/prak_ws/install/panda_description/share/panda_description/urdf/panda_change_limits.urdf
[0.919s] -- Up-to-date: /home/lijiaqian/prak_ws/install/panda_description/share/panda_description/urdf/hera.urdf
[0.920s] -- Up-to-date: /home/lijiaqian/prak_ws/install/panda_description/share/panda_description/urdf/panda.srdf
[0.920s] -- Up-to-date: /home/lijiaqian/prak_ws/install/panda_description/share/panda_description/urdf2
[0.920s] -- Up-to-date: /home/lijiaqian/prak_ws/install/panda_description/share/panda_description/urdf2/hera_main.urdf.xacro
[0.920s] -- Up-to-date: /home/lijiaqian/prak_ws/install/panda_description/share/panda_description/urdf2/panda_tools
[0.921s] -- Up-to-date: /home/lijiaqian/prak_ws/install/panda_description/share/panda_description/urdf2/panda_tools/physical_milc
[0.921s] -- Up-to-date: /home/lijiaqian/prak_ws/install/panda_description/share/panda_description/urdf2/panda_tools/physical_milc/physical_milc.xacro
[0.927s] -- Up-to-date: /home/lijiaqian/prak_ws/install/panda_description/share/panda_description/urdf2/panda_tools/physical_milc/physical_milc.gazebo.xacro
[0.927s] -- Up-to-date: /home/lijiaqian/prak_ws/install/panda_description/share/panda_description/urdf2/panda_tools/physical_milc/physical_milc.transmission.xacro
[0.927s] -- Up-to-date: /home/lijiaqian/prak_ws/install/panda_description/share/panda_description/urdf2/panda_tools/milc
[0.928s] -- Up-to-date: /home/lijiaqian/prak_ws/install/panda_description/share/panda_description/urdf2/panda_tools/milc/milc.gazebo.xacro
[0.928s] -- Up-to-date: /home/lijiaqian/prak_ws/install/panda_description/share/panda_description/urdf2/panda_tools/milc/milc.transmission.xacro
[0.928s] -- Up-to-date: /home/lijiaqian/prak_ws/install/panda_description/share/panda_description/urdf2/panda_tools/milc/milc.xacro
[0.928s] -- Up-to-date: /home/lijiaqian/prak_ws/install/panda_description/share/panda_description/urdf2/panda_tools/panda_tool.xacro
[0.928s] -- Up-to-date: /home/lijiaqian/prak_ws/install/panda_description/share/panda_description/urdf2/hera.gazebo.xacro
[0.929s] -- Up-to-date: /home/lijiaqian/prak_ws/install/panda_description/share/panda_description/urdf2/hera_virtual.xacro
[0.929s] -- Up-to-date: /home/lijiaqian/prak_ws/install/panda_description/share/panda_description/urdf2/laparoscope
[0.929s] -- Up-to-date: /home/lijiaqian/prak_ws/install/panda_description/share/panda_description/urdf2/laparoscope/laparoscope.xacro
[0.929s] -- Up-to-date: /home/lijiaqian/prak_ws/install/panda_description/share/panda_description/urdf2/laparoscope/laparoscope.gazebo.xacro
[0.929s] -- Up-to-date: /home/lijiaqian/prak_ws/install/panda_description/share/panda_description/urdf2/laparoscope/laparoscope.transmission.xacro
[0.930s] -- Up-to-date: /home/lijiaqian/prak_ws/install/panda_description/share/panda_description/urdf2/hera_operating_theatre.xacro
[0.930s] -- Up-to-date: /home/lijiaqian/prak_ws/install/panda_description/share/panda_description/urdf2/open_help_phantom
[0.930s] -- Up-to-date: /home/lijiaqian/prak_ws/install/panda_description/share/panda_description/urdf2/open_help_phantom/open_help_phantom.gazebo.xacro
[0.931s] -- Up-to-date: /home/lijiaqian/prak_ws/install/panda_description/share/panda_description/urdf2/open_help_phantom/open_help_phantom.xacro
[0.931s] -- Up-to-date: /home/lijiaqian/prak_ws/install/panda_description/share/panda_description/urdf2/pig_phantom
[0.931s] -- Up-to-date: /home/lijiaqian/prak_ws/install/panda_description/share/panda_description/urdf2/pig_phantom/pig_phantom.xacro
[0.931s] -- Up-to-date: /home/lijiaqian/prak_ws/install/panda_description/share/panda_description/urdf2/pig_phantom/pig_phantom.gazebo.xacro
[0.931s] -- Up-to-date: /home/lijiaqian/prak_ws/install/panda_description/share/panda_description/urdf2/or_table
[0.931s] -- Up-to-date: /home/lijiaqian/prak_ws/install/panda_description/share/panda_description/urdf2/or_table/or_table.xacro
[0.932s] -- Up-to-date: /home/lijiaqian/prak_ws/install/panda_description/share/panda_description/urdf2/or_table/or_table.gazebo.xacro
[0.932s] -- Up-to-date: /home/lijiaqian/prak_ws/install/panda_description/share/panda_description/urdf2/panda
[0.932s] -- Up-to-date: /home/lijiaqian/prak_ws/install/panda_description/share/panda_description/urdf2/panda/panda.transmission.xacro
[0.932s] -- Up-to-date: /home/lijiaqian/prak_ws/install/panda_description/share/panda_description/urdf2/panda/panda.xacro
[0.933s] -- Up-to-date: /home/lijiaqian/prak_ws/install/panda_description/share/panda_description/urdf2/panda/panda.gazebo.xacro
[0.933s] -- Up-to-date: /home/lijiaqian/prak_ws/install/panda_description/share/panda_description/urdf2/panda/panda.srdf
[0.933s] -- Up-to-date: /home/lijiaqian/prak_ws/install/panda_description/share/panda_description/config
[0.934s] -- Up-to-date: /home/lijiaqian/prak_ws/install/panda_description/share/panda_description/config/panda_zeros.yaml
[0.934s] -- Up-to-date: /home/lijiaqian/prak_ws/install/panda_description/share/panda_description/config/panda_limits.yaml
[0.934s] -- Up-to-date: /home/lijiaqian/prak_ws/install/panda_description/share/panda_description/config/kinematics.yaml
[0.960s] Invoked command in '/home/lijiaqian/prak_ws/build/panda_description' returned '0': CMAKE_PREFIX_PATH=${CMAKE_PREFIX_PATH}:/opt/ros/foxy /usr/bin/cmake --install /home/lijiaqian/prak_ws/build/panda_description
