[0.035s] Invoking command in '/home/lijiaqian/prak_ws/build/pivot_msg': CMAKE_PREFIX_PATH=${CMAKE_PREFIX_PATH}:/opt/ros/foxy /usr/bin/cmake --build /home/lijiaqian/prak_ws/build/pivot_msg -- -j3 -l3
[0.171s] [  3%] Built target pivot_msg__cpp
[0.217s] [ 12%] Built target pivot_msg__rosidl_generator_c
[0.269s] [ 22%] Built target pivot_msg__rosidl_typesupport_fastrtps_cpp
[0.322s] [ 32%] Built target pivot_msg__rosidl_typesupport_introspection_cpp
[0.370s] [ 41%] Built target pivot_msg__rosidl_typesupport_fastrtps_c
[0.446s] [ 51%] Built target pivot_msg__rosidl_typesupport_introspection_c
[0.511s] [ 61%] Built target pivot_msg__rosidl_typesupport_c
[0.561s] [ 70%] Built target pivot_msg__rosidl_typesupport_cpp
[0.622s] [ 70%] Built target pivot_msg
[0.682s] [ 74%] Built target pivot_msg__py
[0.731s] [ 80%] Built target pivot_msg__python
[0.779s] [ 87%] Built target pivot_msg__rosidl_typesupport_introspection_c__pyext
[0.839s] [ 93%] Built target pivot_msg__rosidl_typesupport_c__pyext
[0.891s] [100%] Built target pivot_msg__rosidl_typesupport_fastrtps_c__pyext
[0.914s] Invoked command in '/home/lijiaqian/prak_ws/build/pivot_msg' returned '0': CMAKE_PREFIX_PATH=${CMAKE_PREFIX_PATH}:/opt/ros/foxy /usr/bin/cmake --build /home/lijiaqian/prak_ws/build/pivot_msg -- -j3 -l3
[1.076s] Invoking command in '/home/lijiaqian/prak_ws/build/pivot_msg': CMAKE_PREFIX_PATH=${CMAKE_PREFIX_PATH}:/opt/ros/foxy /usr/bin/cmake --install /home/lijiaqian/prak_ws/build/pivot_msg
[1.094s] -- Install configuration: ""
[1.094s] -- Up-to-date: /home/lijiaqian/prak_ws/install/pivot_msg/share/ament_index/resource_index/rosidl_interfaces/pivot_msg
[1.095s] -- Up-to-date: /home/lijiaqian/prak_ws/install/pivot_msg/include/pivot_msg
[1.095s] -- Up-to-date: /home/lijiaqian/prak_ws/install/pivot_msg/include/pivot_msg/msg
[1.095s] -- Up-to-date: /home/lijiaqian/prak_ws/install/pivot_msg/include/pivot_msg/msg/pivot.h
[1.095s] -- Up-to-date: /home/lijiaqian/prak_ws/install/pivot_msg/include/pivot_msg/msg/detail
[1.095s] -- Up-to-date: /home/lijiaqian/prak_ws/install/pivot_msg/include/pivot_msg/msg/detail/pivot__type_support.h
[1.095s] -- Up-to-date: /home/lijiaqian/prak_ws/install/pivot_msg/include/pivot_msg/msg/detail/pivot__functions.c
[1.095s] -- Up-to-date: /home/lijiaqian/prak_ws/install/pivot_msg/include/pivot_msg/msg/detail/pivot__functions.h
[1.095s] -- Up-to-date: /home/lijiaqian/prak_ws/install/pivot_msg/include/pivot_msg/msg/detail/pivot__struct.h
[1.095s] -- Up-to-date: /home/lijiaqian/prak_ws/install/pivot_msg/include/pivot_msg/msg/rosidl_generator_c__visibility_control.h
[1.095s] -- Up-to-date: /home/lijiaqian/prak_ws/install/pivot_msg/share/pivot_msg/environment/library_path.sh
[1.095s] -- Up-to-date: /home/lijiaqian/prak_ws/install/pivot_msg/share/pivot_msg/environment/library_path.dsv
[1.096s] -- Up-to-date: /home/lijiaqian/prak_ws/install/pivot_msg/lib/libpivot_msg__rosidl_generator_c.so
[1.096s] -- Up-to-date: /home/lijiaqian/prak_ws/install/pivot_msg/include/pivot_msg
[1.096s] -- Up-to-date: /home/lijiaqian/prak_ws/install/pivot_msg/include/pivot_msg/msg
[1.096s] -- Up-to-date: /home/lijiaqian/prak_ws/install/pivot_msg/include/pivot_msg/msg/detail
[1.096s] -- Up-to-date: /home/lijiaqian/prak_ws/install/pivot_msg/include/pivot_msg/msg/detail/pivot__rosidl_typesupport_fastrtps_c.h
[1.096s] -- Up-to-date: /home/lijiaqian/prak_ws/install/pivot_msg/include/pivot_msg/msg/rosidl_typesupport_fastrtps_c__visibility_control.h
[1.096s] -- Up-to-date: /home/lijiaqian/prak_ws/install/pivot_msg/lib/libpivot_msg__rosidl_typesupport_fastrtps_c.so
[1.096s] -- Up-to-date: /home/lijiaqian/prak_ws/install/pivot_msg/include/pivot_msg
[1.097s] -- Up-to-date: /home/lijiaqian/prak_ws/install/pivot_msg/include/pivot_msg/msg
[1.097s] -- Up-to-date: /home/lijiaqian/prak_ws/install/pivot_msg/include/pivot_msg/msg/detail
[1.097s] -- Up-to-date: /home/lijiaqian/prak_ws/install/pivot_msg/include/pivot_msg/msg/detail/dds_fastrtps
[1.097s] -- Up-to-date: /home/lijiaqian/prak_ws/install/pivot_msg/include/pivot_msg/msg/detail/pivot__rosidl_typesupport_fastrtps_cpp.hpp
[1.097s] -- Up-to-date: /home/lijiaqian/prak_ws/install/pivot_msg/include/pivot_msg/msg/rosidl_typesupport_fastrtps_cpp__visibility_control.h
[1.097s] -- Up-to-date: /home/lijiaqian/prak_ws/install/pivot_msg/lib/libpivot_msg__rosidl_typesupport_fastrtps_cpp.so
[1.097s] -- Up-to-date: /home/lijiaqian/prak_ws/install/pivot_msg/include/pivot_msg
[1.102s] -- Up-to-date: /home/lijiaqian/prak_ws/install/pivot_msg/include/pivot_msg/msg
[1.102s] -- Up-to-date: /home/lijiaqian/prak_ws/install/pivot_msg/include/pivot_msg/msg/rosidl_typesupport_introspection_c__visibility_control.h
[1.102s] -- Up-to-date: /home/lijiaqian/prak_ws/install/pivot_msg/include/pivot_msg/msg/detail
[1.103s] -- Up-to-date: /home/lijiaqian/prak_ws/install/pivot_msg/include/pivot_msg/msg/detail/pivot__rosidl_typesupport_introspection_c.h
[1.103s] -- Up-to-date: /home/lijiaqian/prak_ws/install/pivot_msg/include/pivot_msg/msg/detail/pivot__type_support.c
[1.103s] -- Up-to-date: /home/lijiaqian/prak_ws/install/pivot_msg/lib/libpivot_msg__rosidl_typesupport_introspection_c.so
[1.104s] -- Up-to-date: /home/lijiaqian/prak_ws/install/pivot_msg/lib/libpivot_msg__rosidl_typesupport_c.so
[1.104s] -- Up-to-date: /home/lijiaqian/prak_ws/install/pivot_msg/include/pivot_msg
[1.104s] -- Up-to-date: /home/lijiaqian/prak_ws/install/pivot_msg/include/pivot_msg/msg
[1.104s] -- Up-to-date: /home/lijiaqian/prak_ws/install/pivot_msg/include/pivot_msg/msg/pivot.hpp
[1.104s] -- Up-to-date: /home/lijiaqian/prak_ws/install/pivot_msg/include/pivot_msg/msg/detail
[1.104s] -- Up-to-date: /home/lijiaqian/prak_ws/install/pivot_msg/include/pivot_msg/msg/detail/pivot__traits.hpp
[1.105s] -- Up-to-date: /home/lijiaqian/prak_ws/install/pivot_msg/include/pivot_msg/msg/detail/pivot__struct.hpp
[1.106s] -- Up-to-date: /home/lijiaqian/prak_ws/install/pivot_msg/include/pivot_msg/msg/detail/pivot__builder.hpp
[1.106s] -- Up-to-date: /home/lijiaqian/prak_ws/install/pivot_msg/include/pivot_msg
[1.106s] -- Up-to-date: /home/lijiaqian/prak_ws/install/pivot_msg/include/pivot_msg/msg
[1.107s] -- Up-to-date: /home/lijiaqian/prak_ws/install/pivot_msg/include/pivot_msg/msg/detail
[1.107s] -- Up-to-date: /home/lijiaqian/prak_ws/install/pivot_msg/include/pivot_msg/msg/detail/pivot__type_support.cpp
[1.107s] -- Up-to-date: /home/lijiaqian/prak_ws/install/pivot_msg/include/pivot_msg/msg/detail/pivot__rosidl_typesupport_introspection_cpp.hpp
[1.108s] -- Up-to-date: /home/lijiaqian/prak_ws/install/pivot_msg/lib/libpivot_msg__rosidl_typesupport_introspection_cpp.so
[1.108s] -- Up-to-date: /home/lijiaqian/prak_ws/install/pivot_msg/lib/libpivot_msg__rosidl_typesupport_cpp.so
[1.108s] -- Up-to-date: /home/lijiaqian/prak_ws/install/pivot_msg/share/pivot_msg/environment/pythonpath.sh
[1.108s] -- Up-to-date: /home/lijiaqian/prak_ws/install/pivot_msg/share/pivot_msg/environment/pythonpath.dsv
[1.109s] -- Up-to-date: /home/lijiaqian/prak_ws/install/pivot_msg/lib/python3.8/site-packages/pivot_msg/__init__.py
[1.141s] -- Up-to-date: /home/lijiaqian/prak_ws/install/pivot_msg/lib/python3.8/site-packages/pivot_msg/msg
[1.141s] -- Up-to-date: /home/lijiaqian/prak_ws/install/pivot_msg/lib/python3.8/site-packages/pivot_msg/msg/_pivot_s.c
[1.141s] -- Up-to-date: /home/lijiaqian/prak_ws/install/pivot_msg/lib/python3.8/site-packages/pivot_msg/msg/__init__.py
[1.141s] -- Up-to-date: /home/lijiaqian/prak_ws/install/pivot_msg/lib/python3.8/site-packages/pivot_msg/msg/_pivot.py
[1.141s] -- Up-to-date: /home/lijiaqian/prak_ws/install/pivot_msg/lib/python3.8/site-packages/pivot_msg/pivot_msg_s__rosidl_typesupport_fastrtps_c.cpython-38-x86_64-linux-gnu.so
[1.142s] -- Up-to-date: /home/lijiaqian/prak_ws/install/pivot_msg/lib/python3.8/site-packages/pivot_msg/pivot_msg_s__rosidl_typesupport_introspection_c.cpython-38-x86_64-linux-gnu.so
[1.143s] -- Up-to-date: /home/lijiaqian/prak_ws/install/pivot_msg/lib/python3.8/site-packages/pivot_msg/pivot_msg_s__rosidl_typesupport_c.cpython-38-x86_64-linux-gnu.so
[1.144s] -- Up-to-date: /home/lijiaqian/prak_ws/install/pivot_msg/lib/libpivot_msg__python.so
[1.144s] -- Up-to-date: /home/lijiaqian/prak_ws/install/pivot_msg/share/pivot_msg/msg/Pivot.idl
[1.144s] -- Up-to-date: /home/lijiaqian/prak_ws/install/pivot_msg/share/pivot_msg/msg/Pivot.msg
[1.144s] -- Up-to-date: /home/lijiaqian/prak_ws/install/pivot_msg/share/ament_index/resource_index/package_run_dependencies/pivot_msg
[1.144s] -- Up-to-date: /home/lijiaqian/prak_ws/install/pivot_msg/share/ament_index/resource_index/parent_prefix_path/pivot_msg
[1.144s] -- Up-to-date: /home/lijiaqian/prak_ws/install/pivot_msg/share/pivot_msg/environment/ament_prefix_path.sh
[1.145s] -- Up-to-date: /home/lijiaqian/prak_ws/install/pivot_msg/share/pivot_msg/environment/ament_prefix_path.dsv
[1.145s] -- Up-to-date: /home/lijiaqian/prak_ws/install/pivot_msg/share/pivot_msg/environment/path.sh
[1.145s] -- Up-to-date: /home/lijiaqian/prak_ws/install/pivot_msg/share/pivot_msg/environment/path.dsv
[1.145s] -- Up-to-date: /home/lijiaqian/prak_ws/install/pivot_msg/share/pivot_msg/local_setup.bash
[1.145s] -- Up-to-date: /home/lijiaqian/prak_ws/install/pivot_msg/share/pivot_msg/local_setup.sh
[1.145s] -- Up-to-date: /home/lijiaqian/prak_ws/install/pivot_msg/share/pivot_msg/local_setup.zsh
[1.145s] -- Up-to-date: /home/lijiaqian/prak_ws/install/pivot_msg/share/pivot_msg/local_setup.dsv
[1.145s] -- Installing: /home/lijiaqian/prak_ws/install/pivot_msg/share/pivot_msg/package.dsv
[1.146s] -- Up-to-date: /home/lijiaqian/prak_ws/install/pivot_msg/share/ament_index/resource_index/packages/pivot_msg
[1.146s] -- Up-to-date: /home/lijiaqian/prak_ws/install/pivot_msg/share/pivot_msg/cmake/pivot_msg__rosidl_generator_cExport.cmake
[1.146s] -- Up-to-date: /home/lijiaqian/prak_ws/install/pivot_msg/share/pivot_msg/cmake/pivot_msg__rosidl_generator_cExport-noconfig.cmake
[1.146s] -- Up-to-date: /home/lijiaqian/prak_ws/install/pivot_msg/share/pivot_msg/cmake/pivot_msg__rosidl_typesupport_introspection_cExport.cmake
[1.146s] -- Up-to-date: /home/lijiaqian/prak_ws/install/pivot_msg/share/pivot_msg/cmake/pivot_msg__rosidl_typesupport_introspection_cExport-noconfig.cmake
[1.146s] -- Up-to-date: /home/lijiaqian/prak_ws/install/pivot_msg/share/pivot_msg/cmake/pivot_msg__rosidl_typesupport_cExport.cmake
[1.146s] -- Up-to-date: /home/lijiaqian/prak_ws/install/pivot_msg/share/pivot_msg/cmake/pivot_msg__rosidl_typesupport_cExport-noconfig.cmake
[1.146s] -- Up-to-date: /home/lijiaqian/prak_ws/install/pivot_msg/share/pivot_msg/cmake/pivot_msg__rosidl_generator_cppExport.cmake
[1.147s] -- Up-to-date: /home/lijiaqian/prak_ws/install/pivot_msg/share/pivot_msg/cmake/pivot_msg__rosidl_typesupport_introspection_cppExport.cmake
[1.147s] -- Up-to-date: /home/lijiaqian/prak_ws/install/pivot_msg/share/pivot_msg/cmake/pivot_msg__rosidl_typesupport_introspection_cppExport-noconfig.cmake
[1.147s] -- Up-to-date: /home/lijiaqian/prak_ws/install/pivot_msg/share/pivot_msg/cmake/pivot_msg__rosidl_typesupport_cppExport.cmake
[1.147s] -- Up-to-date: /home/lijiaqian/prak_ws/install/pivot_msg/share/pivot_msg/cmake/pivot_msg__rosidl_typesupport_cppExport-noconfig.cmake
[1.147s] -- Up-to-date: /home/lijiaqian/prak_ws/install/pivot_msg/share/pivot_msg/cmake/rosidl_cmake-extras.cmake
[1.147s] -- Up-to-date: /home/lijiaqian/prak_ws/install/pivot_msg/share/pivot_msg/cmake/ament_cmake_export_dependencies-extras.cmake
[1.147s] -- Up-to-date: /home/lijiaqian/prak_ws/install/pivot_msg/share/pivot_msg/cmake/ament_cmake_export_libraries-extras.cmake
[1.147s] -- Up-to-date: /home/lijiaqian/prak_ws/install/pivot_msg/share/pivot_msg/cmake/ament_cmake_export_targets-extras.cmake
[1.147s] -- Up-to-date: /home/lijiaqian/prak_ws/install/pivot_msg/share/pivot_msg/cmake/ament_cmake_export_include_directories-extras.cmake
[1.147s] -- Up-to-date: /home/lijiaqian/prak_ws/install/pivot_msg/share/pivot_msg/cmake/rosidl_cmake_export_typesupport_libraries-extras.cmake
[1.147s] -- Up-to-date: /home/lijiaqian/prak_ws/install/pivot_msg/share/pivot_msg/cmake/rosidl_cmake_export_typesupport_targets-extras.cmake
[1.147s] -- Up-to-date: /home/lijiaqian/prak_ws/install/pivot_msg/share/pivot_msg/cmake/pivot_msgConfig.cmake
[1.147s] -- Up-to-date: /home/lijiaqian/prak_ws/install/pivot_msg/share/pivot_msg/cmake/pivot_msgConfig-version.cmake
[1.147s] -- Up-to-date: /home/lijiaqian/prak_ws/install/pivot_msg/share/pivot_msg/package.xml
[1.157s] Invoked command in '/home/lijiaqian/prak_ws/build/pivot_msg' returned '0': CMAKE_PREFIX_PATH=${CMAKE_PREFIX_PATH}:/opt/ros/foxy /usr/bin/cmake --install /home/lijiaqian/prak_ws/build/pivot_msg
