[0.060s] Invoking command in '/home/lijiaqian/prak_ws/build/panda_description': CMAKE_PREFIX_PATH=${CMAKE_PREFIX_PATH}:/opt/ros/foxy /usr/bin/cmake --build /home/lijiaqian/prak_ws/build/panda_description -- -j3 -l3
[0.281s] Invoked command in '/home/lijiaqian/prak_ws/build/panda_description' returned '0': CMAKE_PREFIX_PATH=${CMAKE_PREFIX_PATH}:/opt/ros/foxy /usr/bin/cmake --build /home/lijiaqian/prak_ws/build/panda_description -- -j3 -l3
[0.535s] Invoking command in '/home/lijiaqian/prak_ws/build/panda_description': CMAKE_PREFIX_PATH=${CMAKE_PREFIX_PATH}:/opt/ros/foxy /usr/bin/cmake --install /home/lijiaqian/prak_ws/build/panda_description
[0.569s] -- Install configuration: ""
[0.570s] -- Up-to-date: /home/lijiaqian/prak_ws/install/panda_description/share/ament_index/resource_index/package_run_dependencies/panda_description
[0.571s] -- Up-to-date: /home/lijiaqian/prak_ws/install/panda_description/share/ament_index/resource_index/parent_prefix_path/panda_description
[0.571s] -- Up-to-date: /home/lijiaqian/prak_ws/install/panda_description/share/panda_description/environment/ament_prefix_path.sh
[0.573s] -- Up-to-date: /home/lijiaqian/prak_ws/install/panda_description/share/panda_description/environment/ament_prefix_path.dsv
[0.576s] -- Up-to-date: /home/lijiaqian/prak_ws/install/panda_description/share/panda_description/environment/path.sh
[0.577s] -- Up-to-date: /home/lijiaqian/prak_ws/install/panda_description/share/panda_description/environment/path.dsv
[0.577s] -- Up-to-date: /home/lijiaqian/prak_ws/install/panda_description/share/panda_description/local_setup.bash
[0.578s] -- Up-to-date: /home/lijiaqian/prak_ws/install/panda_description/share/panda_description/local_setup.sh
[0.579s] -- Up-to-date: /home/lijiaqian/prak_ws/install/panda_description/share/panda_description/local_setup.zsh
[0.579s] -- Up-to-date: /home/lijiaqian/prak_ws/install/panda_description/share/panda_description/local_setup.dsv
[0.584s] -- Installing: /home/lijiaqian/prak_ws/install/panda_description/share/panda_description/package.dsv
[0.585s] -- Up-to-date: /home/lijiaqian/prak_ws/install/panda_description/share/ament_index/resource_index/packages/panda_description
[0.585s] -- Up-to-date: /home/lijiaqian/prak_ws/install/panda_description/share/panda_description/cmake/panda_descriptionConfig.cmake
[0.585s] -- Up-to-date: /home/lijiaqian/prak_ws/install/panda_description/share/panda_description/cmake/panda_descriptionConfig-version.cmake
[0.586s] -- Up-to-date: /home/lijiaqian/prak_ws/install/panda_description/share/panda_description/package.xml
[0.586s] -- Up-to-date: /home/lijiaqian/prak_ws/install/panda_description/share/panda_description/meshes
[0.586s] -- Up-to-date: /home/lijiaqian/prak_ws/install/panda_description/share/panda_description/meshes/collision
[0.587s] -- Up-to-date: /home/lijiaqian/prak_ws/install/panda_description/share/panda_description/meshes/collision/link6.stl
[0.587s] -- Up-to-date: /home/lijiaqian/prak_ws/install/panda_description/share/panda_description/meshes/collision/link4.stl
[0.587s] -- Up-to-date: /home/lijiaqian/prak_ws/install/panda_description/share/panda_description/meshes/collision/link0.stl
[0.587s] -- Up-to-date: /home/lijiaqian/prak_ws/install/panda_description/share/panda_description/meshes/collision/link5.stl
[0.588s] -- Up-to-date: /home/lijiaqian/prak_ws/install/panda_description/share/panda_description/meshes/collision/hand.stl
[0.589s] -- Up-to-date: /home/lijiaqian/prak_ws/install/panda_description/share/panda_description/meshes/collision/link3.stl
[0.589s] -- Up-to-date: /home/lijiaqian/prak_ws/install/panda_description/share/panda_description/meshes/collision/link7.stl
[0.589s] -- Up-to-date: /home/lijiaqian/prak_ws/install/panda_description/share/panda_description/meshes/collision/finger.stl
[0.590s] -- Up-to-date: /home/lijiaqian/prak_ws/install/panda_description/share/panda_description/meshes/collision/link1.stl
[0.590s] -- Up-to-date: /home/lijiaqian/prak_ws/install/panda_description/share/panda_description/meshes/collision/link2.stl
[0.590s] -- Up-to-date: /home/lijiaqian/prak_ws/install/panda_description/share/panda_description/meshes/visual
[0.591s] -- Up-to-date: /home/lijiaqian/prak_ws/install/panda_description/share/panda_description/meshes/visual/link7.dae
[0.591s] -- Up-to-date: /home/lijiaqian/prak_ws/install/panda_description/share/panda_description/meshes/visual/link0.dae
[0.592s] -- Up-to-date: /home/lijiaqian/prak_ws/install/panda_description/share/panda_description/meshes/visual/hand.dae
[0.592s] -- Up-to-date: /home/lijiaqian/prak_ws/install/panda_description/share/panda_description/meshes/visual/link6.dae
[0.592s] -- Up-to-date: /home/lijiaqian/prak_ws/install/panda_description/share/panda_description/meshes/visual/finger.dae
[0.593s] -- Up-to-date: /home/lijiaqian/prak_ws/install/panda_description/share/panda_description/meshes/visual/link4.dae
[0.593s] -- Up-to-date: /home/lijiaqian/prak_ws/install/panda_description/share/panda_description/meshes/visual/link2.dae
[0.593s] -- Up-to-date: /home/lijiaqian/prak_ws/install/panda_description/share/panda_description/meshes/visual/link1.dae
[0.594s] -- Up-to-date: /home/lijiaqian/prak_ws/install/panda_description/share/panda_description/meshes/visual/link5.dae
[0.594s] -- Up-to-date: /home/lijiaqian/prak_ws/install/panda_description/share/panda_description/meshes/visual/link3.dae
[0.595s] -- Up-to-date: /home/lijiaqian/prak_ws/install/panda_description/share/panda_description/urdf
[0.595s] -- Up-to-date: /home/lijiaqian/prak_ws/install/panda_description/share/panda_description/urdf/panda.urdf
[0.595s] -- Up-to-date: /home/lijiaqian/prak_ws/install/panda_description/share/panda_description/urdf/panda_change_limits.urdf
[0.596s] -- Up-to-date: /home/lijiaqian/prak_ws/install/panda_description/share/panda_description/urdf/hera.urdf
[0.597s] -- Up-to-date: /home/lijiaqian/prak_ws/install/panda_description/share/panda_description/urdf/panda.srdf
[0.597s] -- Up-to-date: /home/lijiaqian/prak_ws/install/panda_description/share/panda_description/urdf2
[0.598s] -- Up-to-date: /home/lijiaqian/prak_ws/install/panda_description/share/panda_description/urdf2/hera_main.urdf.xacro
[0.598s] -- Up-to-date: /home/lijiaqian/prak_ws/install/panda_description/share/panda_description/urdf2/panda_tools
[0.598s] -- Up-to-date: /home/lijiaqian/prak_ws/install/panda_description/share/panda_description/urdf2/panda_tools/physical_milc
[0.599s] -- Up-to-date: /home/lijiaqian/prak_ws/install/panda_description/share/panda_description/urdf2/panda_tools/physical_milc/physical_milc.xacro
[0.599s] -- Up-to-date: /home/lijiaqian/prak_ws/install/panda_description/share/panda_description/urdf2/panda_tools/physical_milc/physical_milc.gazebo.xacro
[0.599s] -- Up-to-date: /home/lijiaqian/prak_ws/install/panda_description/share/panda_description/urdf2/panda_tools/physical_milc/physical_milc.transmission.xacro
[0.600s] -- Up-to-date: /home/lijiaqian/prak_ws/install/panda_description/share/panda_description/urdf2/panda_tools/milc
[0.601s] -- Up-to-date: /home/lijiaqian/prak_ws/install/panda_description/share/panda_description/urdf2/panda_tools/milc/milc.gazebo.xacro
[0.601s] -- Up-to-date: /home/lijiaqian/prak_ws/install/panda_description/share/panda_description/urdf2/panda_tools/milc/milc.transmission.xacro
[0.604s] -- Up-to-date: /home/lijiaqian/prak_ws/install/panda_description/share/panda_description/urdf2/panda_tools/milc/milc.xacro
[0.604s] -- Up-to-date: /home/lijiaqian/prak_ws/install/panda_description/share/panda_description/urdf2/panda_tools/panda_tool.xacro
[0.604s] -- Up-to-date: /home/lijiaqian/prak_ws/install/panda_description/share/panda_description/urdf2/hera.gazebo.xacro
[0.604s] -- Up-to-date: /home/lijiaqian/prak_ws/install/panda_description/share/panda_description/urdf2/hera_virtual.xacro
[0.604s] -- Up-to-date: /home/lijiaqian/prak_ws/install/panda_description/share/panda_description/urdf2/laparoscope
[0.605s] -- Up-to-date: /home/lijiaqian/prak_ws/install/panda_description/share/panda_description/urdf2/laparoscope/laparoscope.xacro
[0.609s] -- Up-to-date: /home/lijiaqian/prak_ws/install/panda_description/share/panda_description/urdf2/laparoscope/laparoscope.gazebo.xacro
[0.609s] -- Up-to-date: /home/lijiaqian/prak_ws/install/panda_description/share/panda_description/urdf2/laparoscope/laparoscope.transmission.xacro
[0.609s] -- Up-to-date: /home/lijiaqian/prak_ws/install/panda_description/share/panda_description/urdf2/hera_operating_theatre.xacro
[0.609s] -- Up-to-date: /home/lijiaqian/prak_ws/install/panda_description/share/panda_description/urdf2/open_help_phantom
[0.609s] -- Up-to-date: /home/lijiaqian/prak_ws/install/panda_description/share/panda_description/urdf2/open_help_phantom/open_help_phantom.gazebo.xacro
[0.609s] -- Up-to-date: /home/lijiaqian/prak_ws/install/panda_description/share/panda_description/urdf2/open_help_phantom/open_help_phantom.xacro
[0.610s] -- Up-to-date: /home/lijiaqian/prak_ws/install/panda_description/share/panda_description/urdf2/pig_phantom
[0.610s] -- Up-to-date: /home/lijiaqian/prak_ws/install/panda_description/share/panda_description/urdf2/pig_phantom/pig_phantom.xacro
[0.610s] -- Up-to-date: /home/lijiaqian/prak_ws/install/panda_description/share/panda_description/urdf2/pig_phantom/pig_phantom.gazebo.xacro
[0.610s] -- Up-to-date: /home/lijiaqian/prak_ws/install/panda_description/share/panda_description/urdf2/or_table
[0.610s] -- Up-to-date: /home/lijiaqian/prak_ws/install/panda_description/share/panda_description/urdf2/or_table/or_table.xacro
[0.610s] -- Up-to-date: /home/lijiaqian/prak_ws/install/panda_description/share/panda_description/urdf2/or_table/or_table.gazebo.xacro
[0.610s] -- Up-to-date: /home/lijiaqian/prak_ws/install/panda_description/share/panda_description/urdf2/panda
[0.629s] -- Up-to-date: /home/lijiaqian/prak_ws/install/panda_description/share/panda_description/urdf2/panda/panda.transmission.xacro
[0.629s] -- Up-to-date: /home/lijiaqian/prak_ws/install/panda_description/share/panda_description/urdf2/panda/panda.xacro
[0.629s] -- Up-to-date: /home/lijiaqian/prak_ws/install/panda_description/share/panda_description/urdf2/panda/panda.gazebo.xacro
[0.629s] -- Up-to-date: /home/lijiaqian/prak_ws/install/panda_description/share/panda_description/urdf2/panda/panda.srdf
[0.630s] -- Up-to-date: /home/lijiaqian/prak_ws/install/panda_description/share/panda_description/config
[0.630s] -- Up-to-date: /home/lijiaqian/prak_ws/install/panda_description/share/panda_description/config/panda_zeros.yaml
[0.630s] -- Up-to-date: /home/lijiaqian/prak_ws/install/panda_description/share/panda_description/config/panda_limits.yaml
[0.630s] -- Up-to-date: /home/lijiaqian/prak_ws/install/panda_description/share/panda_description/config/kinematics.yaml
[0.630s] Invoked command in '/home/lijiaqian/prak_ws/build/panda_description' returned '0': CMAKE_PREFIX_PATH=${CMAKE_PREFIX_PATH}:/opt/ros/foxy /usr/bin/cmake --install /home/lijiaqian/prak_ws/build/panda_description
