[0.423s] DEBUG:colcon:Command line arguments: ['/usr/bin/colcon', 'build']
[0.423s] DEBUG:colcon:Parsed command line arguments: Namespace(ament_cmake_args=None, base_paths=['.'], build_base='build', catkin_cmake_args=None, catkin_skip_building_tests=False, cmake_args=None, cmake_clean_cache=False, cmake_clean_first=False, cmake_force_configure=False, cmake_target=None, cmake_target_skip_unavailable=False, continue_on_error=False, event_handlers=None, executor='parallel', ignore_user_meta=False, install_base='install', log_base=None, log_level=None, main=<bound method BuildVerb.main of <colcon_core.verb.build.BuildVerb object at 0x7f4c1ff661f0>>, merge_install=False, metas=['./colcon.meta'], packages_above=None, packages_above_and_dependencies=None, packages_above_depth=None, packages_end=None, packages_ignore=None, packages_ignore_regex=None, packages_select=None, packages_select_build_failed=False, packages_select_by_dep=None, packages_select_regex=None, packages_select_test_failures=False, packages_skip=None, packages_skip_build_finished=False, packages_skip_by_dep=None, packages_skip_regex=None, packages_skip_test_passed=False, packages_skip_up_to=None, packages_start=None, packages_up_to=None, packages_up_to_regex=None, parallel_workers=3, paths=None, symlink_install=False, test_result_base=None, verb_extension=<colcon_core.verb.build.BuildVerb object at 0x7f4c1ff661f0>, verb_name='build', verb_parser=<colcon_defaults.argument_parser.defaults.DefaultArgumentsDecorator object at 0x7f4c1ff66730>)
[0.440s] Level 1:colcon.colcon_core.package_discovery:discover_packages(colcon_meta) check parameters
[0.440s] Level 1:colcon.colcon_core.package_discovery:discover_packages(recursive) check parameters
[0.440s] Level 1:colcon.colcon_core.package_discovery:discover_packages(ignore) check parameters
[0.440s] Level 1:colcon.colcon_core.package_discovery:discover_packages(path) check parameters
[0.440s] Level 1:colcon.colcon_core.package_discovery:discover_packages(colcon_meta) discover
[0.440s] Level 1:colcon.colcon_core.package_discovery:discover_packages(recursive) discover
[0.440s] INFO:colcon.colcon_core.package_discovery:Crawling recursively for packages in '/home/lijiaqian/prak_ws'
[0.440s] Level 1:colcon.colcon_core.package_identification:_identify(.) by extensions ['ignore', 'ignore_ament_install']
[0.441s] Level 1:colcon.colcon_core.package_identification:_identify(.) by extension 'ignore'
[0.441s] Level 1:colcon.colcon_core.package_identification:_identify(.) by extension 'ignore_ament_install'
[0.441s] Level 1:colcon.colcon_core.package_identification:_identify(.) by extensions ['colcon_pkg']
[0.441s] Level 1:colcon.colcon_core.package_identification:_identify(.) by extension 'colcon_pkg'
[0.441s] Level 1:colcon.colcon_core.package_identification:_identify(.) by extensions ['colcon_meta']
[0.441s] Level 1:colcon.colcon_core.package_identification:_identify(.) by extension 'colcon_meta'
[0.441s] Level 1:colcon.colcon_core.package_identification:_identify(.) by extensions ['ros']
[0.441s] Level 1:colcon.colcon_core.package_identification:_identify(.) by extension 'ros'
[0.455s] Level 1:colcon.colcon_core.package_identification:_identify(.) by extensions ['cmake', 'python']
[0.455s] Level 1:colcon.colcon_core.package_identification:_identify(.) by extension 'cmake'
[0.455s] Level 1:colcon.colcon_core.package_identification:_identify(.) by extension 'python'
[0.455s] Level 1:colcon.colcon_core.package_identification:_identify(.) by extensions ['python_setup_py']
[0.455s] Level 1:colcon.colcon_core.package_identification:_identify(.) by extension 'python_setup_py'
[0.456s] Level 1:colcon.colcon_core.package_identification:_identify(build) by extensions ['ignore', 'ignore_ament_install']
[0.456s] Level 1:colcon.colcon_core.package_identification:_identify(build) by extension 'ignore'
[0.456s] Level 1:colcon.colcon_core.package_identification:_identify(build) ignored
[0.456s] Level 1:colcon.colcon_core.package_identification:_identify(install) by extensions ['ignore', 'ignore_ament_install']
[0.456s] Level 1:colcon.colcon_core.package_identification:_identify(install) by extension 'ignore'
[0.456s] Level 1:colcon.colcon_core.package_identification:_identify(install) ignored
[0.456s] Level 1:colcon.colcon_core.package_identification:_identify(log) by extensions ['ignore', 'ignore_ament_install']
[0.456s] Level 1:colcon.colcon_core.package_identification:_identify(log) by extension 'ignore'
[0.456s] Level 1:colcon.colcon_core.package_identification:_identify(log) ignored
[0.457s] Level 1:colcon.colcon_core.package_identification:_identify(src) by extensions ['ignore', 'ignore_ament_install']
[0.457s] Level 1:colcon.colcon_core.package_identification:_identify(src) by extension 'ignore'
[0.457s] Level 1:colcon.colcon_core.package_identification:_identify(src) by extension 'ignore_ament_install'
[0.457s] Level 1:colcon.colcon_core.package_identification:_identify(src) by extensions ['colcon_pkg']
[0.457s] Level 1:colcon.colcon_core.package_identification:_identify(src) by extension 'colcon_pkg'
[0.457s] Level 1:colcon.colcon_core.package_identification:_identify(src) by extensions ['colcon_meta']
[0.457s] Level 1:colcon.colcon_core.package_identification:_identify(src) by extension 'colcon_meta'
[0.457s] Level 1:colcon.colcon_core.package_identification:_identify(src) by extensions ['ros']
[0.457s] Level 1:colcon.colcon_core.package_identification:_identify(src) by extension 'ros'
[0.457s] Level 1:colcon.colcon_core.package_identification:_identify(src) by extensions ['cmake', 'python']
[0.457s] Level 1:colcon.colcon_core.package_identification:_identify(src) by extension 'cmake'
[0.457s] Level 1:colcon.colcon_core.package_identification:_identify(src) by extension 'python'
[0.457s] Level 1:colcon.colcon_core.package_identification:_identify(src) by extensions ['python_setup_py']
[0.457s] Level 1:colcon.colcon_core.package_identification:_identify(src) by extension 'python_setup_py'
[0.457s] Level 1:colcon.colcon_core.package_identification:_identify(src/panda_description) by extensions ['ignore', 'ignore_ament_install']
[0.458s] Level 1:colcon.colcon_core.package_identification:_identify(src/panda_description) by extension 'ignore'
[0.458s] Level 1:colcon.colcon_core.package_identification:_identify(src/panda_description) by extension 'ignore_ament_install'
[0.458s] Level 1:colcon.colcon_core.package_identification:_identify(src/panda_description) by extensions ['colcon_pkg']
[0.458s] Level 1:colcon.colcon_core.package_identification:_identify(src/panda_description) by extension 'colcon_pkg'
[0.458s] Level 1:colcon.colcon_core.package_identification:_identify(src/panda_description) by extensions ['colcon_meta']
[0.458s] Level 1:colcon.colcon_core.package_identification:_identify(src/panda_description) by extension 'colcon_meta'
[0.458s] Level 1:colcon.colcon_core.package_identification:_identify(src/panda_description) by extensions ['ros']
[0.458s] Level 1:colcon.colcon_core.package_identification:_identify(src/panda_description) by extension 'ros'
[0.461s] DEBUG:colcon.colcon_core.package_identification:Package 'src/panda_description' with type 'ros.ament_cmake' and name 'panda_description'
[0.461s] Level 1:colcon.colcon_core.package_identification:_identify(src/pivot_msg) by extensions ['ignore', 'ignore_ament_install']
[0.462s] Level 1:colcon.colcon_core.package_identification:_identify(src/pivot_msg) by extension 'ignore'
[0.462s] Level 1:colcon.colcon_core.package_identification:_identify(src/pivot_msg) by extension 'ignore_ament_install'
[0.462s] Level 1:colcon.colcon_core.package_identification:_identify(src/pivot_msg) by extensions ['colcon_pkg']
[0.462s] Level 1:colcon.colcon_core.package_identification:_identify(src/pivot_msg) by extension 'colcon_pkg'
[0.462s] Level 1:colcon.colcon_core.package_identification:_identify(src/pivot_msg) by extensions ['colcon_meta']
[0.462s] Level 1:colcon.colcon_core.package_identification:_identify(src/pivot_msg) by extension 'colcon_meta'
[0.462s] Level 1:colcon.colcon_core.package_identification:_identify(src/pivot_msg) by extensions ['ros']
[0.462s] Level 1:colcon.colcon_core.package_identification:_identify(src/pivot_msg) by extension 'ros'
[0.463s] DEBUG:colcon.colcon_core.package_identification:Package 'src/pivot_msg' with type 'ros.ament_cmake' and name 'pivot_msg'
[0.463s] Level 1:colcon.colcon_core.package_identification:_identify(src/telemanipulator) by extensions ['ignore', 'ignore_ament_install']
[0.464s] Level 1:colcon.colcon_core.package_identification:_identify(src/telemanipulator) by extension 'ignore'
[0.464s] Level 1:colcon.colcon_core.package_identification:_identify(src/telemanipulator) by extension 'ignore_ament_install'
[0.464s] Level 1:colcon.colcon_core.package_identification:_identify(src/telemanipulator) by extensions ['colcon_pkg']
[0.464s] Level 1:colcon.colcon_core.package_identification:_identify(src/telemanipulator) by extension 'colcon_pkg'
[0.464s] Level 1:colcon.colcon_core.package_identification:_identify(src/telemanipulator) by extensions ['colcon_meta']
[0.464s] Level 1:colcon.colcon_core.package_identification:_identify(src/telemanipulator) by extension 'colcon_meta'
[0.464s] Level 1:colcon.colcon_core.package_identification:_identify(src/telemanipulator) by extensions ['ros']
[0.464s] Level 1:colcon.colcon_core.package_identification:_identify(src/telemanipulator) by extension 'ros'
[0.467s] DEBUG:colcon.colcon_core.package_identification:Package 'src/telemanipulator' with type 'ros.ament_cmake' and name 'telemanipulator'
[0.467s] Level 1:colcon.colcon_core.package_discovery:discover_packages(recursive) using defaults
[0.467s] Level 1:colcon.colcon_core.package_discovery:discover_packages(ignore) discover
[0.467s] Level 1:colcon.colcon_core.package_discovery:discover_packages(ignore) using defaults
[0.467s] Level 1:colcon.colcon_core.package_discovery:discover_packages(path) discover
[0.467s] Level 1:colcon.colcon_core.package_discovery:discover_packages(path) using defaults
[0.517s] Level 5:colcon.colcon_core.verb:set package 'panda_description' build argument 'cmake_args' from command line to 'None'
[0.517s] Level 5:colcon.colcon_core.verb:set package 'panda_description' build argument 'cmake_target' from command line to 'None'
[0.517s] Level 5:colcon.colcon_core.verb:set package 'panda_description' build argument 'cmake_target_skip_unavailable' from command line to 'False'
[0.517s] Level 5:colcon.colcon_core.verb:set package 'panda_description' build argument 'cmake_clean_cache' from command line to 'False'
[0.517s] Level 5:colcon.colcon_core.verb:set package 'panda_description' build argument 'cmake_clean_first' from command line to 'False'
[0.517s] Level 5:colcon.colcon_core.verb:set package 'panda_description' build argument 'cmake_force_configure' from command line to 'False'
[0.517s] Level 5:colcon.colcon_core.verb:set package 'panda_description' build argument 'ament_cmake_args' from command line to 'None'
[0.517s] Level 5:colcon.colcon_core.verb:set package 'panda_description' build argument 'catkin_cmake_args' from command line to 'None'
[0.517s] Level 5:colcon.colcon_core.verb:set package 'panda_description' build argument 'catkin_skip_building_tests' from command line to 'False'
[0.517s] DEBUG:colcon.colcon_core.verb:Building package 'panda_description' with the following arguments: {'ament_cmake_args': None, 'build_base': '/home/lijiaqian/prak_ws/build/panda_description', 'catkin_cmake_args': None, 'catkin_skip_building_tests': False, 'cmake_args': None, 'cmake_clean_cache': False, 'cmake_clean_first': False, 'cmake_force_configure': False, 'cmake_target': None, 'cmake_target_skip_unavailable': False, 'install_base': '/home/lijiaqian/prak_ws/install/panda_description', 'merge_install': False, 'path': '/home/lijiaqian/prak_ws/src/panda_description', 'symlink_install': False, 'test_result_base': None}
[0.520s] Level 5:colcon.colcon_core.verb:set package 'pivot_msg' build argument 'cmake_args' from command line to 'None'
[0.520s] Level 5:colcon.colcon_core.verb:set package 'pivot_msg' build argument 'cmake_target' from command line to 'None'
[0.520s] Level 5:colcon.colcon_core.verb:set package 'pivot_msg' build argument 'cmake_target_skip_unavailable' from command line to 'False'
[0.520s] Level 5:colcon.colcon_core.verb:set package 'pivot_msg' build argument 'cmake_clean_cache' from command line to 'False'
[0.520s] Level 5:colcon.colcon_core.verb:set package 'pivot_msg' build argument 'cmake_clean_first' from command line to 'False'
[0.520s] Level 5:colcon.colcon_core.verb:set package 'pivot_msg' build argument 'cmake_force_configure' from command line to 'False'
[0.520s] Level 5:colcon.colcon_core.verb:set package 'pivot_msg' build argument 'ament_cmake_args' from command line to 'None'
[0.520s] Level 5:colcon.colcon_core.verb:set package 'pivot_msg' build argument 'catkin_cmake_args' from command line to 'None'
[0.520s] Level 5:colcon.colcon_core.verb:set package 'pivot_msg' build argument 'catkin_skip_building_tests' from command line to 'False'
[0.520s] DEBUG:colcon.colcon_core.verb:Building package 'pivot_msg' with the following arguments: {'ament_cmake_args': None, 'build_base': '/home/lijiaqian/prak_ws/build/pivot_msg', 'catkin_cmake_args': None, 'catkin_skip_building_tests': False, 'cmake_args': None, 'cmake_clean_cache': False, 'cmake_clean_first': False, 'cmake_force_configure': False, 'cmake_target': None, 'cmake_target_skip_unavailable': False, 'install_base': '/home/lijiaqian/prak_ws/install/pivot_msg', 'merge_install': False, 'path': '/home/lijiaqian/prak_ws/src/pivot_msg', 'symlink_install': False, 'test_result_base': None}
[0.524s] Level 5:colcon.colcon_core.verb:set package 'telemanipulator' build argument 'cmake_args' from command line to 'None'
[0.524s] Level 5:colcon.colcon_core.verb:set package 'telemanipulator' build argument 'cmake_target' from command line to 'None'
[0.524s] Level 5:colcon.colcon_core.verb:set package 'telemanipulator' build argument 'cmake_target_skip_unavailable' from command line to 'False'
[0.524s] Level 5:colcon.colcon_core.verb:set package 'telemanipulator' build argument 'cmake_clean_cache' from command line to 'False'
[0.524s] Level 5:colcon.colcon_core.verb:set package 'telemanipulator' build argument 'cmake_clean_first' from command line to 'False'
[0.524s] Level 5:colcon.colcon_core.verb:set package 'telemanipulator' build argument 'cmake_force_configure' from command line to 'False'
[0.524s] Level 5:colcon.colcon_core.verb:set package 'telemanipulator' build argument 'ament_cmake_args' from command line to 'None'
[0.524s] Level 5:colcon.colcon_core.verb:set package 'telemanipulator' build argument 'catkin_cmake_args' from command line to 'None'
[0.524s] Level 5:colcon.colcon_core.verb:set package 'telemanipulator' build argument 'catkin_skip_building_tests' from command line to 'False'
[0.524s] DEBUG:colcon.colcon_core.verb:Building package 'telemanipulator' with the following arguments: {'ament_cmake_args': None, 'build_base': '/home/lijiaqian/prak_ws/build/telemanipulator', 'catkin_cmake_args': None, 'catkin_skip_building_tests': False, 'cmake_args': None, 'cmake_clean_cache': False, 'cmake_clean_first': False, 'cmake_force_configure': False, 'cmake_target': None, 'cmake_target_skip_unavailable': False, 'install_base': '/home/lijiaqian/prak_ws/install/telemanipulator', 'merge_install': False, 'path': '/home/lijiaqian/prak_ws/src/telemanipulator', 'symlink_install': False, 'test_result_base': None}
[0.525s] INFO:colcon.colcon_core.executor:Executing jobs using 'parallel' executor
[0.527s] DEBUG:colcon.colcon_parallel_executor.executor.parallel:run_until_complete
[0.527s] INFO:colcon.colcon_ros.task.ament_cmake.build:Building ROS package in '/home/lijiaqian/prak_ws/src/pivot_msg' with build type 'ament_cmake'
[0.528s] INFO:colcon.colcon_cmake.task.cmake.build:Building CMake package in '/home/lijiaqian/prak_ws/src/pivot_msg'
[0.539s] INFO:colcon.colcon_core.plugin_system:Skipping extension 'colcon_core.shell.bat': Not used on non-Windows systems
[0.540s] INFO:colcon.colcon_core.shell:Skip shell extension 'powershell' for command environment: Not usable outside of PowerShell
[0.540s] DEBUG:colcon.colcon_core.shell:Skip shell extension 'dsv' for command environment
[0.548s] DEBUG:colcon.colcon_core.shell:Ignoring prefix path '/opt/ros/foxy'
[0.555s] INFO:colcon.colcon_ros.task.ament_cmake.build:Building ROS package in '/home/lijiaqian/prak_ws/src/panda_description' with build type 'ament_cmake'
[0.555s] INFO:colcon.colcon_cmake.task.cmake.build:Building CMake package in '/home/lijiaqian/prak_ws/src/panda_description'
[0.556s] INFO:colcon.colcon_core.shell:Skip shell extension 'powershell' for command environment: Not usable outside of PowerShell
[0.556s] DEBUG:colcon.colcon_core.shell:Skip shell extension 'dsv' for command environment
[0.564s] DEBUG:colcon.colcon_core.shell:Ignoring prefix path '/opt/ros/foxy'
[0.575s] DEBUG:colcon.colcon_core.event_handler.log_command:Invoking command in '/home/lijiaqian/prak_ws/build/pivot_msg': CMAKE_PREFIX_PATH=${CMAKE_PREFIX_PATH}:/opt/ros/foxy /usr/bin/cmake --build /home/lijiaqian/prak_ws/build/pivot_msg -- -j3 -l3
[0.606s] DEBUG:colcon.colcon_core.event_handler.log_command:Invoking command in '/home/lijiaqian/prak_ws/build/panda_description': CMAKE_PREFIX_PATH=${CMAKE_PREFIX_PATH}:/opt/ros/foxy /usr/bin/cmake --build /home/lijiaqian/prak_ws/build/panda_description -- -j3 -l3
[0.767s] DEBUG:colcon.colcon_core.event_handler.log_command:Invoked command in '/home/lijiaqian/prak_ws/build/panda_description' returned '0': CMAKE_PREFIX_PATH=${CMAKE_PREFIX_PATH}:/opt/ros/foxy /usr/bin/cmake --build /home/lijiaqian/prak_ws/build/panda_description -- -j3 -l3
[0.868s] DEBUG:colcon.colcon_core.event_handler.log_command:Invoking command in '/home/lijiaqian/prak_ws/build/panda_description': CMAKE_PREFIX_PATH=${CMAKE_PREFIX_PATH}:/opt/ros/foxy /usr/bin/cmake --install /home/lijiaqian/prak_ws/build/panda_description
[0.897s] Level 1:colcon.colcon_core.environment:create_environment_scripts_only(panda_description)
[0.900s] DEBUG:colcon.colcon_core.event_handler.log_command:Invoked command in '/home/lijiaqian/prak_ws/build/panda_description' returned '0': CMAKE_PREFIX_PATH=${CMAKE_PREFIX_PATH}:/opt/ros/foxy /usr/bin/cmake --install /home/lijiaqian/prak_ws/build/panda_description
[0.914s] Level 1:colcon.colcon_core.environment:checking '/home/lijiaqian/prak_ws/install/panda_description' for CMake module files
[0.915s] Level 1:colcon.colcon_core.environment:checking '/home/lijiaqian/prak_ws/install/panda_description' for CMake config files
[0.916s] Level 1:colcon.colcon_core.shell:create_environment_hook('panda_description', 'cmake_prefix_path')
[0.917s] INFO:colcon.colcon_core.shell:Creating environment hook '/home/lijiaqian/prak_ws/install/panda_description/share/panda_description/hook/cmake_prefix_path.ps1'
[0.922s] INFO:colcon.colcon_core.shell:Creating environment descriptor '/home/lijiaqian/prak_ws/install/panda_description/share/panda_description/hook/cmake_prefix_path.dsv'
[0.924s] INFO:colcon.colcon_core.shell:Creating environment hook '/home/lijiaqian/prak_ws/install/panda_description/share/panda_description/hook/cmake_prefix_path.sh'
[0.926s] Level 1:colcon.colcon_core.environment:checking '/home/lijiaqian/prak_ws/install/panda_description/bin'
[0.926s] Level 1:colcon.colcon_core.environment:checking '/home/lijiaqian/prak_ws/install/panda_description/lib/pkgconfig/panda_description.pc'
[0.926s] Level 1:colcon.colcon_core.environment:checking '/home/lijiaqian/prak_ws/install/panda_description/lib/python3.8/site-packages'
[0.927s] INFO:colcon.colcon_core.shell:Creating package script '/home/lijiaqian/prak_ws/install/panda_description/share/panda_description/package.ps1'
[0.929s] INFO:colcon.colcon_core.shell:Creating package descriptor '/home/lijiaqian/prak_ws/install/panda_description/share/panda_description/package.dsv'
[0.931s] INFO:colcon.colcon_core.shell:Creating package script '/home/lijiaqian/prak_ws/install/panda_description/share/panda_description/package.sh'
[0.947s] INFO:colcon.colcon_core.shell:Creating package script '/home/lijiaqian/prak_ws/install/panda_description/share/panda_description/package.bash'
[0.951s] INFO:colcon.colcon_core.shell:Creating package script '/home/lijiaqian/prak_ws/install/panda_description/share/panda_description/package.zsh'
[0.956s] Level 1:colcon.colcon_core.environment:create_file_with_runtime_dependencies(/home/lijiaqian/prak_ws/install/panda_description/share/colcon-core/packages/panda_description)
[1.077s] Level 1:colcon.colcon_core.environment:create_environment_scripts_only(panda_description)
[1.079s] Level 1:colcon.colcon_core.environment:checking '/home/lijiaqian/prak_ws/install/panda_description' for CMake module files
[1.079s] Level 1:colcon.colcon_core.environment:checking '/home/lijiaqian/prak_ws/install/panda_description' for CMake config files
[1.080s] Level 1:colcon.colcon_core.shell:create_environment_hook('panda_description', 'cmake_prefix_path')
[1.081s] INFO:colcon.colcon_core.shell:Creating environment hook '/home/lijiaqian/prak_ws/install/panda_description/share/panda_description/hook/cmake_prefix_path.ps1'
[1.081s] INFO:colcon.colcon_core.shell:Creating environment descriptor '/home/lijiaqian/prak_ws/install/panda_description/share/panda_description/hook/cmake_prefix_path.dsv'
[1.082s] INFO:colcon.colcon_core.shell:Creating environment hook '/home/lijiaqian/prak_ws/install/panda_description/share/panda_description/hook/cmake_prefix_path.sh'
[1.083s] Level 1:colcon.colcon_core.environment:checking '/home/lijiaqian/prak_ws/install/panda_description/bin'
[1.083s] Level 1:colcon.colcon_core.environment:checking '/home/lijiaqian/prak_ws/install/panda_description/lib/pkgconfig/panda_description.pc'
[1.083s] Level 1:colcon.colcon_core.environment:checking '/home/lijiaqian/prak_ws/install/panda_description/lib/python3.8/site-packages'
[1.084s] INFO:colcon.colcon_core.shell:Creating package script '/home/lijiaqian/prak_ws/install/panda_description/share/panda_description/package.ps1'
[1.085s] INFO:colcon.colcon_core.shell:Creating package descriptor '/home/lijiaqian/prak_ws/install/panda_description/share/panda_description/package.dsv'
[1.086s] INFO:colcon.colcon_core.shell:Creating package script '/home/lijiaqian/prak_ws/install/panda_description/share/panda_description/package.sh'
[1.087s] INFO:colcon.colcon_core.shell:Creating package script '/home/lijiaqian/prak_ws/install/panda_description/share/panda_description/package.bash'
[1.088s] INFO:colcon.colcon_core.shell:Creating package script '/home/lijiaqian/prak_ws/install/panda_description/share/panda_description/package.zsh'
[1.088s] Level 1:colcon.colcon_core.environment:create_file_with_runtime_dependencies(/home/lijiaqian/prak_ws/install/panda_description/share/colcon-core/packages/panda_description)
[1.582s] DEBUG:colcon.colcon_core.event_handler.log_command:Invoked command in '/home/lijiaqian/prak_ws/build/pivot_msg' returned '0': CMAKE_PREFIX_PATH=${CMAKE_PREFIX_PATH}:/opt/ros/foxy /usr/bin/cmake --build /home/lijiaqian/prak_ws/build/pivot_msg -- -j3 -l3
[1.720s] DEBUG:colcon.colcon_core.event_handler.log_command:Invoking command in '/home/lijiaqian/prak_ws/build/pivot_msg': CMAKE_PREFIX_PATH=${CMAKE_PREFIX_PATH}:/opt/ros/foxy /usr/bin/cmake --install /home/lijiaqian/prak_ws/build/pivot_msg
[1.811s] Level 1:colcon.colcon_core.environment:create_environment_scripts_only(pivot_msg)
[1.813s] Level 1:colcon.colcon_core.environment:checking '/home/lijiaqian/prak_ws/install/pivot_msg' for CMake module files
[1.814s] DEBUG:colcon.colcon_core.event_handler.log_command:Invoked command in '/home/lijiaqian/prak_ws/build/pivot_msg' returned '0': CMAKE_PREFIX_PATH=${CMAKE_PREFIX_PATH}:/opt/ros/foxy /usr/bin/cmake --install /home/lijiaqian/prak_ws/build/pivot_msg
[1.814s] Level 1:colcon.colcon_core.environment:checking '/home/lijiaqian/prak_ws/install/pivot_msg' for CMake config files
[1.815s] Level 1:colcon.colcon_core.shell:create_environment_hook('pivot_msg', 'cmake_prefix_path')
[1.816s] INFO:colcon.colcon_core.shell:Creating environment hook '/home/lijiaqian/prak_ws/install/pivot_msg/share/pivot_msg/hook/cmake_prefix_path.ps1'
[1.817s] INFO:colcon.colcon_core.shell:Creating environment descriptor '/home/lijiaqian/prak_ws/install/pivot_msg/share/pivot_msg/hook/cmake_prefix_path.dsv'
[1.818s] INFO:colcon.colcon_core.shell:Creating environment hook '/home/lijiaqian/prak_ws/install/pivot_msg/share/pivot_msg/hook/cmake_prefix_path.sh'
[1.819s] Level 1:colcon.colcon_core.environment:checking '/home/lijiaqian/prak_ws/install/pivot_msg/lib'
[1.821s] Level 1:colcon.colcon_core.shell:create_environment_hook('pivot_msg', 'ld_library_path_lib')
[1.822s] INFO:colcon.colcon_core.shell:Creating environment hook '/home/lijiaqian/prak_ws/install/pivot_msg/share/pivot_msg/hook/ld_library_path_lib.ps1'
[1.823s] INFO:colcon.colcon_core.shell:Creating environment descriptor '/home/lijiaqian/prak_ws/install/pivot_msg/share/pivot_msg/hook/ld_library_path_lib.dsv'
[1.823s] INFO:colcon.colcon_core.shell:Creating environment hook '/home/lijiaqian/prak_ws/install/pivot_msg/share/pivot_msg/hook/ld_library_path_lib.sh'
[1.824s] Level 1:colcon.colcon_core.environment:checking '/home/lijiaqian/prak_ws/install/pivot_msg/bin'
[1.824s] Level 1:colcon.colcon_core.environment:checking '/home/lijiaqian/prak_ws/install/pivot_msg/lib/pkgconfig/pivot_msg.pc'
[1.824s] Level 1:colcon.colcon_core.environment:checking '/home/lijiaqian/prak_ws/install/pivot_msg/lib/python3.8/site-packages'
[1.824s] Level 1:colcon.colcon_core.shell:create_environment_hook('pivot_msg', 'pythonpath')
[1.825s] INFO:colcon.colcon_core.shell:Creating environment hook '/home/lijiaqian/prak_ws/install/pivot_msg/share/pivot_msg/hook/pythonpath.ps1'
[1.825s] INFO:colcon.colcon_core.shell:Creating environment descriptor '/home/lijiaqian/prak_ws/install/pivot_msg/share/pivot_msg/hook/pythonpath.dsv'
[1.826s] INFO:colcon.colcon_core.shell:Creating environment hook '/home/lijiaqian/prak_ws/install/pivot_msg/share/pivot_msg/hook/pythonpath.sh'
[1.827s] INFO:colcon.colcon_core.shell:Creating package script '/home/lijiaqian/prak_ws/install/pivot_msg/share/pivot_msg/package.ps1'
[1.828s] INFO:colcon.colcon_core.shell:Creating package descriptor '/home/lijiaqian/prak_ws/install/pivot_msg/share/pivot_msg/package.dsv'
[1.828s] INFO:colcon.colcon_core.shell:Creating package script '/home/lijiaqian/prak_ws/install/pivot_msg/share/pivot_msg/package.sh'
[1.829s] INFO:colcon.colcon_core.shell:Creating package script '/home/lijiaqian/prak_ws/install/pivot_msg/share/pivot_msg/package.bash'
[1.830s] INFO:colcon.colcon_core.shell:Creating package script '/home/lijiaqian/prak_ws/install/pivot_msg/share/pivot_msg/package.zsh'
[1.831s] Level 1:colcon.colcon_core.environment:create_file_with_runtime_dependencies(/home/lijiaqian/prak_ws/install/pivot_msg/share/colcon-core/packages/pivot_msg)
[1.981s] Level 1:colcon.colcon_core.environment:create_environment_scripts_only(pivot_msg)
[1.983s] Level 1:colcon.colcon_core.environment:checking '/home/lijiaqian/prak_ws/install/pivot_msg' for CMake module files
[1.983s] Level 1:colcon.colcon_core.environment:checking '/home/lijiaqian/prak_ws/install/pivot_msg' for CMake config files
[1.984s] Level 1:colcon.colcon_core.shell:create_environment_hook('pivot_msg', 'cmake_prefix_path')
[1.984s] INFO:colcon.colcon_core.shell:Creating environment hook '/home/lijiaqian/prak_ws/install/pivot_msg/share/pivot_msg/hook/cmake_prefix_path.ps1'
[1.985s] INFO:colcon.colcon_core.shell:Creating environment descriptor '/home/lijiaqian/prak_ws/install/pivot_msg/share/pivot_msg/hook/cmake_prefix_path.dsv'
[1.986s] INFO:colcon.colcon_core.shell:Creating environment hook '/home/lijiaqian/prak_ws/install/pivot_msg/share/pivot_msg/hook/cmake_prefix_path.sh'
[1.987s] Level 1:colcon.colcon_core.environment:checking '/home/lijiaqian/prak_ws/install/pivot_msg/lib'
[1.988s] Level 1:colcon.colcon_core.shell:create_environment_hook('pivot_msg', 'ld_library_path_lib')
[1.989s] INFO:colcon.colcon_core.shell:Creating environment hook '/home/lijiaqian/prak_ws/install/pivot_msg/share/pivot_msg/hook/ld_library_path_lib.ps1'
[1.989s] INFO:colcon.colcon_core.shell:Creating environment descriptor '/home/lijiaqian/prak_ws/install/pivot_msg/share/pivot_msg/hook/ld_library_path_lib.dsv'
[1.990s] INFO:colcon.colcon_core.shell:Creating environment hook '/home/lijiaqian/prak_ws/install/pivot_msg/share/pivot_msg/hook/ld_library_path_lib.sh'
[1.990s] Level 1:colcon.colcon_core.environment:checking '/home/lijiaqian/prak_ws/install/pivot_msg/bin'
[1.990s] Level 1:colcon.colcon_core.environment:checking '/home/lijiaqian/prak_ws/install/pivot_msg/lib/pkgconfig/pivot_msg.pc'
[1.990s] Level 1:colcon.colcon_core.environment:checking '/home/lijiaqian/prak_ws/install/pivot_msg/lib/python3.8/site-packages'
[1.990s] Level 1:colcon.colcon_core.shell:create_environment_hook('pivot_msg', 'pythonpath')
[1.991s] INFO:colcon.colcon_core.shell:Creating environment hook '/home/lijiaqian/prak_ws/install/pivot_msg/share/pivot_msg/hook/pythonpath.ps1'
[1.991s] INFO:colcon.colcon_core.shell:Creating environment descriptor '/home/lijiaqian/prak_ws/install/pivot_msg/share/pivot_msg/hook/pythonpath.dsv'
[1.992s] INFO:colcon.colcon_core.shell:Creating environment hook '/home/lijiaqian/prak_ws/install/pivot_msg/share/pivot_msg/hook/pythonpath.sh'
[1.993s] INFO:colcon.colcon_core.shell:Creating package script '/home/lijiaqian/prak_ws/install/pivot_msg/share/pivot_msg/package.ps1'
[1.994s] INFO:colcon.colcon_core.shell:Creating package descriptor '/home/lijiaqian/prak_ws/install/pivot_msg/share/pivot_msg/package.dsv'
[1.995s] INFO:colcon.colcon_core.shell:Creating package script '/home/lijiaqian/prak_ws/install/pivot_msg/share/pivot_msg/package.sh'
[1.995s] INFO:colcon.colcon_core.shell:Creating package script '/home/lijiaqian/prak_ws/install/pivot_msg/share/pivot_msg/package.bash'
[1.996s] INFO:colcon.colcon_core.shell:Creating package script '/home/lijiaqian/prak_ws/install/pivot_msg/share/pivot_msg/package.zsh'
[1.996s] Level 1:colcon.colcon_core.environment:create_file_with_runtime_dependencies(/home/lijiaqian/prak_ws/install/pivot_msg/share/colcon-core/packages/pivot_msg)
[1.997s] INFO:colcon.colcon_ros.task.ament_cmake.build:Building ROS package in '/home/lijiaqian/prak_ws/src/telemanipulator' with build type 'ament_cmake'
[1.997s] INFO:colcon.colcon_cmake.task.cmake.build:Building CMake package in '/home/lijiaqian/prak_ws/src/telemanipulator'
[1.998s] INFO:colcon.colcon_core.shell:Skip shell extension 'powershell' for command environment: Not usable outside of PowerShell
[1.998s] DEBUG:colcon.colcon_core.shell:Skip shell extension 'dsv' for command environment
[2.004s] DEBUG:colcon.colcon_core.shell:Ignoring prefix path '/opt/ros/foxy'
[2.024s] DEBUG:colcon.colcon_core.event_handler.log_command:Invoking command in '/home/lijiaqian/prak_ws/build/telemanipulator': CMAKE_PREFIX_PATH=/home/lijiaqian/prak_ws/install/pivot_msg:/home/lijiaqian/prak_ws/install/tutorial_interfaces:/home/lijiaqian/prak_ws/install/telemanipulator:/home/lijiaqian/prak_ws/install/panda_description:/home/lijiaqian/ws_ros2/install/warehouse_ros_mongo:/home/lijiaqian/ws_ros2/install/moveit_ros_visualization:/home/lijiaqian/ws_ros2/install/moveit_ros_benchmarks:/home/lijiaqian/ws_ros2/install/moveit_ros_warehouse:/home/lijiaqian/ws_ros2/install/warehouse_ros:/home/lijiaqian/ws_ros2/install/ros2_control:/home/lijiaqian/ws_ros2/install/transmission_interface:/home/lijiaqian/ws_ros2/install/test_robot_hardware:/home/lijiaqian/ws_ros2/install/run_moveit_cpp:/home/lijiaqian/ws_ros2/install/run_move_group:/home/lijiaqian/ws_ros2/install/moveit_simple_controller_manager:/home/lijiaqian/ws_ros2/install/moveit_servo:/home/lijiaqian/ws_ros2/install/moveit_ros_robot_interaction:/home/lijiaqian/ws_ros2/install/moveit_ros_planning_interface:/home/lijiaqian/ws_ros2/install/moveit_ros_move_group:/home/lijiaqian/ws_ros2/install/moveit_planners_ompl:/home/lijiaqian/ws_ros2/install/moveit_fake_controller_manager:/home/lijiaqian/ws_ros2/install/moveit_ros_planning:/home/lijiaqian/ws_ros2/install/moveit_ros_occupancy_map_monitor:/home/lijiaqian/ws_ros2/install/moveit_kinematics:/home/lijiaqian/ws_ros2/install/moveit_core:/home/lijiaqian/ws_ros2/install/srdfdom:/home/lijiaqian/ws_ros2/install/fake_joint_driver:/home/lijiaqian/ws_ros2/install/ros2_controllers:/home/lijiaqian/ws_ros2/install/moveit_resources:/home/lijiaqian/ws_ros2/install/moveit_resources_pr2_description:/home/lijiaqian/ws_ros2/install/moveit_resources_panda_moveit_config:/home/lijiaqian/ws_ros2/install/moveit_resources_panda_description:/home/lijiaqian/ws_ros2/install/moveit_resources_fanuc_moveit_config:/home/lijiaqian/ws_ros2/install/moveit_resources_fanuc_description:/home/lijiaqian/ws_ros2/install/moveit_msgs:/home/lijiaqian/ws_ros2/install/moveit_common:/home/lijiaqian/ws_ros2/install/joint_trajectory_controller:/home/lijiaqian/ws_ros2/install/joint_state_controller:/home/lijiaqian/ws_ros2/install/diff_drive_controller:/home/lijiaqian/ws_ros2/install/controller_manager:/home/lijiaqian/ws_ros2/install/controller_interface:/home/lijiaqian/ws_ros2/install/hardware_interface:/home/lijiaqian/ws_ros2/install/geometric_shapes:/opt/ros/foxy LD_LIBRARY_PATH=/home/lijiaqian/prak_ws/install/pivot_msg/lib:/home/lijiaqian/prak_ws/install/tutorial_interfaces/lib:/home/lijiaqian/prak_ws/install/telemanipulator/libs:/home/lijiaqian/prak_ws/install/telemanipulator/lib:/home/lijiaqian/ws_ros2/install/warehouse_ros_mongo/lib:/home/lijiaqian/ws_ros2/install/moveit_ros_visualization/lib:/home/lijiaqian/ws_ros2/install/moveit_ros_benchmarks/lib:/home/lijiaqian/ws_ros2/install/moveit_ros_warehouse/lib:/home/lijiaqian/ws_ros2/install/warehouse_ros/lib:/home/lijiaqian/ws_ros2/install/transmission_interface/lib:/home/lijiaqian/ws_ros2/install/test_robot_hardware/lib:/home/lijiaqian/ws_ros2/install/moveit_simple_controller_manager/lib:/home/lijiaqian/ws_ros2/install/moveit_servo/lib:/home/lijiaqian/ws_ros2/install/moveit_ros_robot_interaction/lib:/home/lijiaqian/ws_ros2/install/moveit_ros_planning_interface/lib:/home/lijiaqian/ws_ros2/install/moveit_ros_move_group/lib:/home/lijiaqian/ws_ros2/install/moveit_planners_ompl/lib:/home/lijiaqian/ws_ros2/install/moveit_fake_controller_manager/lib:/home/lijiaqian/ws_ros2/install/moveit_ros_planning/lib:/home/lijiaqian/ws_ros2/install/moveit_ros_occupancy_map_monitor/lib:/home/lijiaqian/ws_ros2/install/moveit_kinematics/lib:/home/lijiaqian/ws_ros2/install/moveit_core/lib:/home/lijiaqian/ws_ros2/install/srdfdom/lib:/home/lijiaqian/ws_ros2/install/moveit_msgs/lib:/home/lijiaqian/ws_ros2/install/joint_trajectory_controller/lib:/home/lijiaqian/ws_ros2/install/joint_state_controller/lib:/home/lijiaqian/ws_ros2/install/diff_drive_controller/lib:/home/lijiaqian/ws_ros2/install/controller_manager/lib:/home/lijiaqian/ws_ros2/install/controller_interface/lib:/home/lijiaqian/ws_ros2/install/hardware_interface/lib:/home/lijiaqian/ws_ros2/install/geometric_shapes/lib:/opt/ros/foxy/opt/yaml_cpp_vendor/lib:/opt/ros/foxy/opt/rviz_ogre_vendor/lib:/opt/ros/foxy/lib/x86_64-linux-gnu:/opt/ros/foxy/lib PYTHONPATH=/home/lijiaqian/prak_ws/install/pivot_msg/lib/python3.8/site-packages:/home/lijiaqian/prak_ws/install/tutorial_interfaces/lib/python3.8/site-packages:/home/lijiaqian/prak_ws/install/telemanipulator/lib/python3.8/site-packages:/home/lijiaqian/ws_ros2/install/warehouse_ros_mongo/lib/python3.8/site-packages:/home/lijiaqian/ws_ros2/install/moveit_msgs/lib/python3.8/site-packages:/opt/ros/foxy/lib/python3.8/site-packages /usr/bin/cmake --build /home/lijiaqian/prak_ws/build/telemanipulator -- -j3 -l3
[20.917s] DEBUG:colcon.colcon_core.event_handler.log_command:Invoked command in '/home/lijiaqian/prak_ws/build/telemanipulator' returned '0': CMAKE_PREFIX_PATH=/home/lijiaqian/prak_ws/install/pivot_msg:/home/lijiaqian/prak_ws/install/tutorial_interfaces:/home/lijiaqian/prak_ws/install/telemanipulator:/home/lijiaqian/prak_ws/install/panda_description:/home/lijiaqian/ws_ros2/install/warehouse_ros_mongo:/home/lijiaqian/ws_ros2/install/moveit_ros_visualization:/home/lijiaqian/ws_ros2/install/moveit_ros_benchmarks:/home/lijiaqian/ws_ros2/install/moveit_ros_warehouse:/home/lijiaqian/ws_ros2/install/warehouse_ros:/home/lijiaqian/ws_ros2/install/ros2_control:/home/lijiaqian/ws_ros2/install/transmission_interface:/home/lijiaqian/ws_ros2/install/test_robot_hardware:/home/lijiaqian/ws_ros2/install/run_moveit_cpp:/home/lijiaqian/ws_ros2/install/run_move_group:/home/lijiaqian/ws_ros2/install/moveit_simple_controller_manager:/home/lijiaqian/ws_ros2/install/moveit_servo:/home/lijiaqian/ws_ros2/install/moveit_ros_robot_interaction:/home/lijiaqian/ws_ros2/install/moveit_ros_planning_interface:/home/lijiaqian/ws_ros2/install/moveit_ros_move_group:/home/lijiaqian/ws_ros2/install/moveit_planners_ompl:/home/lijiaqian/ws_ros2/install/moveit_fake_controller_manager:/home/lijiaqian/ws_ros2/install/moveit_ros_planning:/home/lijiaqian/ws_ros2/install/moveit_ros_occupancy_map_monitor:/home/lijiaqian/ws_ros2/install/moveit_kinematics:/home/lijiaqian/ws_ros2/install/moveit_core:/home/lijiaqian/ws_ros2/install/srdfdom:/home/lijiaqian/ws_ros2/install/fake_joint_driver:/home/lijiaqian/ws_ros2/install/ros2_controllers:/home/lijiaqian/ws_ros2/install/moveit_resources:/home/lijiaqian/ws_ros2/install/moveit_resources_pr2_description:/home/lijiaqian/ws_ros2/install/moveit_resources_panda_moveit_config:/home/lijiaqian/ws_ros2/install/moveit_resources_panda_description:/home/lijiaqian/ws_ros2/install/moveit_resources_fanuc_moveit_config:/home/lijiaqian/ws_ros2/install/moveit_resources_fanuc_description:/home/lijiaqian/ws_ros2/install/moveit_msgs:/home/lijiaqian/ws_ros2/install/moveit_common:/home/lijiaqian/ws_ros2/install/joint_trajectory_controller:/home/lijiaqian/ws_ros2/install/joint_state_controller:/home/lijiaqian/ws_ros2/install/diff_drive_controller:/home/lijiaqian/ws_ros2/install/controller_manager:/home/lijiaqian/ws_ros2/install/controller_interface:/home/lijiaqian/ws_ros2/install/hardware_interface:/home/lijiaqian/ws_ros2/install/geometric_shapes:/opt/ros/foxy LD_LIBRARY_PATH=/home/lijiaqian/prak_ws/install/pivot_msg/lib:/home/lijiaqian/prak_ws/install/tutorial_interfaces/lib:/home/lijiaqian/prak_ws/install/telemanipulator/libs:/home/lijiaqian/prak_ws/install/telemanipulator/lib:/home/lijiaqian/ws_ros2/install/warehouse_ros_mongo/lib:/home/lijiaqian/ws_ros2/install/moveit_ros_visualization/lib:/home/lijiaqian/ws_ros2/install/moveit_ros_benchmarks/lib:/home/lijiaqian/ws_ros2/install/moveit_ros_warehouse/lib:/home/lijiaqian/ws_ros2/install/warehouse_ros/lib:/home/lijiaqian/ws_ros2/install/transmission_interface/lib:/home/lijiaqian/ws_ros2/install/test_robot_hardware/lib:/home/lijiaqian/ws_ros2/install/moveit_simple_controller_manager/lib:/home/lijiaqian/ws_ros2/install/moveit_servo/lib:/home/lijiaqian/ws_ros2/install/moveit_ros_robot_interaction/lib:/home/lijiaqian/ws_ros2/install/moveit_ros_planning_interface/lib:/home/lijiaqian/ws_ros2/install/moveit_ros_move_group/lib:/home/lijiaqian/ws_ros2/install/moveit_planners_ompl/lib:/home/lijiaqian/ws_ros2/install/moveit_fake_controller_manager/lib:/home/lijiaqian/ws_ros2/install/moveit_ros_planning/lib:/home/lijiaqian/ws_ros2/install/moveit_ros_occupancy_map_monitor/lib:/home/lijiaqian/ws_ros2/install/moveit_kinematics/lib:/home/lijiaqian/ws_ros2/install/moveit_core/lib:/home/lijiaqian/ws_ros2/install/srdfdom/lib:/home/lijiaqian/ws_ros2/install/moveit_msgs/lib:/home/lijiaqian/ws_ros2/install/joint_trajectory_controller/lib:/home/lijiaqian/ws_ros2/install/joint_state_controller/lib:/home/lijiaqian/ws_ros2/install/diff_drive_controller/lib:/home/lijiaqian/ws_ros2/install/controller_manager/lib:/home/lijiaqian/ws_ros2/install/controller_interface/lib:/home/lijiaqian/ws_ros2/install/hardware_interface/lib:/home/lijiaqian/ws_ros2/install/geometric_shapes/lib:/opt/ros/foxy/opt/yaml_cpp_vendor/lib:/opt/ros/foxy/opt/rviz_ogre_vendor/lib:/opt/ros/foxy/lib/x86_64-linux-gnu:/opt/ros/foxy/lib PYTHONPATH=/home/lijiaqian/prak_ws/install/pivot_msg/lib/python3.8/site-packages:/home/lijiaqian/prak_ws/install/tutorial_interfaces/lib/python3.8/site-packages:/home/lijiaqian/prak_ws/install/telemanipulator/lib/python3.8/site-packages:/home/lijiaqian/ws_ros2/install/warehouse_ros_mongo/lib/python3.8/site-packages:/home/lijiaqian/ws_ros2/install/moveit_msgs/lib/python3.8/site-packages:/opt/ros/foxy/lib/python3.8/site-packages /usr/bin/cmake --build /home/lijiaqian/prak_ws/build/telemanipulator -- -j3 -l3
[20.998s] DEBUG:colcon.colcon_core.event_handler.log_command:Invoking command in '/home/lijiaqian/prak_ws/build/telemanipulator': CMAKE_PREFIX_PATH=/home/lijiaqian/prak_ws/install/pivot_msg:/home/lijiaqian/prak_ws/install/tutorial_interfaces:/home/lijiaqian/prak_ws/install/telemanipulator:/home/lijiaqian/prak_ws/install/panda_description:/home/lijiaqian/ws_ros2/install/warehouse_ros_mongo:/home/lijiaqian/ws_ros2/install/moveit_ros_visualization:/home/lijiaqian/ws_ros2/install/moveit_ros_benchmarks:/home/lijiaqian/ws_ros2/install/moveit_ros_warehouse:/home/lijiaqian/ws_ros2/install/warehouse_ros:/home/lijiaqian/ws_ros2/install/ros2_control:/home/lijiaqian/ws_ros2/install/transmission_interface:/home/lijiaqian/ws_ros2/install/test_robot_hardware:/home/lijiaqian/ws_ros2/install/run_moveit_cpp:/home/lijiaqian/ws_ros2/install/run_move_group:/home/lijiaqian/ws_ros2/install/moveit_simple_controller_manager:/home/lijiaqian/ws_ros2/install/moveit_servo:/home/lijiaqian/ws_ros2/install/moveit_ros_robot_interaction:/home/lijiaqian/ws_ros2/install/moveit_ros_planning_interface:/home/lijiaqian/ws_ros2/install/moveit_ros_move_group:/home/lijiaqian/ws_ros2/install/moveit_planners_ompl:/home/lijiaqian/ws_ros2/install/moveit_fake_controller_manager:/home/lijiaqian/ws_ros2/install/moveit_ros_planning:/home/lijiaqian/ws_ros2/install/moveit_ros_occupancy_map_monitor:/home/lijiaqian/ws_ros2/install/moveit_kinematics:/home/lijiaqian/ws_ros2/install/moveit_core:/home/lijiaqian/ws_ros2/install/srdfdom:/home/lijiaqian/ws_ros2/install/fake_joint_driver:/home/lijiaqian/ws_ros2/install/ros2_controllers:/home/lijiaqian/ws_ros2/install/moveit_resources:/home/lijiaqian/ws_ros2/install/moveit_resources_pr2_description:/home/lijiaqian/ws_ros2/install/moveit_resources_panda_moveit_config:/home/lijiaqian/ws_ros2/install/moveit_resources_panda_description:/home/lijiaqian/ws_ros2/install/moveit_resources_fanuc_moveit_config:/home/lijiaqian/ws_ros2/install/moveit_resources_fanuc_description:/home/lijiaqian/ws_ros2/install/moveit_msgs:/home/lijiaqian/ws_ros2/install/moveit_common:/home/lijiaqian/ws_ros2/install/joint_trajectory_controller:/home/lijiaqian/ws_ros2/install/joint_state_controller:/home/lijiaqian/ws_ros2/install/diff_drive_controller:/home/lijiaqian/ws_ros2/install/controller_manager:/home/lijiaqian/ws_ros2/install/controller_interface:/home/lijiaqian/ws_ros2/install/hardware_interface:/home/lijiaqian/ws_ros2/install/geometric_shapes:/opt/ros/foxy LD_LIBRARY_PATH=/home/lijiaqian/prak_ws/install/pivot_msg/lib:/home/lijiaqian/prak_ws/install/tutorial_interfaces/lib:/home/lijiaqian/prak_ws/install/telemanipulator/libs:/home/lijiaqian/prak_ws/install/telemanipulator/lib:/home/lijiaqian/ws_ros2/install/warehouse_ros_mongo/lib:/home/lijiaqian/ws_ros2/install/moveit_ros_visualization/lib:/home/lijiaqian/ws_ros2/install/moveit_ros_benchmarks/lib:/home/lijiaqian/ws_ros2/install/moveit_ros_warehouse/lib:/home/lijiaqian/ws_ros2/install/warehouse_ros/lib:/home/lijiaqian/ws_ros2/install/transmission_interface/lib:/home/lijiaqian/ws_ros2/install/test_robot_hardware/lib:/home/lijiaqian/ws_ros2/install/moveit_simple_controller_manager/lib:/home/lijiaqian/ws_ros2/install/moveit_servo/lib:/home/lijiaqian/ws_ros2/install/moveit_ros_robot_interaction/lib:/home/lijiaqian/ws_ros2/install/moveit_ros_planning_interface/lib:/home/lijiaqian/ws_ros2/install/moveit_ros_move_group/lib:/home/lijiaqian/ws_ros2/install/moveit_planners_ompl/lib:/home/lijiaqian/ws_ros2/install/moveit_fake_controller_manager/lib:/home/lijiaqian/ws_ros2/install/moveit_ros_planning/lib:/home/lijiaqian/ws_ros2/install/moveit_ros_occupancy_map_monitor/lib:/home/lijiaqian/ws_ros2/install/moveit_kinematics/lib:/home/lijiaqian/ws_ros2/install/moveit_core/lib:/home/lijiaqian/ws_ros2/install/srdfdom/lib:/home/lijiaqian/ws_ros2/install/moveit_msgs/lib:/home/lijiaqian/ws_ros2/install/joint_trajectory_controller/lib:/home/lijiaqian/ws_ros2/install/joint_state_controller/lib:/home/lijiaqian/ws_ros2/install/diff_drive_controller/lib:/home/lijiaqian/ws_ros2/install/controller_manager/lib:/home/lijiaqian/ws_ros2/install/controller_interface/lib:/home/lijiaqian/ws_ros2/install/hardware_interface/lib:/home/lijiaqian/ws_ros2/install/geometric_shapes/lib:/opt/ros/foxy/opt/yaml_cpp_vendor/lib:/opt/ros/foxy/opt/rviz_ogre_vendor/lib:/opt/ros/foxy/lib/x86_64-linux-gnu:/opt/ros/foxy/lib PYTHONPATH=/home/lijiaqian/prak_ws/install/pivot_msg/lib/python3.8/site-packages:/home/lijiaqian/prak_ws/install/tutorial_interfaces/lib/python3.8/site-packages:/home/lijiaqian/prak_ws/install/telemanipulator/lib/python3.8/site-packages:/home/lijiaqian/ws_ros2/install/warehouse_ros_mongo/lib/python3.8/site-packages:/home/lijiaqian/ws_ros2/install/moveit_msgs/lib/python3.8/site-packages:/opt/ros/foxy/lib/python3.8/site-packages /usr/bin/cmake --install /home/lijiaqian/prak_ws/build/telemanipulator
[21.036s] Level 1:colcon.colcon_core.environment:create_environment_scripts_only(telemanipulator)
[21.038s] Level 1:colcon.colcon_core.environment:checking '/home/lijiaqian/prak_ws/install/telemanipulator' for CMake module files
[21.039s] DEBUG:colcon.colcon_core.event_handler.log_command:Invoked command in '/home/lijiaqian/prak_ws/build/telemanipulator' returned '0': CMAKE_PREFIX_PATH=/home/lijiaqian/prak_ws/install/pivot_msg:/home/lijiaqian/prak_ws/install/tutorial_interfaces:/home/lijiaqian/prak_ws/install/telemanipulator:/home/lijiaqian/prak_ws/install/panda_description:/home/lijiaqian/ws_ros2/install/warehouse_ros_mongo:/home/lijiaqian/ws_ros2/install/moveit_ros_visualization:/home/lijiaqian/ws_ros2/install/moveit_ros_benchmarks:/home/lijiaqian/ws_ros2/install/moveit_ros_warehouse:/home/lijiaqian/ws_ros2/install/warehouse_ros:/home/lijiaqian/ws_ros2/install/ros2_control:/home/lijiaqian/ws_ros2/install/transmission_interface:/home/lijiaqian/ws_ros2/install/test_robot_hardware:/home/lijiaqian/ws_ros2/install/run_moveit_cpp:/home/lijiaqian/ws_ros2/install/run_move_group:/home/lijiaqian/ws_ros2/install/moveit_simple_controller_manager:/home/lijiaqian/ws_ros2/install/moveit_servo:/home/lijiaqian/ws_ros2/install/moveit_ros_robot_interaction:/home/lijiaqian/ws_ros2/install/moveit_ros_planning_interface:/home/lijiaqian/ws_ros2/install/moveit_ros_move_group:/home/lijiaqian/ws_ros2/install/moveit_planners_ompl:/home/lijiaqian/ws_ros2/install/moveit_fake_controller_manager:/home/lijiaqian/ws_ros2/install/moveit_ros_planning:/home/lijiaqian/ws_ros2/install/moveit_ros_occupancy_map_monitor:/home/lijiaqian/ws_ros2/install/moveit_kinematics:/home/lijiaqian/ws_ros2/install/moveit_core:/home/lijiaqian/ws_ros2/install/srdfdom:/home/lijiaqian/ws_ros2/install/fake_joint_driver:/home/lijiaqian/ws_ros2/install/ros2_controllers:/home/lijiaqian/ws_ros2/install/moveit_resources:/home/lijiaqian/ws_ros2/install/moveit_resources_pr2_description:/home/lijiaqian/ws_ros2/install/moveit_resources_panda_moveit_config:/home/lijiaqian/ws_ros2/install/moveit_resources_panda_description:/home/lijiaqian/ws_ros2/install/moveit_resources_fanuc_moveit_config:/home/lijiaqian/ws_ros2/install/moveit_resources_fanuc_description:/home/lijiaqian/ws_ros2/install/moveit_msgs:/home/lijiaqian/ws_ros2/install/moveit_common:/home/lijiaqian/ws_ros2/install/joint_trajectory_controller:/home/lijiaqian/ws_ros2/install/joint_state_controller:/home/lijiaqian/ws_ros2/install/diff_drive_controller:/home/lijiaqian/ws_ros2/install/controller_manager:/home/lijiaqian/ws_ros2/install/controller_interface:/home/lijiaqian/ws_ros2/install/hardware_interface:/home/lijiaqian/ws_ros2/install/geometric_shapes:/opt/ros/foxy LD_LIBRARY_PATH=/home/lijiaqian/prak_ws/install/pivot_msg/lib:/home/lijiaqian/prak_ws/install/tutorial_interfaces/lib:/home/lijiaqian/prak_ws/install/telemanipulator/libs:/home/lijiaqian/prak_ws/install/telemanipulator/lib:/home/lijiaqian/ws_ros2/install/warehouse_ros_mongo/lib:/home/lijiaqian/ws_ros2/install/moveit_ros_visualization/lib:/home/lijiaqian/ws_ros2/install/moveit_ros_benchmarks/lib:/home/lijiaqian/ws_ros2/install/moveit_ros_warehouse/lib:/home/lijiaqian/ws_ros2/install/warehouse_ros/lib:/home/lijiaqian/ws_ros2/install/transmission_interface/lib:/home/lijiaqian/ws_ros2/install/test_robot_hardware/lib:/home/lijiaqian/ws_ros2/install/moveit_simple_controller_manager/lib:/home/lijiaqian/ws_ros2/install/moveit_servo/lib:/home/lijiaqian/ws_ros2/install/moveit_ros_robot_interaction/lib:/home/lijiaqian/ws_ros2/install/moveit_ros_planning_interface/lib:/home/lijiaqian/ws_ros2/install/moveit_ros_move_group/lib:/home/lijiaqian/ws_ros2/install/moveit_planners_ompl/lib:/home/lijiaqian/ws_ros2/install/moveit_fake_controller_manager/lib:/home/lijiaqian/ws_ros2/install/moveit_ros_planning/lib:/home/lijiaqian/ws_ros2/install/moveit_ros_occupancy_map_monitor/lib:/home/lijiaqian/ws_ros2/install/moveit_kinematics/lib:/home/lijiaqian/ws_ros2/install/moveit_core/lib:/home/lijiaqian/ws_ros2/install/srdfdom/lib:/home/lijiaqian/ws_ros2/install/moveit_msgs/lib:/home/lijiaqian/ws_ros2/install/joint_trajectory_controller/lib:/home/lijiaqian/ws_ros2/install/joint_state_controller/lib:/home/lijiaqian/ws_ros2/install/diff_drive_controller/lib:/home/lijiaqian/ws_ros2/install/controller_manager/lib:/home/lijiaqian/ws_ros2/install/controller_interface/lib:/home/lijiaqian/ws_ros2/install/hardware_interface/lib:/home/lijiaqian/ws_ros2/install/geometric_shapes/lib:/opt/ros/foxy/opt/yaml_cpp_vendor/lib:/opt/ros/foxy/opt/rviz_ogre_vendor/lib:/opt/ros/foxy/lib/x86_64-linux-gnu:/opt/ros/foxy/lib PYTHONPATH=/home/lijiaqian/prak_ws/install/pivot_msg/lib/python3.8/site-packages:/home/lijiaqian/prak_ws/install/tutorial_interfaces/lib/python3.8/site-packages:/home/lijiaqian/prak_ws/install/telemanipulator/lib/python3.8/site-packages:/home/lijiaqian/ws_ros2/install/warehouse_ros_mongo/lib/python3.8/site-packages:/home/lijiaqian/ws_ros2/install/moveit_msgs/lib/python3.8/site-packages:/opt/ros/foxy/lib/python3.8/site-packages /usr/bin/cmake --install /home/lijiaqian/prak_ws/build/telemanipulator
[21.040s] Level 1:colcon.colcon_core.environment:checking '/home/lijiaqian/prak_ws/install/telemanipulator' for CMake config files
[21.041s] Level 1:colcon.colcon_core.shell:create_environment_hook('telemanipulator', 'cmake_prefix_path')
[21.041s] INFO:colcon.colcon_core.shell:Creating environment hook '/home/lijiaqian/prak_ws/install/telemanipulator/share/telemanipulator/hook/cmake_prefix_path.ps1'
[21.042s] INFO:colcon.colcon_core.shell:Creating environment descriptor '/home/lijiaqian/prak_ws/install/telemanipulator/share/telemanipulator/hook/cmake_prefix_path.dsv'
[21.042s] INFO:colcon.colcon_core.shell:Creating environment hook '/home/lijiaqian/prak_ws/install/telemanipulator/share/telemanipulator/hook/cmake_prefix_path.sh'
[21.043s] Level 1:colcon.colcon_core.environment:checking '/home/lijiaqian/prak_ws/install/telemanipulator/lib'
[21.043s] Level 1:colcon.colcon_core.shell:create_environment_hook('telemanipulator', 'ld_library_path_lib')
[21.044s] INFO:colcon.colcon_core.shell:Creating environment hook '/home/lijiaqian/prak_ws/install/telemanipulator/share/telemanipulator/hook/ld_library_path_lib.ps1'
[21.044s] INFO:colcon.colcon_core.shell:Creating environment descriptor '/home/lijiaqian/prak_ws/install/telemanipulator/share/telemanipulator/hook/ld_library_path_lib.dsv'
[21.045s] INFO:colcon.colcon_core.shell:Creating environment hook '/home/lijiaqian/prak_ws/install/telemanipulator/share/telemanipulator/hook/ld_library_path_lib.sh'
[21.045s] Level 1:colcon.colcon_core.environment:checking '/home/lijiaqian/prak_ws/install/telemanipulator/libs'
[21.045s] Level 1:colcon.colcon_core.shell:create_environment_hook('telemanipulator', 'ld_library_path_libs')
[21.046s] INFO:colcon.colcon_core.shell:Creating environment hook '/home/lijiaqian/prak_ws/install/telemanipulator/share/telemanipulator/hook/ld_library_path_libs.ps1'
[21.046s] INFO:colcon.colcon_core.shell:Creating environment descriptor '/home/lijiaqian/prak_ws/install/telemanipulator/share/telemanipulator/hook/ld_library_path_libs.dsv'
[21.047s] INFO:colcon.colcon_core.shell:Creating environment hook '/home/lijiaqian/prak_ws/install/telemanipulator/share/telemanipulator/hook/ld_library_path_libs.sh'
[21.048s] Level 1:colcon.colcon_core.environment:checking '/home/lijiaqian/prak_ws/install/telemanipulator/bin'
[21.048s] Level 1:colcon.colcon_core.environment:checking '/home/lijiaqian/prak_ws/install/telemanipulator/lib/pkgconfig/telemanipulator.pc'
[21.048s] Level 1:colcon.colcon_core.environment:checking '/home/lijiaqian/prak_ws/install/telemanipulator/lib/python3.8/site-packages'
[21.048s] Level 1:colcon.colcon_core.shell:create_environment_hook('telemanipulator', 'pythonpath')
[21.048s] INFO:colcon.colcon_core.shell:Creating environment hook '/home/lijiaqian/prak_ws/install/telemanipulator/share/telemanipulator/hook/pythonpath.ps1'
[21.049s] INFO:colcon.colcon_core.shell:Creating environment descriptor '/home/lijiaqian/prak_ws/install/telemanipulator/share/telemanipulator/hook/pythonpath.dsv'
[21.050s] INFO:colcon.colcon_core.shell:Creating environment hook '/home/lijiaqian/prak_ws/install/telemanipulator/share/telemanipulator/hook/pythonpath.sh'
[21.051s] INFO:colcon.colcon_core.shell:Creating package script '/home/lijiaqian/prak_ws/install/telemanipulator/share/telemanipulator/package.ps1'
[21.052s] INFO:colcon.colcon_core.shell:Creating package descriptor '/home/lijiaqian/prak_ws/install/telemanipulator/share/telemanipulator/package.dsv'
[21.052s] INFO:colcon.colcon_core.shell:Creating package script '/home/lijiaqian/prak_ws/install/telemanipulator/share/telemanipulator/package.sh'
[21.053s] INFO:colcon.colcon_core.shell:Creating package script '/home/lijiaqian/prak_ws/install/telemanipulator/share/telemanipulator/package.bash'
[21.053s] INFO:colcon.colcon_core.shell:Creating package script '/home/lijiaqian/prak_ws/install/telemanipulator/share/telemanipulator/package.zsh'
[21.054s] Level 1:colcon.colcon_core.environment:create_file_with_runtime_dependencies(/home/lijiaqian/prak_ws/install/telemanipulator/share/colcon-core/packages/telemanipulator)
[21.160s] Level 1:colcon.colcon_core.environment:create_environment_scripts_only(telemanipulator)
[21.164s] Level 1:colcon.colcon_core.environment:checking '/home/lijiaqian/prak_ws/install/telemanipulator' for CMake module files
[21.165s] Level 1:colcon.colcon_core.environment:checking '/home/lijiaqian/prak_ws/install/telemanipulator' for CMake config files
[21.168s] Level 1:colcon.colcon_core.shell:create_environment_hook('telemanipulator', 'cmake_prefix_path')
[21.169s] INFO:colcon.colcon_core.shell:Creating environment hook '/home/lijiaqian/prak_ws/install/telemanipulator/share/telemanipulator/hook/cmake_prefix_path.ps1'
[21.172s] INFO:colcon.colcon_core.shell:Creating environment descriptor '/home/lijiaqian/prak_ws/install/telemanipulator/share/telemanipulator/hook/cmake_prefix_path.dsv'
[21.173s] INFO:colcon.colcon_core.shell:Creating environment hook '/home/lijiaqian/prak_ws/install/telemanipulator/share/telemanipulator/hook/cmake_prefix_path.sh'
[21.174s] Level 1:colcon.colcon_core.environment:checking '/home/lijiaqian/prak_ws/install/telemanipulator/lib'
[21.174s] Level 1:colcon.colcon_core.shell:create_environment_hook('telemanipulator', 'ld_library_path_lib')
[21.175s] INFO:colcon.colcon_core.shell:Creating environment hook '/home/lijiaqian/prak_ws/install/telemanipulator/share/telemanipulator/hook/ld_library_path_lib.ps1'
[21.176s] INFO:colcon.colcon_core.shell:Creating environment descriptor '/home/lijiaqian/prak_ws/install/telemanipulator/share/telemanipulator/hook/ld_library_path_lib.dsv'
[21.176s] INFO:colcon.colcon_core.shell:Creating environment hook '/home/lijiaqian/prak_ws/install/telemanipulator/share/telemanipulator/hook/ld_library_path_lib.sh'
[21.177s] Level 1:colcon.colcon_core.environment:checking '/home/lijiaqian/prak_ws/install/telemanipulator/libs'
[21.177s] Level 1:colcon.colcon_core.shell:create_environment_hook('telemanipulator', 'ld_library_path_libs')
[21.178s] INFO:colcon.colcon_core.shell:Creating environment hook '/home/lijiaqian/prak_ws/install/telemanipulator/share/telemanipulator/hook/ld_library_path_libs.ps1'
[21.179s] INFO:colcon.colcon_core.shell:Creating environment descriptor '/home/lijiaqian/prak_ws/install/telemanipulator/share/telemanipulator/hook/ld_library_path_libs.dsv'
[21.180s] INFO:colcon.colcon_core.shell:Creating environment hook '/home/lijiaqian/prak_ws/install/telemanipulator/share/telemanipulator/hook/ld_library_path_libs.sh'
[21.181s] Level 1:colcon.colcon_core.environment:checking '/home/lijiaqian/prak_ws/install/telemanipulator/bin'
[21.181s] Level 1:colcon.colcon_core.environment:checking '/home/lijiaqian/prak_ws/install/telemanipulator/lib/pkgconfig/telemanipulator.pc'
[21.181s] Level 1:colcon.colcon_core.environment:checking '/home/lijiaqian/prak_ws/install/telemanipulator/lib/python3.8/site-packages'
[21.181s] Level 1:colcon.colcon_core.shell:create_environment_hook('telemanipulator', 'pythonpath')
[21.182s] INFO:colcon.colcon_core.shell:Creating environment hook '/home/lijiaqian/prak_ws/install/telemanipulator/share/telemanipulator/hook/pythonpath.ps1'
[21.183s] INFO:colcon.colcon_core.shell:Creating environment descriptor '/home/lijiaqian/prak_ws/install/telemanipulator/share/telemanipulator/hook/pythonpath.dsv'
[21.184s] INFO:colcon.colcon_core.shell:Creating environment hook '/home/lijiaqian/prak_ws/install/telemanipulator/share/telemanipulator/hook/pythonpath.sh'
[21.186s] INFO:colcon.colcon_core.shell:Creating package script '/home/lijiaqian/prak_ws/install/telemanipulator/share/telemanipulator/package.ps1'
[21.186s] INFO:colcon.colcon_core.shell:Creating package descriptor '/home/lijiaqian/prak_ws/install/telemanipulator/share/telemanipulator/package.dsv'
[21.187s] INFO:colcon.colcon_core.shell:Creating package script '/home/lijiaqian/prak_ws/install/telemanipulator/share/telemanipulator/package.sh'
[21.188s] INFO:colcon.colcon_core.shell:Creating package script '/home/lijiaqian/prak_ws/install/telemanipulator/share/telemanipulator/package.bash'
[21.189s] INFO:colcon.colcon_core.shell:Creating package script '/home/lijiaqian/prak_ws/install/telemanipulator/share/telemanipulator/package.zsh'
[21.190s] Level 1:colcon.colcon_core.environment:create_file_with_runtime_dependencies(/home/lijiaqian/prak_ws/install/telemanipulator/share/colcon-core/packages/telemanipulator)
[21.191s] DEBUG:colcon.colcon_parallel_executor.executor.parallel:closing loop
[21.191s] DEBUG:colcon.colcon_parallel_executor.executor.parallel:loop closed
[21.192s] DEBUG:colcon.colcon_parallel_executor.executor.parallel:run_until_complete finished with '0'
[21.192s] DEBUG:colcon.colcon_core.event_reactor:joining thread
[21.216s] INFO:colcon.colcon_core.plugin_system:Skipping extension 'colcon_notification.desktop_notification.terminal_notifier': Not used on non-Darwin systems
[21.216s] INFO:colcon.colcon_core.plugin_system:Skipping extension 'colcon_notification.desktop_notification.win32': Not used on non-Windows systems
[21.216s] INFO:colcon.colcon_notification.desktop_notification:Sending desktop notification using 'notify2'
[21.242s] DEBUG:colcon.colcon_core.event_reactor:joined thread
[21.243s] INFO:colcon.colcon_core.shell:Creating prefix script '/home/lijiaqian/prak_ws/install/local_setup.ps1'
[21.245s] INFO:colcon.colcon_core.shell:Creating prefix util module '/home/lijiaqian/prak_ws/install/_local_setup_util_ps1.py'
[21.247s] INFO:colcon.colcon_core.shell:Creating prefix chain script '/home/lijiaqian/prak_ws/install/setup.ps1'
[21.254s] INFO:colcon.colcon_core.shell:Creating prefix script '/home/lijiaqian/prak_ws/install/local_setup.sh'
[21.255s] INFO:colcon.colcon_core.shell:Creating prefix util module '/home/lijiaqian/prak_ws/install/_local_setup_util_sh.py'
[21.255s] INFO:colcon.colcon_core.shell:Creating prefix chain script '/home/lijiaqian/prak_ws/install/setup.sh'
[21.262s] INFO:colcon.colcon_core.shell:Creating prefix script '/home/lijiaqian/prak_ws/install/local_setup.bash'
[21.264s] INFO:colcon.colcon_core.shell:Creating prefix chain script '/home/lijiaqian/prak_ws/install/setup.bash'
[21.272s] INFO:colcon.colcon_core.shell:Creating prefix script '/home/lijiaqian/prak_ws/install/local_setup.zsh'
[21.274s] INFO:colcon.colcon_core.shell:Creating prefix chain script '/home/lijiaqian/prak_ws/install/setup.zsh'
