-- Found ament_cmake: 0.9.7 (/opt/ros/foxy/share/ament_cmake/cmake)
-- Using PYTHON_EXECUTABLE: /usr/bin/python3
-- Found rclcpp: 2.2.0 (/opt/ros/foxy/share/rclcpp/cmake)
-- Using all available rosidl_typesupport_c: rosidl_typesupport_fastrtps_c;rosidl_typesupport_introspection_c
-- Found rosidl_adapter: 1.1.0 (/opt/ros/foxy/share/rosidl_adapter/cmake)
-- Using all available rosidl_typesupport_cpp: rosidl_typesupport_fastrtps_cpp;rosidl_typesupport_introspection_cpp
-- Found rmw_implementation_cmake: 1.0.2 (/opt/ros/foxy/share/rmw_implementation_cmake/cmake)
-- Using RMW implementation 'rmw_fastrtps_cpp' as default
-- Found rclcpp_components: 2.2.0 (/opt/ros/foxy/share/rclcpp_components/cmake)
-- Found std_srvs: 2.0.3 (/opt/ros/foxy/share/std_srvs/cmake)
-- Found control_msgs: 2.4.1 (/opt/ros/foxy/share/control_msgs/cmake)
-- Found moveit_msgs: 2.0.0 (/home/lijiaqian/ws_ros2/install/moveit_msgs/share/moveit_msgs/cmake)
-- Found pivot_msg: 0.0.0 (/home/lijiaqian/prak_ws/install/pivot_msg/share/pivot_msg/cmake)
-- Found moveit_ros_planning_interface: 2.1.0 (/home/lijiaqian/ws_ros2/install/moveit_ros_planning_interface/share/moveit_ros_planning_interface/cmake)
-- Configuring done
-- Generating done
-- Build files have been written to: /home/lijiaqian/prak_ws/build/telemanipulator
[35m[1mScanning dependencies of target pivot_transform[0m
[ 11%] [32mBuilding CXX object CMakeFiles/pivot_transform.dir/src/pivot_transformation.cpp.o[0m
[ 33%] Built target keyboard_as_pivot_input
[ 55%] Built target key_to_servo
[ 66%] [32m[1mLinking CXX shared library libpivot_transform.so[0m
[ 77%] Built target pivot_transform
[35m[1mScanning dependencies of target pivot_to_twist[0m
[ 88%] [32mBuilding CXX object CMakeFiles/pivot_to_twist.dir/src/pivot_to_twiststamped.cpp.o[0m
[100%] [32m[1mLinking CXX shared library libpivot_to_twist.so[0m
[100%] Built target pivot_to_twist
-- Install configuration: ""
-- Up-to-date: /home/lijiaqian/prak_ws/install/telemanipulator/lib/libkey_to_servo.so
-- Up-to-date: /home/lijiaqian/prak_ws/install/telemanipulator/lib/libkeyboard_as_pivot_input.so
-- Installing: /home/lijiaqian/prak_ws/install/telemanipulator/lib/libpivot_to_twist.so
-- Set runtime path of "/home/lijiaqian/prak_ws/install/telemanipulator/lib/libpivot_to_twist.so" to ""
-- Up-to-date: /home/lijiaqian/prak_ws/install/telemanipulator/include
-- Up-to-date: /home/lijiaqian/prak_ws/install/telemanipulator/include/homogeneous_matrix.h
-- Up-to-date: /home/lijiaqian/prak_ws/install/telemanipulator/include/telemanipulator
-- Installing: /home/lijiaqian/prak_ws/install/telemanipulator/include/pivot_transformation.h
-- Up-to-date: /home/lijiaqian/prak_ws/install/telemanipulator/share/telemanipulator/launch
-- Up-to-date: /home/lijiaqian/prak_ws/install/telemanipulator/share/telemanipulator/launch/controll_loop.launch.py
-- Up-to-date: /home/lijiaqian/prak_ws/install/telemanipulator/share/telemanipulator/launch/control_3.launch.py
-- Up-to-date: /home/lijiaqian/prak_ws/install/telemanipulator/share/telemanipulator/launch/control_ros2.launch.py
-- Up-to-date: /home/lijiaqian/prak_ws/install/telemanipulator/share/telemanipulator/config
-- Up-to-date: /home/lijiaqian/prak_ws/install/telemanipulator/share/telemanipulator/config/panda_simulated_config_2.yaml
-- Up-to-date: /home/lijiaqian/prak_ws/install/telemanipulator/share/telemanipulator/config/panda_simulated_config2.yaml
-- Up-to-date: /home/lijiaqian/prak_ws/install/telemanipulator/share/telemanipulator/config/panda_simulated_config.yaml
-- Up-to-date: /home/lijiaqian/prak_ws/install/telemanipulator/share/telemanipulator/msg
-- Up-to-date: /home/lijiaqian/prak_ws/install/telemanipulator/share/telemanipulator/msg/Pivot.msg
-- Up-to-date: /home/lijiaqian/prak_ws/install/telemanipulator/share/ament_index/resource_index/package_run_dependencies/telemanipulator
-- Up-to-date: /home/lijiaqian/prak_ws/install/telemanipulator/share/ament_index/resource_index/parent_prefix_path/telemanipulator
-- Up-to-date: /home/lijiaqian/prak_ws/install/telemanipulator/share/telemanipulator/environment/ament_prefix_path.sh
-- Installing: /home/lijiaqian/prak_ws/install/telemanipulator/share/telemanipulator/environment/ament_prefix_path.dsv
-- Up-to-date: /home/lijiaqian/prak_ws/install/telemanipulator/share/telemanipulator/environment/path.sh
-- Installing: /home/lijiaqian/prak_ws/install/telemanipulator/share/telemanipulator/environment/path.dsv
-- Up-to-date: /home/lijiaqian/prak_ws/install/telemanipulator/share/telemanipulator/local_setup.bash
-- Up-to-date: /home/lijiaqian/prak_ws/install/telemanipulator/share/telemanipulator/local_setup.sh
-- Up-to-date: /home/lijiaqian/prak_ws/install/telemanipulator/share/telemanipulator/local_setup.zsh
-- Installing: /home/lijiaqian/prak_ws/install/telemanipulator/share/telemanipulator/local_setup.dsv
-- Installing: /home/lijiaqian/prak_ws/install/telemanipulator/share/telemanipulator/package.dsv
-- Up-to-date: /home/lijiaqian/prak_ws/install/telemanipulator/share/ament_index/resource_index/packages/telemanipulator
-- Up-to-date: /home/lijiaqian/prak_ws/install/telemanipulator/share/ament_index/resource_index/rclcpp_components/telemanipulator
-- Up-to-date: /home/lijiaqian/prak_ws/install/telemanipulator/share/telemanipulator/cmake/telemanipulatorConfig.cmake
-- Up-to-date: /home/lijiaqian/prak_ws/install/telemanipulator/share/telemanipulator/cmake/telemanipulatorConfig-version.cmake
-- Up-to-date: /home/lijiaqian/prak_ws/install/telemanipulator/share/telemanipulator/package.xml
