[0.166s] DEBUG:colcon:Command line arguments: ['/usr/bin/colcon', 'build']
[0.166s] DEBUG:colcon:Parsed command line arguments: Namespace(ament_cmake_args=None, base_paths=['.'], build_base='build', catkin_cmake_args=None, catkin_skip_building_tests=False, cmake_args=None, cmake_clean_cache=False, cmake_clean_first=False, cmake_force_configure=False, cmake_target=None, cmake_target_skip_unavailable=False, continue_on_error=False, event_handlers=None, executor='parallel', ignore_user_meta=False, install_base='install', log_base=None, log_level=None, main=<bound method BuildVerb.main of <colcon_core.verb.build.BuildVerb object at 0x7f25e2871280>>, merge_install=False, metas=['./colcon.meta'], packages_above=None, packages_above_and_dependencies=None, packages_above_depth=None, packages_end=None, packages_ignore=None, packages_ignore_regex=None, packages_select=None, packages_select_build_failed=False, packages_select_by_dep=None, packages_select_regex=None, packages_select_test_failures=False, packages_skip=None, packages_skip_build_finished=False, packages_skip_by_dep=None, packages_skip_regex=None, packages_skip_test_passed=False, packages_skip_up_to=None, packages_start=None, packages_up_to=None, packages_up_to_regex=None, parallel_workers=3, paths=None, symlink_install=False, test_result_base=None, verb_extension=<colcon_core.verb.build.BuildVerb object at 0x7f25e2871280>, verb_name='build', verb_parser=<colcon_defaults.argument_parser.defaults.DefaultArgumentsDecorator object at 0x7f25e28717c0>)
[0.172s] Level 1:colcon.colcon_core.package_discovery:discover_packages(colcon_meta) check parameters
[0.172s] Level 1:colcon.colcon_core.package_discovery:discover_packages(recursive) check parameters
[0.172s] Level 1:colcon.colcon_core.package_discovery:discover_packages(ignore) check parameters
[0.172s] Level 1:colcon.colcon_core.package_discovery:discover_packages(path) check parameters
[0.172s] Level 1:colcon.colcon_core.package_discovery:discover_packages(colcon_meta) discover
[0.172s] Level 1:colcon.colcon_core.package_discovery:discover_packages(recursive) discover
[0.172s] INFO:colcon.colcon_core.package_discovery:Crawling recursively for packages in '/home/lijiaqian/prak_ws'
[0.173s] Level 1:colcon.colcon_core.package_identification:_identify(.) by extensions ['ignore', 'ignore_ament_install']
[0.173s] Level 1:colcon.colcon_core.package_identification:_identify(.) by extension 'ignore'
[0.173s] Level 1:colcon.colcon_core.package_identification:_identify(.) by extension 'ignore_ament_install'
[0.173s] Level 1:colcon.colcon_core.package_identification:_identify(.) by extensions ['colcon_pkg']
[0.173s] Level 1:colcon.colcon_core.package_identification:_identify(.) by extension 'colcon_pkg'
[0.173s] Level 1:colcon.colcon_core.package_identification:_identify(.) by extensions ['colcon_meta']
[0.173s] Level 1:colcon.colcon_core.package_identification:_identify(.) by extension 'colcon_meta'
[0.173s] Level 1:colcon.colcon_core.package_identification:_identify(.) by extensions ['ros']
[0.173s] Level 1:colcon.colcon_core.package_identification:_identify(.) by extension 'ros'
[0.188s] Level 1:colcon.colcon_core.package_identification:_identify(.) by extensions ['cmake', 'python']
[0.188s] Level 1:colcon.colcon_core.package_identification:_identify(.) by extension 'cmake'
[0.188s] Level 1:colcon.colcon_core.package_identification:_identify(.) by extension 'python'
[0.188s] Level 1:colcon.colcon_core.package_identification:_identify(.) by extensions ['python_setup_py']
[0.188s] Level 1:colcon.colcon_core.package_identification:_identify(.) by extension 'python_setup_py'
[0.188s] Level 1:colcon.colcon_core.package_identification:_identify(build) by extensions ['ignore', 'ignore_ament_install']
[0.188s] Level 1:colcon.colcon_core.package_identification:_identify(build) by extension 'ignore'
[0.188s] Level 1:colcon.colcon_core.package_identification:_identify(build) ignored
[0.189s] Level 1:colcon.colcon_core.package_identification:_identify(install) by extensions ['ignore', 'ignore_ament_install']
[0.189s] Level 1:colcon.colcon_core.package_identification:_identify(install) by extension 'ignore'
[0.189s] Level 1:colcon.colcon_core.package_identification:_identify(install) ignored
[0.189s] Level 1:colcon.colcon_core.package_identification:_identify(log) by extensions ['ignore', 'ignore_ament_install']
[0.189s] Level 1:colcon.colcon_core.package_identification:_identify(log) by extension 'ignore'
[0.189s] Level 1:colcon.colcon_core.package_identification:_identify(log) ignored
[0.189s] Level 1:colcon.colcon_core.package_identification:_identify(src) by extensions ['ignore', 'ignore_ament_install']
[0.190s] Level 1:colcon.colcon_core.package_identification:_identify(src) by extension 'ignore'
[0.190s] Level 1:colcon.colcon_core.package_identification:_identify(src) by extension 'ignore_ament_install'
[0.190s] Level 1:colcon.colcon_core.package_identification:_identify(src) by extensions ['colcon_pkg']
[0.190s] Level 1:colcon.colcon_core.package_identification:_identify(src) by extension 'colcon_pkg'
[0.190s] Level 1:colcon.colcon_core.package_identification:_identify(src) by extensions ['colcon_meta']
[0.190s] Level 1:colcon.colcon_core.package_identification:_identify(src) by extension 'colcon_meta'
[0.190s] Level 1:colcon.colcon_core.package_identification:_identify(src) by extensions ['ros']
[0.190s] Level 1:colcon.colcon_core.package_identification:_identify(src) by extension 'ros'
[0.190s] Level 1:colcon.colcon_core.package_identification:_identify(src) by extensions ['cmake', 'python']
[0.190s] Level 1:colcon.colcon_core.package_identification:_identify(src) by extension 'cmake'
[0.190s] Level 1:colcon.colcon_core.package_identification:_identify(src) by extension 'python'
[0.190s] Level 1:colcon.colcon_core.package_identification:_identify(src) by extensions ['python_setup_py']
[0.190s] Level 1:colcon.colcon_core.package_identification:_identify(src) by extension 'python_setup_py'
[0.191s] Level 1:colcon.colcon_core.package_identification:_identify(src/panda_description) by extensions ['ignore', 'ignore_ament_install']
[0.191s] Level 1:colcon.colcon_core.package_identification:_identify(src/panda_description) by extension 'ignore'
[0.191s] Level 1:colcon.colcon_core.package_identification:_identify(src/panda_description) by extension 'ignore_ament_install'
[0.191s] Level 1:colcon.colcon_core.package_identification:_identify(src/panda_description) by extensions ['colcon_pkg']
[0.191s] Level 1:colcon.colcon_core.package_identification:_identify(src/panda_description) by extension 'colcon_pkg'
[0.191s] Level 1:colcon.colcon_core.package_identification:_identify(src/panda_description) by extensions ['colcon_meta']
[0.191s] Level 1:colcon.colcon_core.package_identification:_identify(src/panda_description) by extension 'colcon_meta'
[0.191s] Level 1:colcon.colcon_core.package_identification:_identify(src/panda_description) by extensions ['ros']
[0.191s] Level 1:colcon.colcon_core.package_identification:_identify(src/panda_description) by extension 'ros'
[0.194s] DEBUG:colcon.colcon_core.package_identification:Package 'src/panda_description' with type 'ros.ament_cmake' and name 'panda_description'
[0.194s] Level 1:colcon.colcon_core.package_identification:_identify(src/pivot_msg) by extensions ['ignore', 'ignore_ament_install']
[0.194s] Level 1:colcon.colcon_core.package_identification:_identify(src/pivot_msg) by extension 'ignore'
[0.194s] Level 1:colcon.colcon_core.package_identification:_identify(src/pivot_msg) by extension 'ignore_ament_install'
[0.194s] Level 1:colcon.colcon_core.package_identification:_identify(src/pivot_msg) by extensions ['colcon_pkg']
[0.194s] Level 1:colcon.colcon_core.package_identification:_identify(src/pivot_msg) by extension 'colcon_pkg'
[0.195s] Level 1:colcon.colcon_core.package_identification:_identify(src/pivot_msg) by extensions ['colcon_meta']
[0.195s] Level 1:colcon.colcon_core.package_identification:_identify(src/pivot_msg) by extension 'colcon_meta'
[0.195s] Level 1:colcon.colcon_core.package_identification:_identify(src/pivot_msg) by extensions ['ros']
[0.195s] Level 1:colcon.colcon_core.package_identification:_identify(src/pivot_msg) by extension 'ros'
[0.195s] DEBUG:colcon.colcon_core.package_identification:Package 'src/pivot_msg' with type 'ros.ament_cmake' and name 'pivot_msg'
[0.195s] Level 1:colcon.colcon_core.package_identification:_identify(src/telemanipulator) by extensions ['ignore', 'ignore_ament_install']
[0.195s] Level 1:colcon.colcon_core.package_identification:_identify(src/telemanipulator) by extension 'ignore'
[0.195s] Level 1:colcon.colcon_core.package_identification:_identify(src/telemanipulator) by extension 'ignore_ament_install'
[0.196s] Level 1:colcon.colcon_core.package_identification:_identify(src/telemanipulator) by extensions ['colcon_pkg']
[0.196s] Level 1:colcon.colcon_core.package_identification:_identify(src/telemanipulator) by extension 'colcon_pkg'
[0.196s] Level 1:colcon.colcon_core.package_identification:_identify(src/telemanipulator) by extensions ['colcon_meta']
[0.196s] Level 1:colcon.colcon_core.package_identification:_identify(src/telemanipulator) by extension 'colcon_meta'
[0.196s] Level 1:colcon.colcon_core.package_identification:_identify(src/telemanipulator) by extensions ['ros']
[0.196s] Level 1:colcon.colcon_core.package_identification:_identify(src/telemanipulator) by extension 'ros'
[0.198s] DEBUG:colcon.colcon_core.package_identification:Package 'src/telemanipulator' with type 'ros.ament_cmake' and name 'telemanipulator'
[0.198s] Level 1:colcon.colcon_core.package_discovery:discover_packages(recursive) using defaults
[0.198s] Level 1:colcon.colcon_core.package_discovery:discover_packages(ignore) discover
[0.198s] Level 1:colcon.colcon_core.package_discovery:discover_packages(ignore) using defaults
[0.198s] Level 1:colcon.colcon_core.package_discovery:discover_packages(path) discover
[0.198s] Level 1:colcon.colcon_core.package_discovery:discover_packages(path) using defaults
[0.222s] Level 5:colcon.colcon_core.verb:set package 'panda_description' build argument 'cmake_args' from command line to 'None'
[0.222s] Level 5:colcon.colcon_core.verb:set package 'panda_description' build argument 'cmake_target' from command line to 'None'
[0.222s] Level 5:colcon.colcon_core.verb:set package 'panda_description' build argument 'cmake_target_skip_unavailable' from command line to 'False'
[0.222s] Level 5:colcon.colcon_core.verb:set package 'panda_description' build argument 'cmake_clean_cache' from command line to 'False'
[0.222s] Level 5:colcon.colcon_core.verb:set package 'panda_description' build argument 'cmake_clean_first' from command line to 'False'
[0.222s] Level 5:colcon.colcon_core.verb:set package 'panda_description' build argument 'cmake_force_configure' from command line to 'False'
[0.222s] Level 5:colcon.colcon_core.verb:set package 'panda_description' build argument 'ament_cmake_args' from command line to 'None'
[0.222s] Level 5:colcon.colcon_core.verb:set package 'panda_description' build argument 'catkin_cmake_args' from command line to 'None'
[0.222s] Level 5:colcon.colcon_core.verb:set package 'panda_description' build argument 'catkin_skip_building_tests' from command line to 'False'
[0.222s] DEBUG:colcon.colcon_core.verb:Building package 'panda_description' with the following arguments: {'ament_cmake_args': None, 'build_base': '/home/lijiaqian/prak_ws/build/panda_description', 'catkin_cmake_args': None, 'catkin_skip_building_tests': False, 'cmake_args': None, 'cmake_clean_cache': False, 'cmake_clean_first': False, 'cmake_force_configure': False, 'cmake_target': None, 'cmake_target_skip_unavailable': False, 'install_base': '/home/lijiaqian/prak_ws/install/panda_description', 'merge_install': False, 'path': '/home/lijiaqian/prak_ws/src/panda_description', 'symlink_install': False, 'test_result_base': None}
[0.225s] Level 5:colcon.colcon_core.verb:set package 'pivot_msg' build argument 'cmake_args' from command line to 'None'
[0.225s] Level 5:colcon.colcon_core.verb:set package 'pivot_msg' build argument 'cmake_target' from command line to 'None'
[0.226s] Level 5:colcon.colcon_core.verb:set package 'pivot_msg' build argument 'cmake_target_skip_unavailable' from command line to 'False'
[0.226s] Level 5:colcon.colcon_core.verb:set package 'pivot_msg' build argument 'cmake_clean_cache' from command line to 'False'
[0.226s] Level 5:colcon.colcon_core.verb:set package 'pivot_msg' build argument 'cmake_clean_first' from command line to 'False'
[0.226s] Level 5:colcon.colcon_core.verb:set package 'pivot_msg' build argument 'cmake_force_configure' from command line to 'False'
[0.226s] Level 5:colcon.colcon_core.verb:set package 'pivot_msg' build argument 'ament_cmake_args' from command line to 'None'
[0.226s] Level 5:colcon.colcon_core.verb:set package 'pivot_msg' build argument 'catkin_cmake_args' from command line to 'None'
[0.226s] Level 5:colcon.colcon_core.verb:set package 'pivot_msg' build argument 'catkin_skip_building_tests' from command line to 'False'
[0.226s] DEBUG:colcon.colcon_core.verb:Building package 'pivot_msg' with the following arguments: {'ament_cmake_args': None, 'build_base': '/home/lijiaqian/prak_ws/build/pivot_msg', 'catkin_cmake_args': None, 'catkin_skip_building_tests': False, 'cmake_args': None, 'cmake_clean_cache': False, 'cmake_clean_first': False, 'cmake_force_configure': False, 'cmake_target': None, 'cmake_target_skip_unavailable': False, 'install_base': '/home/lijiaqian/prak_ws/install/pivot_msg', 'merge_install': False, 'path': '/home/lijiaqian/prak_ws/src/pivot_msg', 'symlink_install': False, 'test_result_base': None}
[0.229s] Level 5:colcon.colcon_core.verb:set package 'telemanipulator' build argument 'cmake_args' from command line to 'None'
[0.229s] Level 5:colcon.colcon_core.verb:set package 'telemanipulator' build argument 'cmake_target' from command line to 'None'
[0.229s] Level 5:colcon.colcon_core.verb:set package 'telemanipulator' build argument 'cmake_target_skip_unavailable' from command line to 'False'
[0.229s] Level 5:colcon.colcon_core.verb:set package 'telemanipulator' build argument 'cmake_clean_cache' from command line to 'False'
[0.229s] Level 5:colcon.colcon_core.verb:set package 'telemanipulator' build argument 'cmake_clean_first' from command line to 'False'
[0.229s] Level 5:colcon.colcon_core.verb:set package 'telemanipulator' build argument 'cmake_force_configure' from command line to 'False'
[0.229s] Level 5:colcon.colcon_core.verb:set package 'telemanipulator' build argument 'ament_cmake_args' from command line to 'None'
[0.229s] Level 5:colcon.colcon_core.verb:set package 'telemanipulator' build argument 'catkin_cmake_args' from command line to 'None'
[0.229s] Level 5:colcon.colcon_core.verb:set package 'telemanipulator' build argument 'catkin_skip_building_tests' from command line to 'False'
[0.229s] DEBUG:colcon.colcon_core.verb:Building package 'telemanipulator' with the following arguments: {'ament_cmake_args': None, 'build_base': '/home/lijiaqian/prak_ws/build/telemanipulator', 'catkin_cmake_args': None, 'catkin_skip_building_tests': False, 'cmake_args': None, 'cmake_clean_cache': False, 'cmake_clean_first': False, 'cmake_force_configure': False, 'cmake_target': None, 'cmake_target_skip_unavailable': False, 'install_base': '/home/lijiaqian/prak_ws/install/telemanipulator', 'merge_install': False, 'path': '/home/lijiaqian/prak_ws/src/telemanipulator', 'symlink_install': False, 'test_result_base': None}
[0.230s] INFO:colcon.colcon_core.executor:Executing jobs using 'parallel' executor
[0.233s] DEBUG:colcon.colcon_parallel_executor.executor.parallel:run_until_complete
[0.234s] INFO:colcon.colcon_ros.task.ament_cmake.build:Building ROS package in '/home/lijiaqian/prak_ws/src/pivot_msg' with build type 'ament_cmake'
[0.234s] INFO:colcon.colcon_cmake.task.cmake.build:Building CMake package in '/home/lijiaqian/prak_ws/src/pivot_msg'
[0.242s] INFO:colcon.colcon_core.plugin_system:Skipping extension 'colcon_core.shell.bat': Not used on non-Windows systems
[0.242s] INFO:colcon.colcon_core.shell:Skip shell extension 'powershell' for command environment: Not usable outside of PowerShell
[0.242s] DEBUG:colcon.colcon_core.shell:Skip shell extension 'dsv' for command environment
[0.248s] DEBUG:colcon.colcon_core.shell:Ignoring prefix path '/opt/ros/foxy'
[0.253s] INFO:colcon.colcon_ros.task.ament_cmake.build:Building ROS package in '/home/lijiaqian/prak_ws/src/panda_description' with build type 'ament_cmake'
[0.253s] INFO:colcon.colcon_cmake.task.cmake.build:Building CMake package in '/home/lijiaqian/prak_ws/src/panda_description'
[0.254s] INFO:colcon.colcon_core.shell:Skip shell extension 'powershell' for command environment: Not usable outside of PowerShell
[0.255s] DEBUG:colcon.colcon_core.shell:Skip shell extension 'dsv' for command environment
[0.262s] DEBUG:colcon.colcon_core.shell:Ignoring prefix path '/opt/ros/foxy'
[0.276s] DEBUG:colcon.colcon_core.event_handler.log_command:Invoking command in '/home/lijiaqian/prak_ws/build/pivot_msg': CMAKE_PREFIX_PATH=${CMAKE_PREFIX_PATH}:/opt/ros/foxy /usr/bin/cmake --build /home/lijiaqian/prak_ws/build/pivot_msg -- -j3 -l3
[0.297s] DEBUG:colcon.colcon_core.event_handler.log_command:Invoking command in '/home/lijiaqian/prak_ws/build/panda_description': CMAKE_PREFIX_PATH=${CMAKE_PREFIX_PATH}:/opt/ros/foxy /usr/bin/cmake --build /home/lijiaqian/prak_ws/build/panda_description -- -j3 -l3
[0.394s] DEBUG:colcon.colcon_core.event_handler.log_command:Invoked command in '/home/lijiaqian/prak_ws/build/panda_description' returned '0': CMAKE_PREFIX_PATH=${CMAKE_PREFIX_PATH}:/opt/ros/foxy /usr/bin/cmake --build /home/lijiaqian/prak_ws/build/panda_description -- -j3 -l3
[0.495s] DEBUG:colcon.colcon_core.event_handler.log_command:Invoking command in '/home/lijiaqian/prak_ws/build/panda_description': CMAKE_PREFIX_PATH=${CMAKE_PREFIX_PATH}:/opt/ros/foxy /usr/bin/cmake --install /home/lijiaqian/prak_ws/build/panda_description
[0.518s] Level 1:colcon.colcon_core.environment:create_environment_scripts_only(panda_description)
[0.523s] Level 1:colcon.colcon_core.environment:checking '/home/lijiaqian/prak_ws/install/panda_description' for CMake module files
[0.524s] Level 1:colcon.colcon_core.environment:checking '/home/lijiaqian/prak_ws/install/panda_description' for CMake config files
[0.527s] DEBUG:colcon.colcon_core.event_handler.log_command:Invoked command in '/home/lijiaqian/prak_ws/build/panda_description' returned '0': CMAKE_PREFIX_PATH=${CMAKE_PREFIX_PATH}:/opt/ros/foxy /usr/bin/cmake --install /home/lijiaqian/prak_ws/build/panda_description
[0.528s] Level 1:colcon.colcon_core.shell:create_environment_hook('panda_description', 'cmake_prefix_path')
[0.529s] INFO:colcon.colcon_core.shell:Creating environment hook '/home/lijiaqian/prak_ws/install/panda_description/share/panda_description/hook/cmake_prefix_path.ps1'
[0.532s] INFO:colcon.colcon_core.shell:Creating environment descriptor '/home/lijiaqian/prak_ws/install/panda_description/share/panda_description/hook/cmake_prefix_path.dsv'
[0.535s] INFO:colcon.colcon_core.shell:Creating environment hook '/home/lijiaqian/prak_ws/install/panda_description/share/panda_description/hook/cmake_prefix_path.sh'
[0.536s] Level 1:colcon.colcon_core.environment:checking '/home/lijiaqian/prak_ws/install/panda_description/bin'
[0.537s] Level 1:colcon.colcon_core.environment:checking '/home/lijiaqian/prak_ws/install/panda_description/lib/pkgconfig/panda_description.pc'
[0.537s] Level 1:colcon.colcon_core.environment:checking '/home/lijiaqian/prak_ws/install/panda_description/lib/python3.8/site-packages'
[0.539s] INFO:colcon.colcon_core.shell:Creating package script '/home/lijiaqian/prak_ws/install/panda_description/share/panda_description/package.ps1'
[0.540s] INFO:colcon.colcon_core.shell:Creating package descriptor '/home/lijiaqian/prak_ws/install/panda_description/share/panda_description/package.dsv'
[0.545s] INFO:colcon.colcon_core.shell:Creating package script '/home/lijiaqian/prak_ws/install/panda_description/share/panda_description/package.sh'
[0.546s] INFO:colcon.colcon_core.shell:Creating package script '/home/lijiaqian/prak_ws/install/panda_description/share/panda_description/package.bash'
[0.547s] INFO:colcon.colcon_core.shell:Creating package script '/home/lijiaqian/prak_ws/install/panda_description/share/panda_description/package.zsh'
[0.548s] Level 1:colcon.colcon_core.environment:create_file_with_runtime_dependencies(/home/lijiaqian/prak_ws/install/panda_description/share/colcon-core/packages/panda_description)
[0.630s] Level 1:colcon.colcon_core.environment:create_environment_scripts_only(panda_description)
[0.632s] Level 1:colcon.colcon_core.environment:checking '/home/lijiaqian/prak_ws/install/panda_description' for CMake module files
[0.632s] Level 1:colcon.colcon_core.environment:checking '/home/lijiaqian/prak_ws/install/panda_description' for CMake config files
[0.633s] Level 1:colcon.colcon_core.shell:create_environment_hook('panda_description', 'cmake_prefix_path')
[0.634s] INFO:colcon.colcon_core.shell:Creating environment hook '/home/lijiaqian/prak_ws/install/panda_description/share/panda_description/hook/cmake_prefix_path.ps1'
[0.636s] INFO:colcon.colcon_core.shell:Creating environment descriptor '/home/lijiaqian/prak_ws/install/panda_description/share/panda_description/hook/cmake_prefix_path.dsv'
[0.636s] INFO:colcon.colcon_core.shell:Creating environment hook '/home/lijiaqian/prak_ws/install/panda_description/share/panda_description/hook/cmake_prefix_path.sh'
[0.637s] Level 1:colcon.colcon_core.environment:checking '/home/lijiaqian/prak_ws/install/panda_description/bin'
[0.637s] Level 1:colcon.colcon_core.environment:checking '/home/lijiaqian/prak_ws/install/panda_description/lib/pkgconfig/panda_description.pc'
[0.637s] Level 1:colcon.colcon_core.environment:checking '/home/lijiaqian/prak_ws/install/panda_description/lib/python3.8/site-packages'
[0.638s] INFO:colcon.colcon_core.shell:Creating package script '/home/lijiaqian/prak_ws/install/panda_description/share/panda_description/package.ps1'
[0.638s] INFO:colcon.colcon_core.shell:Creating package descriptor '/home/lijiaqian/prak_ws/install/panda_description/share/panda_description/package.dsv'
[0.639s] INFO:colcon.colcon_core.shell:Creating package script '/home/lijiaqian/prak_ws/install/panda_description/share/panda_description/package.sh'
[0.641s] INFO:colcon.colcon_core.shell:Creating package script '/home/lijiaqian/prak_ws/install/panda_description/share/panda_description/package.bash'
[0.642s] INFO:colcon.colcon_core.shell:Creating package script '/home/lijiaqian/prak_ws/install/panda_description/share/panda_description/package.zsh'
[0.642s] Level 1:colcon.colcon_core.environment:create_file_with_runtime_dependencies(/home/lijiaqian/prak_ws/install/panda_description/share/colcon-core/packages/panda_description)
[1.044s] DEBUG:colcon.colcon_core.event_handler.log_command:Invoked command in '/home/lijiaqian/prak_ws/build/pivot_msg' returned '0': CMAKE_PREFIX_PATH=${CMAKE_PREFIX_PATH}:/opt/ros/foxy /usr/bin/cmake --build /home/lijiaqian/prak_ws/build/pivot_msg -- -j3 -l3
[1.170s] DEBUG:colcon.colcon_core.event_handler.log_command:Invoking command in '/home/lijiaqian/prak_ws/build/pivot_msg': CMAKE_PREFIX_PATH=${CMAKE_PREFIX_PATH}:/opt/ros/foxy /usr/bin/cmake --install /home/lijiaqian/prak_ws/build/pivot_msg
[1.253s] Level 1:colcon.colcon_core.environment:create_environment_scripts_only(pivot_msg)
[1.255s] Level 1:colcon.colcon_core.environment:checking '/home/lijiaqian/prak_ws/install/pivot_msg' for CMake module files
[1.256s] Level 1:colcon.colcon_core.environment:checking '/home/lijiaqian/prak_ws/install/pivot_msg' for CMake config files
[1.256s] Level 1:colcon.colcon_core.shell:create_environment_hook('pivot_msg', 'cmake_prefix_path')
[1.257s] INFO:colcon.colcon_core.shell:Creating environment hook '/home/lijiaqian/prak_ws/install/pivot_msg/share/pivot_msg/hook/cmake_prefix_path.ps1'
[1.258s] INFO:colcon.colcon_core.shell:Creating environment descriptor '/home/lijiaqian/prak_ws/install/pivot_msg/share/pivot_msg/hook/cmake_prefix_path.dsv'
[1.258s] INFO:colcon.colcon_core.shell:Creating environment hook '/home/lijiaqian/prak_ws/install/pivot_msg/share/pivot_msg/hook/cmake_prefix_path.sh'
[1.259s] Level 1:colcon.colcon_core.environment:checking '/home/lijiaqian/prak_ws/install/pivot_msg/lib'
[1.259s] Level 1:colcon.colcon_core.shell:create_environment_hook('pivot_msg', 'ld_library_path_lib')
[1.260s] INFO:colcon.colcon_core.shell:Creating environment hook '/home/lijiaqian/prak_ws/install/pivot_msg/share/pivot_msg/hook/ld_library_path_lib.ps1'
[1.260s] INFO:colcon.colcon_core.shell:Creating environment descriptor '/home/lijiaqian/prak_ws/install/pivot_msg/share/pivot_msg/hook/ld_library_path_lib.dsv'
[1.261s] INFO:colcon.colcon_core.shell:Creating environment hook '/home/lijiaqian/prak_ws/install/pivot_msg/share/pivot_msg/hook/ld_library_path_lib.sh'
[1.261s] Level 1:colcon.colcon_core.environment:checking '/home/lijiaqian/prak_ws/install/pivot_msg/bin'
[1.261s] Level 1:colcon.colcon_core.environment:checking '/home/lijiaqian/prak_ws/install/pivot_msg/lib/pkgconfig/pivot_msg.pc'
[1.261s] Level 1:colcon.colcon_core.environment:checking '/home/lijiaqian/prak_ws/install/pivot_msg/lib/python3.8/site-packages'
[1.261s] Level 1:colcon.colcon_core.shell:create_environment_hook('pivot_msg', 'pythonpath')
[1.262s] INFO:colcon.colcon_core.shell:Creating environment hook '/home/lijiaqian/prak_ws/install/pivot_msg/share/pivot_msg/hook/pythonpath.ps1'
[1.263s] DEBUG:colcon.colcon_core.event_handler.log_command:Invoked command in '/home/lijiaqian/prak_ws/build/pivot_msg' returned '0': CMAKE_PREFIX_PATH=${CMAKE_PREFIX_PATH}:/opt/ros/foxy /usr/bin/cmake --install /home/lijiaqian/prak_ws/build/pivot_msg
[1.263s] INFO:colcon.colcon_core.shell:Creating environment descriptor '/home/lijiaqian/prak_ws/install/pivot_msg/share/pivot_msg/hook/pythonpath.dsv'
[1.264s] INFO:colcon.colcon_core.shell:Creating environment hook '/home/lijiaqian/prak_ws/install/pivot_msg/share/pivot_msg/hook/pythonpath.sh'
[1.266s] INFO:colcon.colcon_core.shell:Creating package script '/home/lijiaqian/prak_ws/install/pivot_msg/share/pivot_msg/package.ps1'
[1.266s] INFO:colcon.colcon_core.shell:Creating package descriptor '/home/lijiaqian/prak_ws/install/pivot_msg/share/pivot_msg/package.dsv'
[1.267s] INFO:colcon.colcon_core.shell:Creating package script '/home/lijiaqian/prak_ws/install/pivot_msg/share/pivot_msg/package.sh'
[1.268s] INFO:colcon.colcon_core.shell:Creating package script '/home/lijiaqian/prak_ws/install/pivot_msg/share/pivot_msg/package.bash'
[1.268s] INFO:colcon.colcon_core.shell:Creating package script '/home/lijiaqian/prak_ws/install/pivot_msg/share/pivot_msg/package.zsh'
[1.269s] Level 1:colcon.colcon_core.environment:create_file_with_runtime_dependencies(/home/lijiaqian/prak_ws/install/pivot_msg/share/colcon-core/packages/pivot_msg)
[1.419s] Level 1:colcon.colcon_core.environment:create_environment_scripts_only(pivot_msg)
[1.420s] Level 1:colcon.colcon_core.environment:checking '/home/lijiaqian/prak_ws/install/pivot_msg' for CMake module files
[1.421s] Level 1:colcon.colcon_core.environment:checking '/home/lijiaqian/prak_ws/install/pivot_msg' for CMake config files
[1.421s] Level 1:colcon.colcon_core.shell:create_environment_hook('pivot_msg', 'cmake_prefix_path')
[1.422s] INFO:colcon.colcon_core.shell:Creating environment hook '/home/lijiaqian/prak_ws/install/pivot_msg/share/pivot_msg/hook/cmake_prefix_path.ps1'
[1.423s] INFO:colcon.colcon_core.shell:Creating environment descriptor '/home/lijiaqian/prak_ws/install/pivot_msg/share/pivot_msg/hook/cmake_prefix_path.dsv'
[1.424s] INFO:colcon.colcon_core.shell:Creating environment hook '/home/lijiaqian/prak_ws/install/pivot_msg/share/pivot_msg/hook/cmake_prefix_path.sh'
[1.424s] Level 1:colcon.colcon_core.environment:checking '/home/lijiaqian/prak_ws/install/pivot_msg/lib'
[1.424s] Level 1:colcon.colcon_core.shell:create_environment_hook('pivot_msg', 'ld_library_path_lib')
[1.425s] INFO:colcon.colcon_core.shell:Creating environment hook '/home/lijiaqian/prak_ws/install/pivot_msg/share/pivot_msg/hook/ld_library_path_lib.ps1'
[1.426s] INFO:colcon.colcon_core.shell:Creating environment descriptor '/home/lijiaqian/prak_ws/install/pivot_msg/share/pivot_msg/hook/ld_library_path_lib.dsv'
[1.426s] INFO:colcon.colcon_core.shell:Creating environment hook '/home/lijiaqian/prak_ws/install/pivot_msg/share/pivot_msg/hook/ld_library_path_lib.sh'
[1.427s] Level 1:colcon.colcon_core.environment:checking '/home/lijiaqian/prak_ws/install/pivot_msg/bin'
[1.427s] Level 1:colcon.colcon_core.environment:checking '/home/lijiaqian/prak_ws/install/pivot_msg/lib/pkgconfig/pivot_msg.pc'
[1.427s] Level 1:colcon.colcon_core.environment:checking '/home/lijiaqian/prak_ws/install/pivot_msg/lib/python3.8/site-packages'
[1.427s] Level 1:colcon.colcon_core.shell:create_environment_hook('pivot_msg', 'pythonpath')
[1.428s] INFO:colcon.colcon_core.shell:Creating environment hook '/home/lijiaqian/prak_ws/install/pivot_msg/share/pivot_msg/hook/pythonpath.ps1'
[1.428s] INFO:colcon.colcon_core.shell:Creating environment descriptor '/home/lijiaqian/prak_ws/install/pivot_msg/share/pivot_msg/hook/pythonpath.dsv'
[1.429s] INFO:colcon.colcon_core.shell:Creating environment hook '/home/lijiaqian/prak_ws/install/pivot_msg/share/pivot_msg/hook/pythonpath.sh'
[1.430s] INFO:colcon.colcon_core.shell:Creating package script '/home/lijiaqian/prak_ws/install/pivot_msg/share/pivot_msg/package.ps1'
[1.431s] INFO:colcon.colcon_core.shell:Creating package descriptor '/home/lijiaqian/prak_ws/install/pivot_msg/share/pivot_msg/package.dsv'
[1.432s] INFO:colcon.colcon_core.shell:Creating package script '/home/lijiaqian/prak_ws/install/pivot_msg/share/pivot_msg/package.sh'
[1.433s] INFO:colcon.colcon_core.shell:Creating package script '/home/lijiaqian/prak_ws/install/pivot_msg/share/pivot_msg/package.bash'
[1.433s] INFO:colcon.colcon_core.shell:Creating package script '/home/lijiaqian/prak_ws/install/pivot_msg/share/pivot_msg/package.zsh'
[1.434s] Level 1:colcon.colcon_core.environment:create_file_with_runtime_dependencies(/home/lijiaqian/prak_ws/install/pivot_msg/share/colcon-core/packages/pivot_msg)
[1.435s] INFO:colcon.colcon_ros.task.ament_cmake.build:Building ROS package in '/home/lijiaqian/prak_ws/src/telemanipulator' with build type 'ament_cmake'
[1.435s] INFO:colcon.colcon_cmake.task.cmake.build:Building CMake package in '/home/lijiaqian/prak_ws/src/telemanipulator'
[1.436s] INFO:colcon.colcon_core.shell:Skip shell extension 'powershell' for command environment: Not usable outside of PowerShell
[1.436s] DEBUG:colcon.colcon_core.shell:Skip shell extension 'dsv' for command environment
[1.441s] DEBUG:colcon.colcon_core.shell:Ignoring prefix path '/opt/ros/foxy'
[1.460s] DEBUG:colcon.colcon_core.event_handler.log_command:Invoking command in '/home/lijiaqian/prak_ws/build/telemanipulator': CMAKE_PREFIX_PATH=/home/lijiaqian/prak_ws/install/pivot_msg:/home/lijiaqian/prak_ws/install/tutorial_interfaces:/home/lijiaqian/prak_ws/install/telemanipulator:/home/lijiaqian/prak_ws/install/panda_description:/home/lijiaqian/ws_ros2/install/warehouse_ros_mongo:/home/lijiaqian/ws_ros2/install/moveit_ros_visualization:/home/lijiaqian/ws_ros2/install/moveit_ros_benchmarks:/home/lijiaqian/ws_ros2/install/moveit_ros_warehouse:/home/lijiaqian/ws_ros2/install/warehouse_ros:/home/lijiaqian/ws_ros2/install/ros2_control:/home/lijiaqian/ws_ros2/install/transmission_interface:/home/lijiaqian/ws_ros2/install/test_robot_hardware:/home/lijiaqian/ws_ros2/install/run_moveit_cpp:/home/lijiaqian/ws_ros2/install/run_move_group:/home/lijiaqian/ws_ros2/install/moveit_simple_controller_manager:/home/lijiaqian/ws_ros2/install/moveit_servo:/home/lijiaqian/ws_ros2/install/moveit_ros_robot_interaction:/home/lijiaqian/ws_ros2/install/moveit_ros_planning_interface:/home/lijiaqian/ws_ros2/install/moveit_ros_move_group:/home/lijiaqian/ws_ros2/install/moveit_planners_ompl:/home/lijiaqian/ws_ros2/install/moveit_fake_controller_manager:/home/lijiaqian/ws_ros2/install/moveit_ros_planning:/home/lijiaqian/ws_ros2/install/moveit_ros_occupancy_map_monitor:/home/lijiaqian/ws_ros2/install/moveit_kinematics:/home/lijiaqian/ws_ros2/install/moveit_core:/home/lijiaqian/ws_ros2/install/srdfdom:/home/lijiaqian/ws_ros2/install/fake_joint_driver:/home/lijiaqian/ws_ros2/install/ros2_controllers:/home/lijiaqian/ws_ros2/install/moveit_resources:/home/lijiaqian/ws_ros2/install/moveit_resources_pr2_description:/home/lijiaqian/ws_ros2/install/moveit_resources_panda_moveit_config:/home/lijiaqian/ws_ros2/install/moveit_resources_panda_description:/home/lijiaqian/ws_ros2/install/moveit_resources_fanuc_moveit_config:/home/lijiaqian/ws_ros2/install/moveit_resources_fanuc_description:/home/lijiaqian/ws_ros2/install/moveit_msgs:/home/lijiaqian/ws_ros2/install/moveit_common:/home/lijiaqian/ws_ros2/install/joint_trajectory_controller:/home/lijiaqian/ws_ros2/install/joint_state_controller:/home/lijiaqian/ws_ros2/install/diff_drive_controller:/home/lijiaqian/ws_ros2/install/controller_manager:/home/lijiaqian/ws_ros2/install/controller_interface:/home/lijiaqian/ws_ros2/install/hardware_interface:/home/lijiaqian/ws_ros2/install/geometric_shapes:/opt/ros/foxy LD_LIBRARY_PATH=/home/lijiaqian/prak_ws/install/pivot_msg/lib:/home/lijiaqian/prak_ws/install/tutorial_interfaces/lib:/home/lijiaqian/prak_ws/install/telemanipulator/libs:/home/lijiaqian/prak_ws/install/telemanipulator/lib:/home/lijiaqian/ws_ros2/install/warehouse_ros_mongo/lib:/home/lijiaqian/ws_ros2/install/moveit_ros_visualization/lib:/home/lijiaqian/ws_ros2/install/moveit_ros_benchmarks/lib:/home/lijiaqian/ws_ros2/install/moveit_ros_warehouse/lib:/home/lijiaqian/ws_ros2/install/warehouse_ros/lib:/home/lijiaqian/ws_ros2/install/transmission_interface/lib:/home/lijiaqian/ws_ros2/install/test_robot_hardware/lib:/home/lijiaqian/ws_ros2/install/moveit_simple_controller_manager/lib:/home/lijiaqian/ws_ros2/install/moveit_servo/lib:/home/lijiaqian/ws_ros2/install/moveit_ros_robot_interaction/lib:/home/lijiaqian/ws_ros2/install/moveit_ros_planning_interface/lib:/home/lijiaqian/ws_ros2/install/moveit_ros_move_group/lib:/home/lijiaqian/ws_ros2/install/moveit_planners_ompl/lib:/home/lijiaqian/ws_ros2/install/moveit_fake_controller_manager/lib:/home/lijiaqian/ws_ros2/install/moveit_ros_planning/lib:/home/lijiaqian/ws_ros2/install/moveit_ros_occupancy_map_monitor/lib:/home/lijiaqian/ws_ros2/install/moveit_kinematics/lib:/home/lijiaqian/ws_ros2/install/moveit_core/lib:/home/lijiaqian/ws_ros2/install/srdfdom/lib:/home/lijiaqian/ws_ros2/install/moveit_msgs/lib:/home/lijiaqian/ws_ros2/install/joint_trajectory_controller/lib:/home/lijiaqian/ws_ros2/install/joint_state_controller/lib:/home/lijiaqian/ws_ros2/install/diff_drive_controller/lib:/home/lijiaqian/ws_ros2/install/controller_manager/lib:/home/lijiaqian/ws_ros2/install/controller_interface/lib:/home/lijiaqian/ws_ros2/install/hardware_interface/lib:/home/lijiaqian/ws_ros2/install/geometric_shapes/lib:/opt/ros/foxy/opt/yaml_cpp_vendor/lib:/opt/ros/foxy/opt/rviz_ogre_vendor/lib:/opt/ros/foxy/lib/x86_64-linux-gnu:/opt/ros/foxy/lib PYTHONPATH=/home/lijiaqian/prak_ws/install/pivot_msg/lib/python3.8/site-packages:/home/lijiaqian/prak_ws/install/tutorial_interfaces/lib/python3.8/site-packages:/home/lijiaqian/prak_ws/install/telemanipulator/lib/python3.8/site-packages:/home/lijiaqian/ws_ros2/install/warehouse_ros_mongo/lib/python3.8/site-packages:/home/lijiaqian/ws_ros2/install/moveit_msgs/lib/python3.8/site-packages:/opt/ros/foxy/lib/python3.8/site-packages /usr/bin/cmake --build /home/lijiaqian/prak_ws/build/telemanipulator -- -j3 -l3
[20.327s] DEBUG:colcon.colcon_core.event_handler.log_command:Invoked command in '/home/lijiaqian/prak_ws/build/telemanipulator' returned '0': CMAKE_PREFIX_PATH=/home/lijiaqian/prak_ws/install/pivot_msg:/home/lijiaqian/prak_ws/install/tutorial_interfaces:/home/lijiaqian/prak_ws/install/telemanipulator:/home/lijiaqian/prak_ws/install/panda_description:/home/lijiaqian/ws_ros2/install/warehouse_ros_mongo:/home/lijiaqian/ws_ros2/install/moveit_ros_visualization:/home/lijiaqian/ws_ros2/install/moveit_ros_benchmarks:/home/lijiaqian/ws_ros2/install/moveit_ros_warehouse:/home/lijiaqian/ws_ros2/install/warehouse_ros:/home/lijiaqian/ws_ros2/install/ros2_control:/home/lijiaqian/ws_ros2/install/transmission_interface:/home/lijiaqian/ws_ros2/install/test_robot_hardware:/home/lijiaqian/ws_ros2/install/run_moveit_cpp:/home/lijiaqian/ws_ros2/install/run_move_group:/home/lijiaqian/ws_ros2/install/moveit_simple_controller_manager:/home/lijiaqian/ws_ros2/install/moveit_servo:/home/lijiaqian/ws_ros2/install/moveit_ros_robot_interaction:/home/lijiaqian/ws_ros2/install/moveit_ros_planning_interface:/home/lijiaqian/ws_ros2/install/moveit_ros_move_group:/home/lijiaqian/ws_ros2/install/moveit_planners_ompl:/home/lijiaqian/ws_ros2/install/moveit_fake_controller_manager:/home/lijiaqian/ws_ros2/install/moveit_ros_planning:/home/lijiaqian/ws_ros2/install/moveit_ros_occupancy_map_monitor:/home/lijiaqian/ws_ros2/install/moveit_kinematics:/home/lijiaqian/ws_ros2/install/moveit_core:/home/lijiaqian/ws_ros2/install/srdfdom:/home/lijiaqian/ws_ros2/install/fake_joint_driver:/home/lijiaqian/ws_ros2/install/ros2_controllers:/home/lijiaqian/ws_ros2/install/moveit_resources:/home/lijiaqian/ws_ros2/install/moveit_resources_pr2_description:/home/lijiaqian/ws_ros2/install/moveit_resources_panda_moveit_config:/home/lijiaqian/ws_ros2/install/moveit_resources_panda_description:/home/lijiaqian/ws_ros2/install/moveit_resources_fanuc_moveit_config:/home/lijiaqian/ws_ros2/install/moveit_resources_fanuc_description:/home/lijiaqian/ws_ros2/install/moveit_msgs:/home/lijiaqian/ws_ros2/install/moveit_common:/home/lijiaqian/ws_ros2/install/joint_trajectory_controller:/home/lijiaqian/ws_ros2/install/joint_state_controller:/home/lijiaqian/ws_ros2/install/diff_drive_controller:/home/lijiaqian/ws_ros2/install/controller_manager:/home/lijiaqian/ws_ros2/install/controller_interface:/home/lijiaqian/ws_ros2/install/hardware_interface:/home/lijiaqian/ws_ros2/install/geometric_shapes:/opt/ros/foxy LD_LIBRARY_PATH=/home/lijiaqian/prak_ws/install/pivot_msg/lib:/home/lijiaqian/prak_ws/install/tutorial_interfaces/lib:/home/lijiaqian/prak_ws/install/telemanipulator/libs:/home/lijiaqian/prak_ws/install/telemanipulator/lib:/home/lijiaqian/ws_ros2/install/warehouse_ros_mongo/lib:/home/lijiaqian/ws_ros2/install/moveit_ros_visualization/lib:/home/lijiaqian/ws_ros2/install/moveit_ros_benchmarks/lib:/home/lijiaqian/ws_ros2/install/moveit_ros_warehouse/lib:/home/lijiaqian/ws_ros2/install/warehouse_ros/lib:/home/lijiaqian/ws_ros2/install/transmission_interface/lib:/home/lijiaqian/ws_ros2/install/test_robot_hardware/lib:/home/lijiaqian/ws_ros2/install/moveit_simple_controller_manager/lib:/home/lijiaqian/ws_ros2/install/moveit_servo/lib:/home/lijiaqian/ws_ros2/install/moveit_ros_robot_interaction/lib:/home/lijiaqian/ws_ros2/install/moveit_ros_planning_interface/lib:/home/lijiaqian/ws_ros2/install/moveit_ros_move_group/lib:/home/lijiaqian/ws_ros2/install/moveit_planners_ompl/lib:/home/lijiaqian/ws_ros2/install/moveit_fake_controller_manager/lib:/home/lijiaqian/ws_ros2/install/moveit_ros_planning/lib:/home/lijiaqian/ws_ros2/install/moveit_ros_occupancy_map_monitor/lib:/home/lijiaqian/ws_ros2/install/moveit_kinematics/lib:/home/lijiaqian/ws_ros2/install/moveit_core/lib:/home/lijiaqian/ws_ros2/install/srdfdom/lib:/home/lijiaqian/ws_ros2/install/moveit_msgs/lib:/home/lijiaqian/ws_ros2/install/joint_trajectory_controller/lib:/home/lijiaqian/ws_ros2/install/joint_state_controller/lib:/home/lijiaqian/ws_ros2/install/diff_drive_controller/lib:/home/lijiaqian/ws_ros2/install/controller_manager/lib:/home/lijiaqian/ws_ros2/install/controller_interface/lib:/home/lijiaqian/ws_ros2/install/hardware_interface/lib:/home/lijiaqian/ws_ros2/install/geometric_shapes/lib:/opt/ros/foxy/opt/yaml_cpp_vendor/lib:/opt/ros/foxy/opt/rviz_ogre_vendor/lib:/opt/ros/foxy/lib/x86_64-linux-gnu:/opt/ros/foxy/lib PYTHONPATH=/home/lijiaqian/prak_ws/install/pivot_msg/lib/python3.8/site-packages:/home/lijiaqian/prak_ws/install/tutorial_interfaces/lib/python3.8/site-packages:/home/lijiaqian/prak_ws/install/telemanipulator/lib/python3.8/site-packages:/home/lijiaqian/ws_ros2/install/warehouse_ros_mongo/lib/python3.8/site-packages:/home/lijiaqian/ws_ros2/install/moveit_msgs/lib/python3.8/site-packages:/opt/ros/foxy/lib/python3.8/site-packages /usr/bin/cmake --build /home/lijiaqian/prak_ws/build/telemanipulator -- -j3 -l3
[20.421s] DEBUG:colcon.colcon_core.event_handler.log_command:Invoking command in '/home/lijiaqian/prak_ws/build/telemanipulator': CMAKE_PREFIX_PATH=/home/lijiaqian/prak_ws/install/pivot_msg:/home/lijiaqian/prak_ws/install/tutorial_interfaces:/home/lijiaqian/prak_ws/install/telemanipulator:/home/lijiaqian/prak_ws/install/panda_description:/home/lijiaqian/ws_ros2/install/warehouse_ros_mongo:/home/lijiaqian/ws_ros2/install/moveit_ros_visualization:/home/lijiaqian/ws_ros2/install/moveit_ros_benchmarks:/home/lijiaqian/ws_ros2/install/moveit_ros_warehouse:/home/lijiaqian/ws_ros2/install/warehouse_ros:/home/lijiaqian/ws_ros2/install/ros2_control:/home/lijiaqian/ws_ros2/install/transmission_interface:/home/lijiaqian/ws_ros2/install/test_robot_hardware:/home/lijiaqian/ws_ros2/install/run_moveit_cpp:/home/lijiaqian/ws_ros2/install/run_move_group:/home/lijiaqian/ws_ros2/install/moveit_simple_controller_manager:/home/lijiaqian/ws_ros2/install/moveit_servo:/home/lijiaqian/ws_ros2/install/moveit_ros_robot_interaction:/home/lijiaqian/ws_ros2/install/moveit_ros_planning_interface:/home/lijiaqian/ws_ros2/install/moveit_ros_move_group:/home/lijiaqian/ws_ros2/install/moveit_planners_ompl:/home/lijiaqian/ws_ros2/install/moveit_fake_controller_manager:/home/lijiaqian/ws_ros2/install/moveit_ros_planning:/home/lijiaqian/ws_ros2/install/moveit_ros_occupancy_map_monitor:/home/lijiaqian/ws_ros2/install/moveit_kinematics:/home/lijiaqian/ws_ros2/install/moveit_core:/home/lijiaqian/ws_ros2/install/srdfdom:/home/lijiaqian/ws_ros2/install/fake_joint_driver:/home/lijiaqian/ws_ros2/install/ros2_controllers:/home/lijiaqian/ws_ros2/install/moveit_resources:/home/lijiaqian/ws_ros2/install/moveit_resources_pr2_description:/home/lijiaqian/ws_ros2/install/moveit_resources_panda_moveit_config:/home/lijiaqian/ws_ros2/install/moveit_resources_panda_description:/home/lijiaqian/ws_ros2/install/moveit_resources_fanuc_moveit_config:/home/lijiaqian/ws_ros2/install/moveit_resources_fanuc_description:/home/lijiaqian/ws_ros2/install/moveit_msgs:/home/lijiaqian/ws_ros2/install/moveit_common:/home/lijiaqian/ws_ros2/install/joint_trajectory_controller:/home/lijiaqian/ws_ros2/install/joint_state_controller:/home/lijiaqian/ws_ros2/install/diff_drive_controller:/home/lijiaqian/ws_ros2/install/controller_manager:/home/lijiaqian/ws_ros2/install/controller_interface:/home/lijiaqian/ws_ros2/install/hardware_interface:/home/lijiaqian/ws_ros2/install/geometric_shapes:/opt/ros/foxy LD_LIBRARY_PATH=/home/lijiaqian/prak_ws/install/pivot_msg/lib:/home/lijiaqian/prak_ws/install/tutorial_interfaces/lib:/home/lijiaqian/prak_ws/install/telemanipulator/libs:/home/lijiaqian/prak_ws/install/telemanipulator/lib:/home/lijiaqian/ws_ros2/install/warehouse_ros_mongo/lib:/home/lijiaqian/ws_ros2/install/moveit_ros_visualization/lib:/home/lijiaqian/ws_ros2/install/moveit_ros_benchmarks/lib:/home/lijiaqian/ws_ros2/install/moveit_ros_warehouse/lib:/home/lijiaqian/ws_ros2/install/warehouse_ros/lib:/home/lijiaqian/ws_ros2/install/transmission_interface/lib:/home/lijiaqian/ws_ros2/install/test_robot_hardware/lib:/home/lijiaqian/ws_ros2/install/moveit_simple_controller_manager/lib:/home/lijiaqian/ws_ros2/install/moveit_servo/lib:/home/lijiaqian/ws_ros2/install/moveit_ros_robot_interaction/lib:/home/lijiaqian/ws_ros2/install/moveit_ros_planning_interface/lib:/home/lijiaqian/ws_ros2/install/moveit_ros_move_group/lib:/home/lijiaqian/ws_ros2/install/moveit_planners_ompl/lib:/home/lijiaqian/ws_ros2/install/moveit_fake_controller_manager/lib:/home/lijiaqian/ws_ros2/install/moveit_ros_planning/lib:/home/lijiaqian/ws_ros2/install/moveit_ros_occupancy_map_monitor/lib:/home/lijiaqian/ws_ros2/install/moveit_kinematics/lib:/home/lijiaqian/ws_ros2/install/moveit_core/lib:/home/lijiaqian/ws_ros2/install/srdfdom/lib:/home/lijiaqian/ws_ros2/install/moveit_msgs/lib:/home/lijiaqian/ws_ros2/install/joint_trajectory_controller/lib:/home/lijiaqian/ws_ros2/install/joint_state_controller/lib:/home/lijiaqian/ws_ros2/install/diff_drive_controller/lib:/home/lijiaqian/ws_ros2/install/controller_manager/lib:/home/lijiaqian/ws_ros2/install/controller_interface/lib:/home/lijiaqian/ws_ros2/install/hardware_interface/lib:/home/lijiaqian/ws_ros2/install/geometric_shapes/lib:/opt/ros/foxy/opt/yaml_cpp_vendor/lib:/opt/ros/foxy/opt/rviz_ogre_vendor/lib:/opt/ros/foxy/lib/x86_64-linux-gnu:/opt/ros/foxy/lib PYTHONPATH=/home/lijiaqian/prak_ws/install/pivot_msg/lib/python3.8/site-packages:/home/lijiaqian/prak_ws/install/tutorial_interfaces/lib/python3.8/site-packages:/home/lijiaqian/prak_ws/install/telemanipulator/lib/python3.8/site-packages:/home/lijiaqian/ws_ros2/install/warehouse_ros_mongo/lib/python3.8/site-packages:/home/lijiaqian/ws_ros2/install/moveit_msgs/lib/python3.8/site-packages:/opt/ros/foxy/lib/python3.8/site-packages /usr/bin/cmake --install /home/lijiaqian/prak_ws/build/telemanipulator
[20.469s] Level 1:colcon.colcon_core.environment:create_environment_scripts_only(telemanipulator)
[20.471s] Level 1:colcon.colcon_core.environment:checking '/home/lijiaqian/prak_ws/install/telemanipulator' for CMake module files
[20.474s] Level 1:colcon.colcon_core.environment:checking '/home/lijiaqian/prak_ws/install/telemanipulator' for CMake config files
[20.475s] Level 1:colcon.colcon_core.shell:create_environment_hook('telemanipulator', 'cmake_prefix_path')
[20.476s] INFO:colcon.colcon_core.shell:Creating environment hook '/home/lijiaqian/prak_ws/install/telemanipulator/share/telemanipulator/hook/cmake_prefix_path.ps1'
[20.476s] DEBUG:colcon.colcon_core.event_handler.log_command:Invoked command in '/home/lijiaqian/prak_ws/build/telemanipulator' returned '0': CMAKE_PREFIX_PATH=/home/lijiaqian/prak_ws/install/pivot_msg:/home/lijiaqian/prak_ws/install/tutorial_interfaces:/home/lijiaqian/prak_ws/install/telemanipulator:/home/lijiaqian/prak_ws/install/panda_description:/home/lijiaqian/ws_ros2/install/warehouse_ros_mongo:/home/lijiaqian/ws_ros2/install/moveit_ros_visualization:/home/lijiaqian/ws_ros2/install/moveit_ros_benchmarks:/home/lijiaqian/ws_ros2/install/moveit_ros_warehouse:/home/lijiaqian/ws_ros2/install/warehouse_ros:/home/lijiaqian/ws_ros2/install/ros2_control:/home/lijiaqian/ws_ros2/install/transmission_interface:/home/lijiaqian/ws_ros2/install/test_robot_hardware:/home/lijiaqian/ws_ros2/install/run_moveit_cpp:/home/lijiaqian/ws_ros2/install/run_move_group:/home/lijiaqian/ws_ros2/install/moveit_simple_controller_manager:/home/lijiaqian/ws_ros2/install/moveit_servo:/home/lijiaqian/ws_ros2/install/moveit_ros_robot_interaction:/home/lijiaqian/ws_ros2/install/moveit_ros_planning_interface:/home/lijiaqian/ws_ros2/install/moveit_ros_move_group:/home/lijiaqian/ws_ros2/install/moveit_planners_ompl:/home/lijiaqian/ws_ros2/install/moveit_fake_controller_manager:/home/lijiaqian/ws_ros2/install/moveit_ros_planning:/home/lijiaqian/ws_ros2/install/moveit_ros_occupancy_map_monitor:/home/lijiaqian/ws_ros2/install/moveit_kinematics:/home/lijiaqian/ws_ros2/install/moveit_core:/home/lijiaqian/ws_ros2/install/srdfdom:/home/lijiaqian/ws_ros2/install/fake_joint_driver:/home/lijiaqian/ws_ros2/install/ros2_controllers:/home/lijiaqian/ws_ros2/install/moveit_resources:/home/lijiaqian/ws_ros2/install/moveit_resources_pr2_description:/home/lijiaqian/ws_ros2/install/moveit_resources_panda_moveit_config:/home/lijiaqian/ws_ros2/install/moveit_resources_panda_description:/home/lijiaqian/ws_ros2/install/moveit_resources_fanuc_moveit_config:/home/lijiaqian/ws_ros2/install/moveit_resources_fanuc_description:/home/lijiaqian/ws_ros2/install/moveit_msgs:/home/lijiaqian/ws_ros2/install/moveit_common:/home/lijiaqian/ws_ros2/install/joint_trajectory_controller:/home/lijiaqian/ws_ros2/install/joint_state_controller:/home/lijiaqian/ws_ros2/install/diff_drive_controller:/home/lijiaqian/ws_ros2/install/controller_manager:/home/lijiaqian/ws_ros2/install/controller_interface:/home/lijiaqian/ws_ros2/install/hardware_interface:/home/lijiaqian/ws_ros2/install/geometric_shapes:/opt/ros/foxy LD_LIBRARY_PATH=/home/lijiaqian/prak_ws/install/pivot_msg/lib:/home/lijiaqian/prak_ws/install/tutorial_interfaces/lib:/home/lijiaqian/prak_ws/install/telemanipulator/libs:/home/lijiaqian/prak_ws/install/telemanipulator/lib:/home/lijiaqian/ws_ros2/install/warehouse_ros_mongo/lib:/home/lijiaqian/ws_ros2/install/moveit_ros_visualization/lib:/home/lijiaqian/ws_ros2/install/moveit_ros_benchmarks/lib:/home/lijiaqian/ws_ros2/install/moveit_ros_warehouse/lib:/home/lijiaqian/ws_ros2/install/warehouse_ros/lib:/home/lijiaqian/ws_ros2/install/transmission_interface/lib:/home/lijiaqian/ws_ros2/install/test_robot_hardware/lib:/home/lijiaqian/ws_ros2/install/moveit_simple_controller_manager/lib:/home/lijiaqian/ws_ros2/install/moveit_servo/lib:/home/lijiaqian/ws_ros2/install/moveit_ros_robot_interaction/lib:/home/lijiaqian/ws_ros2/install/moveit_ros_planning_interface/lib:/home/lijiaqian/ws_ros2/install/moveit_ros_move_group/lib:/home/lijiaqian/ws_ros2/install/moveit_planners_ompl/lib:/home/lijiaqian/ws_ros2/install/moveit_fake_controller_manager/lib:/home/lijiaqian/ws_ros2/install/moveit_ros_planning/lib:/home/lijiaqian/ws_ros2/install/moveit_ros_occupancy_map_monitor/lib:/home/lijiaqian/ws_ros2/install/moveit_kinematics/lib:/home/lijiaqian/ws_ros2/install/moveit_core/lib:/home/lijiaqian/ws_ros2/install/srdfdom/lib:/home/lijiaqian/ws_ros2/install/moveit_msgs/lib:/home/lijiaqian/ws_ros2/install/joint_trajectory_controller/lib:/home/lijiaqian/ws_ros2/install/joint_state_controller/lib:/home/lijiaqian/ws_ros2/install/diff_drive_controller/lib:/home/lijiaqian/ws_ros2/install/controller_manager/lib:/home/lijiaqian/ws_ros2/install/controller_interface/lib:/home/lijiaqian/ws_ros2/install/hardware_interface/lib:/home/lijiaqian/ws_ros2/install/geometric_shapes/lib:/opt/ros/foxy/opt/yaml_cpp_vendor/lib:/opt/ros/foxy/opt/rviz_ogre_vendor/lib:/opt/ros/foxy/lib/x86_64-linux-gnu:/opt/ros/foxy/lib PYTHONPATH=/home/lijiaqian/prak_ws/install/pivot_msg/lib/python3.8/site-packages:/home/lijiaqian/prak_ws/install/tutorial_interfaces/lib/python3.8/site-packages:/home/lijiaqian/prak_ws/install/telemanipulator/lib/python3.8/site-packages:/home/lijiaqian/ws_ros2/install/warehouse_ros_mongo/lib/python3.8/site-packages:/home/lijiaqian/ws_ros2/install/moveit_msgs/lib/python3.8/site-packages:/opt/ros/foxy/lib/python3.8/site-packages /usr/bin/cmake --install /home/lijiaqian/prak_ws/build/telemanipulator
[20.477s] INFO:colcon.colcon_core.shell:Creating environment descriptor '/home/lijiaqian/prak_ws/install/telemanipulator/share/telemanipulator/hook/cmake_prefix_path.dsv'
[20.478s] INFO:colcon.colcon_core.shell:Creating environment hook '/home/lijiaqian/prak_ws/install/telemanipulator/share/telemanipulator/hook/cmake_prefix_path.sh'
[20.479s] Level 1:colcon.colcon_core.environment:checking '/home/lijiaqian/prak_ws/install/telemanipulator/lib'
[20.479s] Level 1:colcon.colcon_core.shell:create_environment_hook('telemanipulator', 'ld_library_path_lib')
[20.480s] INFO:colcon.colcon_core.shell:Creating environment hook '/home/lijiaqian/prak_ws/install/telemanipulator/share/telemanipulator/hook/ld_library_path_lib.ps1'
[20.481s] INFO:colcon.colcon_core.shell:Creating environment descriptor '/home/lijiaqian/prak_ws/install/telemanipulator/share/telemanipulator/hook/ld_library_path_lib.dsv'
[20.481s] INFO:colcon.colcon_core.shell:Creating environment hook '/home/lijiaqian/prak_ws/install/telemanipulator/share/telemanipulator/hook/ld_library_path_lib.sh'
[20.482s] Level 1:colcon.colcon_core.environment:checking '/home/lijiaqian/prak_ws/install/telemanipulator/libs'
[20.482s] Level 1:colcon.colcon_core.shell:create_environment_hook('telemanipulator', 'ld_library_path_libs')
[20.483s] INFO:colcon.colcon_core.shell:Creating environment hook '/home/lijiaqian/prak_ws/install/telemanipulator/share/telemanipulator/hook/ld_library_path_libs.ps1'
[20.485s] INFO:colcon.colcon_core.shell:Creating environment descriptor '/home/lijiaqian/prak_ws/install/telemanipulator/share/telemanipulator/hook/ld_library_path_libs.dsv'
[20.485s] INFO:colcon.colcon_core.shell:Creating environment hook '/home/lijiaqian/prak_ws/install/telemanipulator/share/telemanipulator/hook/ld_library_path_libs.sh'
[20.486s] Level 1:colcon.colcon_core.environment:checking '/home/lijiaqian/prak_ws/install/telemanipulator/bin'
[20.487s] Level 1:colcon.colcon_core.environment:checking '/home/lijiaqian/prak_ws/install/telemanipulator/lib/pkgconfig/telemanipulator.pc'
[20.487s] Level 1:colcon.colcon_core.environment:checking '/home/lijiaqian/prak_ws/install/telemanipulator/lib/python3.8/site-packages'
[20.487s] Level 1:colcon.colcon_core.shell:create_environment_hook('telemanipulator', 'pythonpath')
[20.489s] INFO:colcon.colcon_core.shell:Creating environment hook '/home/lijiaqian/prak_ws/install/telemanipulator/share/telemanipulator/hook/pythonpath.ps1'
[20.490s] INFO:colcon.colcon_core.shell:Creating environment descriptor '/home/lijiaqian/prak_ws/install/telemanipulator/share/telemanipulator/hook/pythonpath.dsv'
[20.491s] INFO:colcon.colcon_core.shell:Creating environment hook '/home/lijiaqian/prak_ws/install/telemanipulator/share/telemanipulator/hook/pythonpath.sh'
[20.493s] INFO:colcon.colcon_core.shell:Creating package script '/home/lijiaqian/prak_ws/install/telemanipulator/share/telemanipulator/package.ps1'
[20.494s] INFO:colcon.colcon_core.shell:Creating package descriptor '/home/lijiaqian/prak_ws/install/telemanipulator/share/telemanipulator/package.dsv'
[20.496s] INFO:colcon.colcon_core.shell:Creating package script '/home/lijiaqian/prak_ws/install/telemanipulator/share/telemanipulator/package.sh'
[20.496s] INFO:colcon.colcon_core.shell:Creating package script '/home/lijiaqian/prak_ws/install/telemanipulator/share/telemanipulator/package.bash'
[20.497s] INFO:colcon.colcon_core.shell:Creating package script '/home/lijiaqian/prak_ws/install/telemanipulator/share/telemanipulator/package.zsh'
[20.499s] Level 1:colcon.colcon_core.environment:create_file_with_runtime_dependencies(/home/lijiaqian/prak_ws/install/telemanipulator/share/colcon-core/packages/telemanipulator)
[20.599s] Level 1:colcon.colcon_core.environment:create_environment_scripts_only(telemanipulator)
[20.601s] Level 1:colcon.colcon_core.environment:checking '/home/lijiaqian/prak_ws/install/telemanipulator' for CMake module files
[20.602s] Level 1:colcon.colcon_core.environment:checking '/home/lijiaqian/prak_ws/install/telemanipulator' for CMake config files
[20.603s] Level 1:colcon.colcon_core.shell:create_environment_hook('telemanipulator', 'cmake_prefix_path')
[20.604s] INFO:colcon.colcon_core.shell:Creating environment hook '/home/lijiaqian/prak_ws/install/telemanipulator/share/telemanipulator/hook/cmake_prefix_path.ps1'
[20.606s] INFO:colcon.colcon_core.shell:Creating environment descriptor '/home/lijiaqian/prak_ws/install/telemanipulator/share/telemanipulator/hook/cmake_prefix_path.dsv'
[20.607s] INFO:colcon.colcon_core.shell:Creating environment hook '/home/lijiaqian/prak_ws/install/telemanipulator/share/telemanipulator/hook/cmake_prefix_path.sh'
[20.608s] Level 1:colcon.colcon_core.environment:checking '/home/lijiaqian/prak_ws/install/telemanipulator/lib'
[20.608s] Level 1:colcon.colcon_core.shell:create_environment_hook('telemanipulator', 'ld_library_path_lib')
[20.609s] INFO:colcon.colcon_core.shell:Creating environment hook '/home/lijiaqian/prak_ws/install/telemanipulator/share/telemanipulator/hook/ld_library_path_lib.ps1'
[20.610s] INFO:colcon.colcon_core.shell:Creating environment descriptor '/home/lijiaqian/prak_ws/install/telemanipulator/share/telemanipulator/hook/ld_library_path_lib.dsv'
[20.610s] INFO:colcon.colcon_core.shell:Creating environment hook '/home/lijiaqian/prak_ws/install/telemanipulator/share/telemanipulator/hook/ld_library_path_lib.sh'
[20.611s] Level 1:colcon.colcon_core.environment:checking '/home/lijiaqian/prak_ws/install/telemanipulator/libs'
[20.611s] Level 1:colcon.colcon_core.shell:create_environment_hook('telemanipulator', 'ld_library_path_libs')
[20.612s] INFO:colcon.colcon_core.shell:Creating environment hook '/home/lijiaqian/prak_ws/install/telemanipulator/share/telemanipulator/hook/ld_library_path_libs.ps1'
[20.613s] INFO:colcon.colcon_core.shell:Creating environment descriptor '/home/lijiaqian/prak_ws/install/telemanipulator/share/telemanipulator/hook/ld_library_path_libs.dsv'
[20.613s] INFO:colcon.colcon_core.shell:Creating environment hook '/home/lijiaqian/prak_ws/install/telemanipulator/share/telemanipulator/hook/ld_library_path_libs.sh'
[20.614s] Level 1:colcon.colcon_core.environment:checking '/home/lijiaqian/prak_ws/install/telemanipulator/bin'
[20.614s] Level 1:colcon.colcon_core.environment:checking '/home/lijiaqian/prak_ws/install/telemanipulator/lib/pkgconfig/telemanipulator.pc'
[20.614s] Level 1:colcon.colcon_core.environment:checking '/home/lijiaqian/prak_ws/install/telemanipulator/lib/python3.8/site-packages'
[20.614s] Level 1:colcon.colcon_core.shell:create_environment_hook('telemanipulator', 'pythonpath')
[20.615s] INFO:colcon.colcon_core.shell:Creating environment hook '/home/lijiaqian/prak_ws/install/telemanipulator/share/telemanipulator/hook/pythonpath.ps1'
[20.615s] INFO:colcon.colcon_core.shell:Creating environment descriptor '/home/lijiaqian/prak_ws/install/telemanipulator/share/telemanipulator/hook/pythonpath.dsv'
[20.616s] INFO:colcon.colcon_core.shell:Creating environment hook '/home/lijiaqian/prak_ws/install/telemanipulator/share/telemanipulator/hook/pythonpath.sh'
[20.618s] INFO:colcon.colcon_core.shell:Creating package script '/home/lijiaqian/prak_ws/install/telemanipulator/share/telemanipulator/package.ps1'
[20.619s] INFO:colcon.colcon_core.shell:Creating package descriptor '/home/lijiaqian/prak_ws/install/telemanipulator/share/telemanipulator/package.dsv'
[20.619s] INFO:colcon.colcon_core.shell:Creating package script '/home/lijiaqian/prak_ws/install/telemanipulator/share/telemanipulator/package.sh'
[20.620s] INFO:colcon.colcon_core.shell:Creating package script '/home/lijiaqian/prak_ws/install/telemanipulator/share/telemanipulator/package.bash'
[20.621s] INFO:colcon.colcon_core.shell:Creating package script '/home/lijiaqian/prak_ws/install/telemanipulator/share/telemanipulator/package.zsh'
[20.622s] Level 1:colcon.colcon_core.environment:create_file_with_runtime_dependencies(/home/lijiaqian/prak_ws/install/telemanipulator/share/colcon-core/packages/telemanipulator)
[20.623s] DEBUG:colcon.colcon_parallel_executor.executor.parallel:closing loop
[20.623s] DEBUG:colcon.colcon_parallel_executor.executor.parallel:loop closed
[20.623s] DEBUG:colcon.colcon_parallel_executor.executor.parallel:run_until_complete finished with '0'
[20.624s] DEBUG:colcon.colcon_core.event_reactor:joining thread
[20.636s] INFO:colcon.colcon_core.plugin_system:Skipping extension 'colcon_notification.desktop_notification.terminal_notifier': Not used on non-Darwin systems
[20.636s] INFO:colcon.colcon_core.plugin_system:Skipping extension 'colcon_notification.desktop_notification.win32': Not used on non-Windows systems
[20.636s] INFO:colcon.colcon_notification.desktop_notification:Sending desktop notification using 'notify2'
[20.661s] DEBUG:colcon.colcon_core.event_reactor:joined thread
[20.662s] INFO:colcon.colcon_core.shell:Creating prefix script '/home/lijiaqian/prak_ws/install/local_setup.ps1'
[20.664s] INFO:colcon.colcon_core.shell:Creating prefix util module '/home/lijiaqian/prak_ws/install/_local_setup_util_ps1.py'
[20.667s] INFO:colcon.colcon_core.shell:Creating prefix chain script '/home/lijiaqian/prak_ws/install/setup.ps1'
[20.678s] INFO:colcon.colcon_core.shell:Creating prefix script '/home/lijiaqian/prak_ws/install/local_setup.sh'
[20.679s] INFO:colcon.colcon_core.shell:Creating prefix util module '/home/lijiaqian/prak_ws/install/_local_setup_util_sh.py'
[20.682s] INFO:colcon.colcon_core.shell:Creating prefix chain script '/home/lijiaqian/prak_ws/install/setup.sh'
[20.695s] INFO:colcon.colcon_core.shell:Creating prefix script '/home/lijiaqian/prak_ws/install/local_setup.bash'
[20.696s] INFO:colcon.colcon_core.shell:Creating prefix chain script '/home/lijiaqian/prak_ws/install/setup.bash'
[20.708s] INFO:colcon.colcon_core.shell:Creating prefix script '/home/lijiaqian/prak_ws/install/local_setup.zsh'
[20.709s] INFO:colcon.colcon_core.shell:Creating prefix chain script '/home/lijiaqian/prak_ws/install/setup.zsh'
