[0.046s] Invoking command in '/home/lijiaqian/prak_ws/build/panda_description': CMAKE_PREFIX_PATH=${CMAKE_PREFIX_PATH}:/opt/ros/foxy /usr/bin/cmake --build /home/lijiaqian/prak_ws/build/panda_description -- -j3 -l3
[0.175s] Invoked command in '/home/lijiaqian/prak_ws/build/panda_description' returned '0': CMAKE_PREFIX_PATH=${CMAKE_PREFIX_PATH}:/opt/ros/foxy /usr/bin/cmake --build /home/lijiaqian/prak_ws/build/panda_description -- -j3 -l3
[0.311s] Invoking command in '/home/lijiaqian/prak_ws/build/panda_description': CMAKE_PREFIX_PATH=${CMAKE_PREFIX_PATH}:/opt/ros/foxy /usr/bin/cmake --install /home/lijiaqian/prak_ws/build/panda_description
[0.345s] -- Install configuration: ""
[0.345s] -- Up-to-date: /home/lijiaqian/prak_ws/install/panda_description/share/ament_index/resource_index/package_run_dependencies/panda_description
[0.346s] -- Up-to-date: /home/lijiaqian/prak_ws/install/panda_description/share/ament_index/resource_index/parent_prefix_path/panda_description
[0.346s] -- Up-to-date: /home/lijiaqian/prak_ws/install/panda_description/share/panda_description/environment/ament_prefix_path.sh
[0.346s] -- Up-to-date: /home/lijiaqian/prak_ws/install/panda_description/share/panda_description/environment/ament_prefix_path.dsv
[0.346s] -- Up-to-date: /home/lijiaqian/prak_ws/install/panda_description/share/panda_description/environment/path.sh
[0.346s] -- Up-to-date: /home/lijiaqian/prak_ws/install/panda_description/share/panda_description/environment/path.dsv
[0.346s] -- Up-to-date: /home/lijiaqian/prak_ws/install/panda_description/share/panda_description/local_setup.bash
[0.347s] -- Up-to-date: /home/lijiaqian/prak_ws/install/panda_description/share/panda_description/local_setup.sh
[0.347s] -- Up-to-date: /home/lijiaqian/prak_ws/install/panda_description/share/panda_description/local_setup.zsh
[0.347s] -- Up-to-date: /home/lijiaqian/prak_ws/install/panda_description/share/panda_description/local_setup.dsv
[0.347s] -- Installing: /home/lijiaqian/prak_ws/install/panda_description/share/panda_description/package.dsv
[0.348s] -- Up-to-date: /home/lijiaqian/prak_ws/install/panda_description/share/ament_index/resource_index/packages/panda_description
[0.348s] -- Up-to-date: /home/lijiaqian/prak_ws/install/panda_description/share/panda_description/cmake/panda_descriptionConfig.cmake
[0.348s] -- Up-to-date: /home/lijiaqian/prak_ws/install/panda_description/share/panda_description/cmake/panda_descriptionConfig-version.cmake
[0.349s] -- Up-to-date: /home/lijiaqian/prak_ws/install/panda_description/share/panda_description/package.xml
[0.349s] -- Up-to-date: /home/lijiaqian/prak_ws/install/panda_description/share/panda_description/meshes
[0.349s] -- Up-to-date: /home/lijiaqian/prak_ws/install/panda_description/share/panda_description/meshes/collision
[0.349s] -- Up-to-date: /home/lijiaqian/prak_ws/install/panda_description/share/panda_description/meshes/collision/link6.stl
[0.350s] -- Up-to-date: /home/lijiaqian/prak_ws/install/panda_description/share/panda_description/meshes/collision/link4.stl
[0.350s] -- Up-to-date: /home/lijiaqian/prak_ws/install/panda_description/share/panda_description/meshes/collision/link0.stl
[0.350s] -- Up-to-date: /home/lijiaqian/prak_ws/install/panda_description/share/panda_description/meshes/collision/link5.stl
[0.350s] -- Up-to-date: /home/lijiaqian/prak_ws/install/panda_description/share/panda_description/meshes/collision/hand.stl
[0.350s] -- Up-to-date: /home/lijiaqian/prak_ws/install/panda_description/share/panda_description/meshes/collision/link3.stl
[0.350s] -- Up-to-date: /home/lijiaqian/prak_ws/install/panda_description/share/panda_description/meshes/collision/link7.stl
[0.351s] -- Up-to-date: /home/lijiaqian/prak_ws/install/panda_description/share/panda_description/meshes/collision/finger.stl
[0.351s] -- Up-to-date: /home/lijiaqian/prak_ws/install/panda_description/share/panda_description/meshes/collision/link1.stl
[0.351s] -- Up-to-date: /home/lijiaqian/prak_ws/install/panda_description/share/panda_description/meshes/collision/link2.stl
[0.351s] -- Up-to-date: /home/lijiaqian/prak_ws/install/panda_description/share/panda_description/meshes/visual
[0.351s] -- Up-to-date: /home/lijiaqian/prak_ws/install/panda_description/share/panda_description/meshes/visual/link7.dae
[0.352s] -- Up-to-date: /home/lijiaqian/prak_ws/install/panda_description/share/panda_description/meshes/visual/link0.dae
[0.352s] -- Up-to-date: /home/lijiaqian/prak_ws/install/panda_description/share/panda_description/meshes/visual/hand.dae
[0.352s] -- Up-to-date: /home/lijiaqian/prak_ws/install/panda_description/share/panda_description/meshes/visual/link6.dae
[0.353s] -- Up-to-date: /home/lijiaqian/prak_ws/install/panda_description/share/panda_description/meshes/visual/finger.dae
[0.353s] -- Up-to-date: /home/lijiaqian/prak_ws/install/panda_description/share/panda_description/meshes/visual/link4.dae
[0.353s] -- Up-to-date: /home/lijiaqian/prak_ws/install/panda_description/share/panda_description/meshes/visual/link2.dae
[0.353s] -- Up-to-date: /home/lijiaqian/prak_ws/install/panda_description/share/panda_description/meshes/visual/link1.dae
[0.353s] -- Up-to-date: /home/lijiaqian/prak_ws/install/panda_description/share/panda_description/meshes/visual/link5.dae
[0.354s] -- Up-to-date: /home/lijiaqian/prak_ws/install/panda_description/share/panda_description/meshes/visual/link3.dae
[0.354s] -- Up-to-date: /home/lijiaqian/prak_ws/install/panda_description/share/panda_description/urdf
[0.354s] -- Up-to-date: /home/lijiaqian/prak_ws/install/panda_description/share/panda_description/urdf/panda.urdf
[0.354s] -- Up-to-date: /home/lijiaqian/prak_ws/install/panda_description/share/panda_description/urdf/panda_change_limits.urdf
[0.354s] -- Up-to-date: /home/lijiaqian/prak_ws/install/panda_description/share/panda_description/urdf/hera.urdf
[0.354s] -- Up-to-date: /home/lijiaqian/prak_ws/install/panda_description/share/panda_description/urdf/panda.srdf
[0.354s] -- Up-to-date: /home/lijiaqian/prak_ws/install/panda_description/share/panda_description/urdf2
[0.355s] -- Up-to-date: /home/lijiaqian/prak_ws/install/panda_description/share/panda_description/urdf2/hera_main.urdf.xacro
[0.355s] -- Up-to-date: /home/lijiaqian/prak_ws/install/panda_description/share/panda_description/urdf2/panda_tools
[0.355s] -- Up-to-date: /home/lijiaqian/prak_ws/install/panda_description/share/panda_description/urdf2/panda_tools/physical_milc
[0.355s] -- Up-to-date: /home/lijiaqian/prak_ws/install/panda_description/share/panda_description/urdf2/panda_tools/physical_milc/physical_milc.xacro
[0.355s] -- Up-to-date: /home/lijiaqian/prak_ws/install/panda_description/share/panda_description/urdf2/panda_tools/physical_milc/physical_milc.gazebo.xacro
[0.355s] -- Up-to-date: /home/lijiaqian/prak_ws/install/panda_description/share/panda_description/urdf2/panda_tools/physical_milc/physical_milc.transmission.xacro
[0.357s] -- Up-to-date: /home/lijiaqian/prak_ws/install/panda_description/share/panda_description/urdf2/panda_tools/milc
[0.358s] -- Up-to-date: /home/lijiaqian/prak_ws/install/panda_description/share/panda_description/urdf2/panda_tools/milc/milc.gazebo.xacro
[0.370s] -- Up-to-date: /home/lijiaqian/prak_ws/install/panda_description/share/panda_description/urdf2/panda_tools/milc/milc.transmission.xacro
[0.370s] -- Up-to-date: /home/lijiaqian/prak_ws/install/panda_description/share/panda_description/urdf2/panda_tools/milc/milc.xacro
[0.370s] -- Up-to-date: /home/lijiaqian/prak_ws/install/panda_description/share/panda_description/urdf2/panda_tools/panda_tool.xacro
[0.371s] -- Up-to-date: /home/lijiaqian/prak_ws/install/panda_description/share/panda_description/urdf2/hera.gazebo.xacro
[0.371s] -- Up-to-date: /home/lijiaqian/prak_ws/install/panda_description/share/panda_description/urdf2/hera_virtual.xacro
[0.372s] -- Up-to-date: /home/lijiaqian/prak_ws/install/panda_description/share/panda_description/urdf2/laparoscope
[0.372s] -- Up-to-date: /home/lijiaqian/prak_ws/install/panda_description/share/panda_description/urdf2/laparoscope/laparoscope.xacro
[0.372s] -- Up-to-date: /home/lijiaqian/prak_ws/install/panda_description/share/panda_description/urdf2/laparoscope/laparoscope.gazebo.xacro
[0.372s] -- Up-to-date: /home/lijiaqian/prak_ws/install/panda_description/share/panda_description/urdf2/laparoscope/laparoscope.transmission.xacro
[0.375s] -- Up-to-date: /home/lijiaqian/prak_ws/install/panda_description/share/panda_description/urdf2/hera_operating_theatre.xacro
[0.376s] -- Up-to-date: /home/lijiaqian/prak_ws/install/panda_description/share/panda_description/urdf2/open_help_phantom
[0.377s] -- Up-to-date: /home/lijiaqian/prak_ws/install/panda_description/share/panda_description/urdf2/open_help_phantom/open_help_phantom.gazebo.xacro
[0.377s] -- Up-to-date: /home/lijiaqian/prak_ws/install/panda_description/share/panda_description/urdf2/open_help_phantom/open_help_phantom.xacro
[0.377s] -- Up-to-date: /home/lijiaqian/prak_ws/install/panda_description/share/panda_description/urdf2/pig_phantom
[0.379s] -- Up-to-date: /home/lijiaqian/prak_ws/install/panda_description/share/panda_description/urdf2/pig_phantom/pig_phantom.xacro
[0.383s] -- Up-to-date: /home/lijiaqian/prak_ws/install/panda_description/share/panda_description/urdf2/pig_phantom/pig_phantom.gazebo.xacro
[0.385s] -- Up-to-date: /home/lijiaqian/prak_ws/install/panda_description/share/panda_description/urdf2/or_table
[0.385s] -- Up-to-date: /home/lijiaqian/prak_ws/install/panda_description/share/panda_description/urdf2/or_table/or_table.xacro
[0.385s] -- Up-to-date: /home/lijiaqian/prak_ws/install/panda_description/share/panda_description/urdf2/or_table/or_table.gazebo.xacro
[0.385s] -- Up-to-date: /home/lijiaqian/prak_ws/install/panda_description/share/panda_description/urdf2/panda
[0.385s] -- Up-to-date: /home/lijiaqian/prak_ws/install/panda_description/share/panda_description/urdf2/panda/panda.transmission.xacro
[0.386s] -- Up-to-date: /home/lijiaqian/prak_ws/install/panda_description/share/panda_description/urdf2/panda/panda.xacro
[0.386s] -- Up-to-date: /home/lijiaqian/prak_ws/install/panda_description/share/panda_description/urdf2/panda/panda.gazebo.xacro
[0.387s] -- Up-to-date: /home/lijiaqian/prak_ws/install/panda_description/share/panda_description/urdf2/panda/panda.srdf
[0.397s] -- Up-to-date: /home/lijiaqian/prak_ws/install/panda_description/share/panda_description/config
[0.397s] -- Up-to-date: /home/lijiaqian/prak_ws/install/panda_description/share/panda_description/config/panda_zeros.yaml
[0.397s] -- Up-to-date: /home/lijiaqian/prak_ws/install/panda_description/share/panda_description/config/panda_limits.yaml
[0.397s] -- Up-to-date: /home/lijiaqian/prak_ws/install/panda_description/share/panda_description/config/kinematics.yaml
[0.399s] Invoked command in '/home/lijiaqian/prak_ws/build/panda_description' returned '0': CMAKE_PREFIX_PATH=${CMAKE_PREFIX_PATH}:/opt/ros/foxy /usr/bin/cmake --install /home/lijiaqian/prak_ws/build/panda_description
