[  9%] Built target pivot_msg__rosidl_generator_c
[ 12%] Built target pivot_msg__cpp
[ 22%] Built target pivot_msg__rosidl_typesupport_introspection_c
[ 32%] Built target pivot_msg__rosidl_typesupport_c
[ 41%] Built target pivot_msg__rosidl_typesupport_cpp
[ 51%] Built target pivot_msg__rosidl_typesupport_introspection_cpp
[ 61%] Built target pivot_msg__rosidl_typesupport_fastrtps_cpp
[ 70%] Built target pivot_msg__rosidl_typesupport_fastrtps_c
[ 70%] Built target pivot_msg
[ 74%] Built target pivot_msg__py
[ 80%] Built target pivot_msg__python
[ 96%] Built target pivot_msg__rosidl_typesupport_c__pyext
[100%] Built target pivot_msg__rosidl_typesupport_fastrtps_c__pyext
[ 96%] Built target pivot_msg__rosidl_typesupport_introspection_c__pyext
-- Install configuration: ""
-- Up-to-date: /home/lijiaqian/prak_ws/install/pivot_msg/share/ament_index/resource_index/rosidl_interfaces/pivot_msg
-- Up-to-date: /home/lijiaqian/prak_ws/install/pivot_msg/include/pivot_msg
-- Up-to-date: /home/lijiaqian/prak_ws/install/pivot_msg/include/pivot_msg/msg
-- Up-to-date: /home/lijiaqian/prak_ws/install/pivot_msg/include/pivot_msg/msg/pivot.h
-- Up-to-date: /home/lijiaqian/prak_ws/install/pivot_msg/include/pivot_msg/msg/detail
-- Up-to-date: /home/lijiaqian/prak_ws/install/pivot_msg/include/pivot_msg/msg/detail/pivot__type_support.h
-- Up-to-date: /home/lijiaqian/prak_ws/install/pivot_msg/include/pivot_msg/msg/detail/pivot__functions.c
-- Up-to-date: /home/lijiaqian/prak_ws/install/pivot_msg/include/pivot_msg/msg/detail/pivot__functions.h
-- Up-to-date: /home/lijiaqian/prak_ws/install/pivot_msg/include/pivot_msg/msg/detail/pivot__struct.h
-- Up-to-date: /home/lijiaqian/prak_ws/install/pivot_msg/include/pivot_msg/msg/rosidl_generator_c__visibility_control.h
-- Up-to-date: /home/lijiaqian/prak_ws/install/pivot_msg/share/pivot_msg/environment/library_path.sh
-- Up-to-date: /home/lijiaqian/prak_ws/install/pivot_msg/share/pivot_msg/environment/library_path.dsv
-- Up-to-date: /home/lijiaqian/prak_ws/install/pivot_msg/lib/libpivot_msg__rosidl_generator_c.so
-- Up-to-date: /home/lijiaqian/prak_ws/install/pivot_msg/include/pivot_msg
-- Up-to-date: /home/lijiaqian/prak_ws/install/pivot_msg/include/pivot_msg/msg
-- Up-to-date: /home/lijiaqian/prak_ws/install/pivot_msg/include/pivot_msg/msg/detail
-- Up-to-date: /home/lijiaqian/prak_ws/install/pivot_msg/include/pivot_msg/msg/detail/pivot__rosidl_typesupport_fastrtps_c.h
-- Up-to-date: /home/lijiaqian/prak_ws/install/pivot_msg/include/pivot_msg/msg/rosidl_typesupport_fastrtps_c__visibility_control.h
-- Up-to-date: /home/lijiaqian/prak_ws/install/pivot_msg/lib/libpivot_msg__rosidl_typesupport_fastrtps_c.so
-- Up-to-date: /home/lijiaqian/prak_ws/install/pivot_msg/include/pivot_msg
-- Up-to-date: /home/lijiaqian/prak_ws/install/pivot_msg/include/pivot_msg/msg
-- Up-to-date: /home/lijiaqian/prak_ws/install/pivot_msg/include/pivot_msg/msg/detail
-- Up-to-date: /home/lijiaqian/prak_ws/install/pivot_msg/include/pivot_msg/msg/detail/dds_fastrtps
-- Up-to-date: /home/lijiaqian/prak_ws/install/pivot_msg/include/pivot_msg/msg/detail/pivot__rosidl_typesupport_fastrtps_cpp.hpp
-- Up-to-date: /home/lijiaqian/prak_ws/install/pivot_msg/include/pivot_msg/msg/rosidl_typesupport_fastrtps_cpp__visibility_control.h
-- Up-to-date: /home/lijiaqian/prak_ws/install/pivot_msg/lib/libpivot_msg__rosidl_typesupport_fastrtps_cpp.so
-- Up-to-date: /home/lijiaqian/prak_ws/install/pivot_msg/include/pivot_msg
-- Up-to-date: /home/lijiaqian/prak_ws/install/pivot_msg/include/pivot_msg/msg
-- Up-to-date: /home/lijiaqian/prak_ws/install/pivot_msg/include/pivot_msg/msg/rosidl_typesupport_introspection_c__visibility_control.h
-- Up-to-date: /home/lijiaqian/prak_ws/install/pivot_msg/include/pivot_msg/msg/detail
-- Up-to-date: /home/lijiaqian/prak_ws/install/pivot_msg/include/pivot_msg/msg/detail/pivot__rosidl_typesupport_introspection_c.h
-- Up-to-date: /home/lijiaqian/prak_ws/install/pivot_msg/include/pivot_msg/msg/detail/pivot__type_support.c
-- Up-to-date: /home/lijiaqian/prak_ws/install/pivot_msg/lib/libpivot_msg__rosidl_typesupport_introspection_c.so
-- Up-to-date: /home/lijiaqian/prak_ws/install/pivot_msg/lib/libpivot_msg__rosidl_typesupport_c.so
-- Up-to-date: /home/lijiaqian/prak_ws/install/pivot_msg/include/pivot_msg
-- Up-to-date: /home/lijiaqian/prak_ws/install/pivot_msg/include/pivot_msg/msg
-- Up-to-date: /home/lijiaqian/prak_ws/install/pivot_msg/include/pivot_msg/msg/pivot.hpp
-- Up-to-date: /home/lijiaqian/prak_ws/install/pivot_msg/include/pivot_msg/msg/detail
-- Up-to-date: /home/lijiaqian/prak_ws/install/pivot_msg/include/pivot_msg/msg/detail/pivot__traits.hpp
-- Up-to-date: /home/lijiaqian/prak_ws/install/pivot_msg/include/pivot_msg/msg/detail/pivot__struct.hpp
-- Up-to-date: /home/lijiaqian/prak_ws/install/pivot_msg/include/pivot_msg/msg/detail/pivot__builder.hpp
-- Up-to-date: /home/lijiaqian/prak_ws/install/pivot_msg/include/pivot_msg
-- Up-to-date: /home/lijiaqian/prak_ws/install/pivot_msg/include/pivot_msg/msg
-- Up-to-date: /home/lijiaqian/prak_ws/install/pivot_msg/include/pivot_msg/msg/detail
-- Up-to-date: /home/lijiaqian/prak_ws/install/pivot_msg/include/pivot_msg/msg/detail/pivot__type_support.cpp
-- Up-to-date: /home/lijiaqian/prak_ws/install/pivot_msg/include/pivot_msg/msg/detail/pivot__rosidl_typesupport_introspection_cpp.hpp
-- Up-to-date: /home/lijiaqian/prak_ws/install/pivot_msg/lib/libpivot_msg__rosidl_typesupport_introspection_cpp.so
-- Up-to-date: /home/lijiaqian/prak_ws/install/pivot_msg/lib/libpivot_msg__rosidl_typesupport_cpp.so
-- Up-to-date: /home/lijiaqian/prak_ws/install/pivot_msg/share/pivot_msg/environment/pythonpath.sh
-- Up-to-date: /home/lijiaqian/prak_ws/install/pivot_msg/share/pivot_msg/environment/pythonpath.dsv
-- Up-to-date: /home/lijiaqian/prak_ws/install/pivot_msg/lib/python3.8/site-packages/pivot_msg/__init__.py
-- Up-to-date: /home/lijiaqian/prak_ws/install/pivot_msg/lib/python3.8/site-packages/pivot_msg/msg
-- Up-to-date: /home/lijiaqian/prak_ws/install/pivot_msg/lib/python3.8/site-packages/pivot_msg/msg/_pivot_s.c
-- Up-to-date: /home/lijiaqian/prak_ws/install/pivot_msg/lib/python3.8/site-packages/pivot_msg/msg/__init__.py
-- Up-to-date: /home/lijiaqian/prak_ws/install/pivot_msg/lib/python3.8/site-packages/pivot_msg/msg/_pivot.py
-- Up-to-date: /home/lijiaqian/prak_ws/install/pivot_msg/lib/python3.8/site-packages/pivot_msg/pivot_msg_s__rosidl_typesupport_fastrtps_c.cpython-38-x86_64-linux-gnu.so
-- Up-to-date: /home/lijiaqian/prak_ws/install/pivot_msg/lib/python3.8/site-packages/pivot_msg/pivot_msg_s__rosidl_typesupport_introspection_c.cpython-38-x86_64-linux-gnu.so
-- Up-to-date: /home/lijiaqian/prak_ws/install/pivot_msg/lib/python3.8/site-packages/pivot_msg/pivot_msg_s__rosidl_typesupport_c.cpython-38-x86_64-linux-gnu.so
-- Up-to-date: /home/lijiaqian/prak_ws/install/pivot_msg/lib/libpivot_msg__python.so
-- Up-to-date: /home/lijiaqian/prak_ws/install/pivot_msg/share/pivot_msg/msg/Pivot.idl
-- Up-to-date: /home/lijiaqian/prak_ws/install/pivot_msg/share/pivot_msg/msg/Pivot.msg
-- Up-to-date: /home/lijiaqian/prak_ws/install/pivot_msg/share/ament_index/resource_index/package_run_dependencies/pivot_msg
-- Up-to-date: /home/lijiaqian/prak_ws/install/pivot_msg/share/ament_index/resource_index/parent_prefix_path/pivot_msg
-- Up-to-date: /home/lijiaqian/prak_ws/install/pivot_msg/share/pivot_msg/environment/ament_prefix_path.sh
-- Up-to-date: /home/lijiaqian/prak_ws/install/pivot_msg/share/pivot_msg/environment/ament_prefix_path.dsv
-- Up-to-date: /home/lijiaqian/prak_ws/install/pivot_msg/share/pivot_msg/environment/path.sh
-- Up-to-date: /home/lijiaqian/prak_ws/install/pivot_msg/share/pivot_msg/environment/path.dsv
-- Up-to-date: /home/lijiaqian/prak_ws/install/pivot_msg/share/pivot_msg/local_setup.bash
-- Up-to-date: /home/lijiaqian/prak_ws/install/pivot_msg/share/pivot_msg/local_setup.sh
-- Up-to-date: /home/lijiaqian/prak_ws/install/pivot_msg/share/pivot_msg/local_setup.zsh
-- Up-to-date: /home/lijiaqian/prak_ws/install/pivot_msg/share/pivot_msg/local_setup.dsv
-- Installing: /home/lijiaqian/prak_ws/install/pivot_msg/share/pivot_msg/package.dsv
-- Up-to-date: /home/lijiaqian/prak_ws/install/pivot_msg/share/ament_index/resource_index/packages/pivot_msg
-- Up-to-date: /home/lijiaqian/prak_ws/install/pivot_msg/share/pivot_msg/cmake/pivot_msg__rosidl_generator_cExport.cmake
-- Up-to-date: /home/lijiaqian/prak_ws/install/pivot_msg/share/pivot_msg/cmake/pivot_msg__rosidl_generator_cExport-noconfig.cmake
-- Up-to-date: /home/lijiaqian/prak_ws/install/pivot_msg/share/pivot_msg/cmake/pivot_msg__rosidl_typesupport_introspection_cExport.cmake
-- Up-to-date: /home/lijiaqian/prak_ws/install/pivot_msg/share/pivot_msg/cmake/pivot_msg__rosidl_typesupport_introspection_cExport-noconfig.cmake
-- Up-to-date: /home/lijiaqian/prak_ws/install/pivot_msg/share/pivot_msg/cmake/pivot_msg__rosidl_typesupport_cExport.cmake
-- Up-to-date: /home/lijiaqian/prak_ws/install/pivot_msg/share/pivot_msg/cmake/pivot_msg__rosidl_typesupport_cExport-noconfig.cmake
-- Up-to-date: /home/lijiaqian/prak_ws/install/pivot_msg/share/pivot_msg/cmake/pivot_msg__rosidl_generator_cppExport.cmake
-- Up-to-date: /home/lijiaqian/prak_ws/install/pivot_msg/share/pivot_msg/cmake/pivot_msg__rosidl_typesupport_introspection_cppExport.cmake
-- Up-to-date: /home/lijiaqian/prak_ws/install/pivot_msg/share/pivot_msg/cmake/pivot_msg__rosidl_typesupport_introspection_cppExport-noconfig.cmake
-- Up-to-date: /home/lijiaqian/prak_ws/install/pivot_msg/share/pivot_msg/cmake/pivot_msg__rosidl_typesupport_cppExport.cmake
-- Up-to-date: /home/lijiaqian/prak_ws/install/pivot_msg/share/pivot_msg/cmake/pivot_msg__rosidl_typesupport_cppExport-noconfig.cmake
-- Up-to-date: /home/lijiaqian/prak_ws/install/pivot_msg/share/pivot_msg/cmake/rosidl_cmake-extras.cmake
-- Up-to-date: /home/lijiaqian/prak_ws/install/pivot_msg/share/pivot_msg/cmake/ament_cmake_export_dependencies-extras.cmake
-- Up-to-date: /home/lijiaqian/prak_ws/install/pivot_msg/share/pivot_msg/cmake/ament_cmake_export_libraries-extras.cmake
-- Up-to-date: /home/lijiaqian/prak_ws/install/pivot_msg/share/pivot_msg/cmake/ament_cmake_export_targets-extras.cmake
-- Up-to-date: /home/lijiaqian/prak_ws/install/pivot_msg/share/pivot_msg/cmake/ament_cmake_export_include_directories-extras.cmake
-- Up-to-date: /home/lijiaqian/prak_ws/install/pivot_msg/share/pivot_msg/cmake/rosidl_cmake_export_typesupport_libraries-extras.cmake
-- Up-to-date: /home/lijiaqian/prak_ws/install/pivot_msg/share/pivot_msg/cmake/rosidl_cmake_export_typesupport_targets-extras.cmake
-- Up-to-date: /home/lijiaqian/prak_ws/install/pivot_msg/share/pivot_msg/cmake/pivot_msgConfig.cmake
-- Up-to-date: /home/lijiaqian/prak_ws/install/pivot_msg/share/pivot_msg/cmake/pivot_msgConfig-version.cmake
-- Up-to-date: /home/lijiaqian/prak_ws/install/pivot_msg/share/pivot_msg/package.xml
