[0.037s] Invoking command in '/home/lijiaqian/prak_ws/build/pivot_msg': CMAKE_PREFIX_PATH=${CMAKE_PREFIX_PATH}:/opt/ros/foxy /usr/bin/cmake --build /home/lijiaqian/prak_ws/build/pivot_msg -- -j3 -l3
[0.185s] [  3%] Built target pivot_msg__cpp
[0.256s] [ 12%] Built target pivot_msg__rosidl_generator_c
[0.311s] [ 22%] Built target pivot_msg__rosidl_typesupport_fastrtps_cpp
[0.418s] [ 32%] Built target pivot_msg__rosidl_typesupport_introspection_cpp
[0.454s] [ 41%] Built target pivot_msg__rosidl_typesupport_fastrtps_c
[0.518s] [ 51%] Built target pivot_msg__rosidl_typesupport_introspection_c
[0.564s] [ 61%] Built target pivot_msg__rosidl_typesupport_c
[0.605s] [ 70%] Built target pivot_msg__rosidl_typesupport_cpp
[0.646s] [ 70%] Built target pivot_msg
[0.706s] [ 74%] Built target pivot_msg__py
[0.770s] [ 80%] Built target pivot_msg__python
[0.854s] [ 87%] Built target pivot_msg__rosidl_typesupport_introspection_c__pyext
[0.919s] [ 93%] Built target pivot_msg__rosidl_typesupport_c__pyext
[0.982s] [100%] Built target pivot_msg__rosidl_typesupport_fastrtps_c__pyext
[1.009s] Invoked command in '/home/lijiaqian/prak_ws/build/pivot_msg' returned '0': CMAKE_PREFIX_PATH=${CMAKE_PREFIX_PATH}:/opt/ros/foxy /usr/bin/cmake --build /home/lijiaqian/prak_ws/build/pivot_msg -- -j3 -l3
[1.256s] Invoking command in '/home/lijiaqian/prak_ws/build/pivot_msg': CMAKE_PREFIX_PATH=${CMAKE_PREFIX_PATH}:/opt/ros/foxy /usr/bin/cmake --install /home/lijiaqian/prak_ws/build/pivot_msg
[1.277s] -- Install configuration: ""
[1.277s] -- Up-to-date: /home/lijiaqian/prak_ws/install/pivot_msg/share/ament_index/resource_index/rosidl_interfaces/pivot_msg
[1.279s] -- Up-to-date: /home/lijiaqian/prak_ws/install/pivot_msg/include/pivot_msg
[1.279s] -- Up-to-date: /home/lijiaqian/prak_ws/install/pivot_msg/include/pivot_msg/msg
[1.279s] -- Up-to-date: /home/lijiaqian/prak_ws/install/pivot_msg/include/pivot_msg/msg/pivot.h
[1.279s] -- Up-to-date: /home/lijiaqian/prak_ws/install/pivot_msg/include/pivot_msg/msg/detail
[1.279s] -- Up-to-date: /home/lijiaqian/prak_ws/install/pivot_msg/include/pivot_msg/msg/detail/pivot__type_support.h
[1.279s] -- Up-to-date: /home/lijiaqian/prak_ws/install/pivot_msg/include/pivot_msg/msg/detail/pivot__functions.c
[1.280s] -- Up-to-date: /home/lijiaqian/prak_ws/install/pivot_msg/include/pivot_msg/msg/detail/pivot__functions.h
[1.280s] -- Up-to-date: /home/lijiaqian/prak_ws/install/pivot_msg/include/pivot_msg/msg/detail/pivot__struct.h
[1.280s] -- Up-to-date: /home/lijiaqian/prak_ws/install/pivot_msg/include/pivot_msg/msg/rosidl_generator_c__visibility_control.h
[1.280s] -- Up-to-date: /home/lijiaqian/prak_ws/install/pivot_msg/share/pivot_msg/environment/library_path.sh
[1.280s] -- Up-to-date: /home/lijiaqian/prak_ws/install/pivot_msg/share/pivot_msg/environment/library_path.dsv
[1.280s] -- Up-to-date: /home/lijiaqian/prak_ws/install/pivot_msg/lib/libpivot_msg__rosidl_generator_c.so
[1.280s] -- Up-to-date: /home/lijiaqian/prak_ws/install/pivot_msg/include/pivot_msg
[1.280s] -- Up-to-date: /home/lijiaqian/prak_ws/install/pivot_msg/include/pivot_msg/msg
[1.280s] -- Up-to-date: /home/lijiaqian/prak_ws/install/pivot_msg/include/pivot_msg/msg/detail
[1.280s] -- Up-to-date: /home/lijiaqian/prak_ws/install/pivot_msg/include/pivot_msg/msg/detail/pivot__rosidl_typesupport_fastrtps_c.h
[1.280s] -- Up-to-date: /home/lijiaqian/prak_ws/install/pivot_msg/include/pivot_msg/msg/rosidl_typesupport_fastrtps_c__visibility_control.h
[1.280s] -- Up-to-date: /home/lijiaqian/prak_ws/install/pivot_msg/lib/libpivot_msg__rosidl_typesupport_fastrtps_c.so
[1.280s] -- Up-to-date: /home/lijiaqian/prak_ws/install/pivot_msg/include/pivot_msg
[1.280s] -- Up-to-date: /home/lijiaqian/prak_ws/install/pivot_msg/include/pivot_msg/msg
[1.280s] -- Up-to-date: /home/lijiaqian/prak_ws/install/pivot_msg/include/pivot_msg/msg/detail
[1.281s] -- Up-to-date: /home/lijiaqian/prak_ws/install/pivot_msg/include/pivot_msg/msg/detail/dds_fastrtps
[1.281s] -- Up-to-date: /home/lijiaqian/prak_ws/install/pivot_msg/include/pivot_msg/msg/detail/pivot__rosidl_typesupport_fastrtps_cpp.hpp
[1.281s] -- Up-to-date: /home/lijiaqian/prak_ws/install/pivot_msg/include/pivot_msg/msg/rosidl_typesupport_fastrtps_cpp__visibility_control.h
[1.281s] -- Up-to-date: /home/lijiaqian/prak_ws/install/pivot_msg/lib/libpivot_msg__rosidl_typesupport_fastrtps_cpp.so
[1.281s] -- Up-to-date: /home/lijiaqian/prak_ws/install/pivot_msg/include/pivot_msg
[1.282s] -- Up-to-date: /home/lijiaqian/prak_ws/install/pivot_msg/include/pivot_msg/msg
[1.282s] -- Up-to-date: /home/lijiaqian/prak_ws/install/pivot_msg/include/pivot_msg/msg/rosidl_typesupport_introspection_c__visibility_control.h
[1.282s] -- Up-to-date: /home/lijiaqian/prak_ws/install/pivot_msg/include/pivot_msg/msg/detail
[1.282s] -- Up-to-date: /home/lijiaqian/prak_ws/install/pivot_msg/include/pivot_msg/msg/detail/pivot__rosidl_typesupport_introspection_c.h
[1.283s] -- Up-to-date: /home/lijiaqian/prak_ws/install/pivot_msg/include/pivot_msg/msg/detail/pivot__type_support.c
[1.283s] -- Up-to-date: /home/lijiaqian/prak_ws/install/pivot_msg/lib/libpivot_msg__rosidl_typesupport_introspection_c.so
[1.283s] -- Up-to-date: /home/lijiaqian/prak_ws/install/pivot_msg/lib/libpivot_msg__rosidl_typesupport_c.so
[1.283s] -- Up-to-date: /home/lijiaqian/prak_ws/install/pivot_msg/include/pivot_msg
[1.283s] -- Up-to-date: /home/lijiaqian/prak_ws/install/pivot_msg/include/pivot_msg/msg
[1.283s] -- Up-to-date: /home/lijiaqian/prak_ws/install/pivot_msg/include/pivot_msg/msg/pivot.hpp
[1.283s] -- Up-to-date: /home/lijiaqian/prak_ws/install/pivot_msg/include/pivot_msg/msg/detail
[1.283s] -- Up-to-date: /home/lijiaqian/prak_ws/install/pivot_msg/include/pivot_msg/msg/detail/pivot__traits.hpp
[1.287s] -- Up-to-date: /home/lijiaqian/prak_ws/install/pivot_msg/include/pivot_msg/msg/detail/pivot__struct.hpp
[1.287s] -- Up-to-date: /home/lijiaqian/prak_ws/install/pivot_msg/include/pivot_msg/msg/detail/pivot__builder.hpp
[1.287s] -- Up-to-date: /home/lijiaqian/prak_ws/install/pivot_msg/include/pivot_msg
[1.290s] -- Up-to-date: /home/lijiaqian/prak_ws/install/pivot_msg/include/pivot_msg/msg
[1.291s] -- Up-to-date: /home/lijiaqian/prak_ws/install/pivot_msg/include/pivot_msg/msg/detail
[1.291s] -- Up-to-date: /home/lijiaqian/prak_ws/install/pivot_msg/include/pivot_msg/msg/detail/pivot__type_support.cpp
[1.291s] -- Up-to-date: /home/lijiaqian/prak_ws/install/pivot_msg/include/pivot_msg/msg/detail/pivot__rosidl_typesupport_introspection_cpp.hpp
[1.291s] -- Up-to-date: /home/lijiaqian/prak_ws/install/pivot_msg/lib/libpivot_msg__rosidl_typesupport_introspection_cpp.so
[1.291s] -- Up-to-date: /home/lijiaqian/prak_ws/install/pivot_msg/lib/libpivot_msg__rosidl_typesupport_cpp.so
[1.291s] -- Up-to-date: /home/lijiaqian/prak_ws/install/pivot_msg/share/pivot_msg/environment/pythonpath.sh
[1.292s] -- Up-to-date: /home/lijiaqian/prak_ws/install/pivot_msg/share/pivot_msg/environment/pythonpath.dsv
[1.292s] -- Up-to-date: /home/lijiaqian/prak_ws/install/pivot_msg/lib/python3.8/site-packages/pivot_msg/__init__.py
[1.356s] -- Up-to-date: /home/lijiaqian/prak_ws/install/pivot_msg/lib/python3.8/site-packages/pivot_msg/msg
[1.356s] -- Up-to-date: /home/lijiaqian/prak_ws/install/pivot_msg/lib/python3.8/site-packages/pivot_msg/msg/_pivot_s.c
[1.357s] -- Up-to-date: /home/lijiaqian/prak_ws/install/pivot_msg/lib/python3.8/site-packages/pivot_msg/msg/__init__.py
[1.357s] -- Up-to-date: /home/lijiaqian/prak_ws/install/pivot_msg/lib/python3.8/site-packages/pivot_msg/msg/_pivot.py
[1.357s] -- Up-to-date: /home/lijiaqian/prak_ws/install/pivot_msg/lib/python3.8/site-packages/pivot_msg/pivot_msg_s__rosidl_typesupport_fastrtps_c.cpython-38-x86_64-linux-gnu.so
[1.357s] -- Up-to-date: /home/lijiaqian/prak_ws/install/pivot_msg/lib/python3.8/site-packages/pivot_msg/pivot_msg_s__rosidl_typesupport_introspection_c.cpython-38-x86_64-linux-gnu.so
[1.359s] -- Up-to-date: /home/lijiaqian/prak_ws/install/pivot_msg/lib/python3.8/site-packages/pivot_msg/pivot_msg_s__rosidl_typesupport_c.cpython-38-x86_64-linux-gnu.so
[1.360s] -- Up-to-date: /home/lijiaqian/prak_ws/install/pivot_msg/lib/libpivot_msg__python.so
[1.360s] -- Up-to-date: /home/lijiaqian/prak_ws/install/pivot_msg/share/pivot_msg/msg/Pivot.idl
[1.361s] -- Up-to-date: /home/lijiaqian/prak_ws/install/pivot_msg/share/pivot_msg/msg/Pivot.msg
[1.361s] -- Up-to-date: /home/lijiaqian/prak_ws/install/pivot_msg/share/ament_index/resource_index/package_run_dependencies/pivot_msg
[1.361s] -- Up-to-date: /home/lijiaqian/prak_ws/install/pivot_msg/share/ament_index/resource_index/parent_prefix_path/pivot_msg
[1.361s] -- Up-to-date: /home/lijiaqian/prak_ws/install/pivot_msg/share/pivot_msg/environment/ament_prefix_path.sh
[1.362s] -- Up-to-date: /home/lijiaqian/prak_ws/install/pivot_msg/share/pivot_msg/environment/ament_prefix_path.dsv
[1.362s] -- Up-to-date: /home/lijiaqian/prak_ws/install/pivot_msg/share/pivot_msg/environment/path.sh
[1.362s] -- Up-to-date: /home/lijiaqian/prak_ws/install/pivot_msg/share/pivot_msg/environment/path.dsv
[1.362s] -- Up-to-date: /home/lijiaqian/prak_ws/install/pivot_msg/share/pivot_msg/local_setup.bash
[1.362s] -- Up-to-date: /home/lijiaqian/prak_ws/install/pivot_msg/share/pivot_msg/local_setup.sh
[1.362s] -- Up-to-date: /home/lijiaqian/prak_ws/install/pivot_msg/share/pivot_msg/local_setup.zsh
[1.363s] -- Up-to-date: /home/lijiaqian/prak_ws/install/pivot_msg/share/pivot_msg/local_setup.dsv
[1.363s] -- Installing: /home/lijiaqian/prak_ws/install/pivot_msg/share/pivot_msg/package.dsv
[1.363s] -- Up-to-date: /home/lijiaqian/prak_ws/install/pivot_msg/share/ament_index/resource_index/packages/pivot_msg
[1.363s] -- Up-to-date: /home/lijiaqian/prak_ws/install/pivot_msg/share/pivot_msg/cmake/pivot_msg__rosidl_generator_cExport.cmake
[1.363s] -- Up-to-date: /home/lijiaqian/prak_ws/install/pivot_msg/share/pivot_msg/cmake/pivot_msg__rosidl_generator_cExport-noconfig.cmake
[1.363s] -- Up-to-date: /home/lijiaqian/prak_ws/install/pivot_msg/share/pivot_msg/cmake/pivot_msg__rosidl_typesupport_introspection_cExport.cmake
[1.363s] -- Up-to-date: /home/lijiaqian/prak_ws/install/pivot_msg/share/pivot_msg/cmake/pivot_msg__rosidl_typesupport_introspection_cExport-noconfig.cmake
[1.363s] -- Up-to-date: /home/lijiaqian/prak_ws/install/pivot_msg/share/pivot_msg/cmake/pivot_msg__rosidl_typesupport_cExport.cmake
[1.363s] -- Up-to-date: /home/lijiaqian/prak_ws/install/pivot_msg/share/pivot_msg/cmake/pivot_msg__rosidl_typesupport_cExport-noconfig.cmake
[1.364s] -- Up-to-date: /home/lijiaqian/prak_ws/install/pivot_msg/share/pivot_msg/cmake/pivot_msg__rosidl_generator_cppExport.cmake
[1.364s] -- Up-to-date: /home/lijiaqian/prak_ws/install/pivot_msg/share/pivot_msg/cmake/pivot_msg__rosidl_typesupport_introspection_cppExport.cmake
[1.367s] -- Up-to-date: /home/lijiaqian/prak_ws/install/pivot_msg/share/pivot_msg/cmake/pivot_msg__rosidl_typesupport_introspection_cppExport-noconfig.cmake
[1.368s] -- Up-to-date: /home/lijiaqian/prak_ws/install/pivot_msg/share/pivot_msg/cmake/pivot_msg__rosidl_typesupport_cppExport.cmake
[1.369s] -- Up-to-date: /home/lijiaqian/prak_ws/install/pivot_msg/share/pivot_msg/cmake/pivot_msg__rosidl_typesupport_cppExport-noconfig.cmake
[1.369s] -- Up-to-date: /home/lijiaqian/prak_ws/install/pivot_msg/share/pivot_msg/cmake/rosidl_cmake-extras.cmake
[1.369s] -- Up-to-date: /home/lijiaqian/prak_ws/install/pivot_msg/share/pivot_msg/cmake/ament_cmake_export_dependencies-extras.cmake
[1.379s] -- Up-to-date: /home/lijiaqian/prak_ws/install/pivot_msg/share/pivot_msg/cmake/ament_cmake_export_libraries-extras.cmake
[1.380s] -- Up-to-date: /home/lijiaqian/prak_ws/install/pivot_msg/share/pivot_msg/cmake/ament_cmake_export_targets-extras.cmake
[1.380s] -- Up-to-date: /home/lijiaqian/prak_ws/install/pivot_msg/share/pivot_msg/cmake/ament_cmake_export_include_directories-extras.cmake
[1.380s] -- Up-to-date: /home/lijiaqian/prak_ws/install/pivot_msg/share/pivot_msg/cmake/rosidl_cmake_export_typesupport_libraries-extras.cmake
[1.381s] -- Up-to-date: /home/lijiaqian/prak_ws/install/pivot_msg/share/pivot_msg/cmake/rosidl_cmake_export_typesupport_targets-extras.cmake
[1.381s] -- Up-to-date: /home/lijiaqian/prak_ws/install/pivot_msg/share/pivot_msg/cmake/pivot_msgConfig.cmake
[1.381s] -- Up-to-date: /home/lijiaqian/prak_ws/install/pivot_msg/share/pivot_msg/cmake/pivot_msgConfig-version.cmake
[1.381s] -- Up-to-date: /home/lijiaqian/prak_ws/install/pivot_msg/share/pivot_msg/package.xml
[1.382s] Invoked command in '/home/lijiaqian/prak_ws/build/pivot_msg' returned '0': CMAKE_PREFIX_PATH=${CMAKE_PREFIX_PATH}:/opt/ros/foxy /usr/bin/cmake --install /home/lijiaqian/prak_ws/build/pivot_msg
